#
# There is insufficient memory for the Java Runtime Environment to continue.
# Native memory allocation (malloc) failed to allocate 131088 bytes for Chunk::new
# Possible reasons:
#   The system is out of physical RAM or swap space
#   The process is running with CompressedOops enabled, and the Java Heap may be blocking the growth of the native heap
# Possible solutions:
#   Reduce memory load on the system
#   Increase physical memory or swap space
#   Check if swap backing store is full
#   Decrease Java heap size (-Xmx/-Xms)
#   Decrease number of Java threads
#   Decrease Java thread stack sizes (-Xss)
#   Set larger code cache with -XX:ReservedCodeCacheSize=
#   JVM is running with Unscaled Compressed Oops mode in which the Java heap is
#     placed in the first 4GB address space. The Java Heap base address is the
#     maximum limit for the native heap growth. Please use -XX:HeapBaseMinAddress
#     to set the Java Heap base and to place the Java Heap above 4GB virtual address.
# This output file may be truncated or incomplete.
#
#  Out of Memory Error (./src/hotspot/share/memory/arena.cpp:197), pid=30212, tid=30264
#
# JRE version: OpenJDK Runtime Environment (11.0.12+7) (build 11.0.12+7-b1504.28-7817840)
# Java VM: OpenJDK 64-Bit Server VM (11.0.12+7-b1504.28-7817840, mixed mode, tiered, compressed oops, g1 gc, windows-amd64)
# No core dump will be written. Minidumps are not enabled by default on client versions of Windows
#

---------------  S U M M A R Y ------------

Command Line: --add-opens=java.base/java.util=ALL-UNNAMED --add-opens=java.base/java.lang=ALL-UNNAMED --add-opens=java.base/java.lang.invoke=ALL-UNNAMED --add-opens=java.base/java.util=ALL-UNNAMED --add-opens=java.prefs/java.util.prefs=ALL-UNNAMED --add-opens=java.prefs/java.util.prefs=ALL-UNNAMED --add-opens=java.base/java.nio.charset=ALL-UNNAMED --add-opens=java.base/java.net=ALL-UNNAMED --add-opens=java.base/java.util.concurrent.atomic=ALL-UNNAMED -Xmx2048m -Dfile.encoding=UTF-8 -Duser.country=US -Duser.language=en -Duser.variant org.gradle.launcher.daemon.bootstrap.GradleDaemon 7.3.3

Host: 11th Gen Intel(R) Core(TM) i7-1165G7 @ 2.80GHz, 8 cores, 15G,  Windows 10 , 64 bit Build 22621 (10.0.22621.1635)
Time: Sat Jun  3 22:44:14 2023 E. Africa Standard Time elapsed time: 8.708117 seconds (0d 0h 0m 8s)

---------------  T H R E A D  ---------------

Current thread (0x000001f3418ce000):  JavaThread "C2 CompilerThread1" daemon [_thread_in_native, id=30264, stack(0x00000055ca300000,0x00000055ca400000)]


Current CompileTask:
C2:   8708 2660       4       jdk.internal.loader.URLClassPath::getResource (74 bytes)

Stack: [0x00000055ca300000,0x00000055ca400000]
Native frames: (J=compiled Java code, j=interpreted, Vv=VM code, C=native code)
V  [jvm.dll+0x5fbcea]
V  [jvm.dll+0x731905]
V  [jvm.dll+0x732f1d]
V  [jvm.dll+0x7335d3]
V  [jvm.dll+0x247bf8]
V  [jvm.dll+0xc018c]
V  [jvm.dll+0xc06cc]
V  [jvm.dll+0xc02cc]
V  [jvm.dll+0x6282e0]
V  [jvm.dll+0x2095f3]
V  [jvm.dll+0x2015c2]
V  [jvm.dll+0x1ff71f]
V  [jvm.dll+0x18868c]
V  [jvm.dll+0x20e0d7]
V  [jvm.dll+0x20c901]
V  [jvm.dll+0x6f9b7f]
V  [jvm.dll+0x6f26a5]
V  [jvm.dll+0x5fabf6]
C  [ucrtbase.dll+0x29363]
C  [KERNEL32.DLL+0x126ad]
C  [ntdll.dll+0x5a9f8]


---------------  P R O C E S S  ---------------

Threads class SMR info:
_java_thread_list=0x000001f3428508a0, length=32, elements={
0x000001f325a99000, 0x000001f3407a5800, 0x000001f3407a7800, 0x000001f3407b1000,
0x000001f340800800, 0x000001f340803800, 0x000001f340806000, 0x000001f34080c000,
0x000001f34080e800, 0x000001f340970000, 0x000001f341cfb000, 0x000001f340ab3800,
0x000001f341ff3000, 0x000001f342756000, 0x000001f3430d9800, 0x000001f342429000,
0x000001f3433f6800, 0x000001f343315800, 0x000001f342337800, 0x000001f3434c4000,
0x000001f3434c7000, 0x000001f3434c8000, 0x000001f3434c3000, 0x000001f3434c9800,
0x000001f3434c4800, 0x000001f3434c5800, 0x000001f3434c6800, 0x000001f3434c9000,
0x000001f345cab000, 0x000001f345ca5800, 0x000001f3418ce000, 0x000001f343492000
}

Java Threads: ( => current thread )
  0x000001f325a99000 JavaThread "main" [_thread_blocked, id=3608, stack(0x00000055c7d00000,0x00000055c7e00000)]
  0x000001f3407a5800 JavaThread "Reference Handler" daemon [_thread_blocked, id=23448, stack(0x00000055c8400000,0x00000055c8500000)]
  0x000001f3407a7800 JavaThread "Finalizer" daemon [_thread_blocked, id=26940, stack(0x00000055c8500000,0x00000055c8600000)]
  0x000001f3407b1000 JavaThread "Signal Dispatcher" daemon [_thread_blocked, id=11712, stack(0x00000055c8600000,0x00000055c8700000)]
  0x000001f340800800 JavaThread "Attach Listener" daemon [_thread_blocked, id=30404, stack(0x00000055c8700000,0x00000055c8800000)]
  0x000001f340803800 JavaThread "Service Thread" daemon [_thread_blocked, id=31376, stack(0x00000055c8800000,0x00000055c8900000)]
  0x000001f340806000 JavaThread "C2 CompilerThread0" daemon [_thread_in_native, id=30380, stack(0x00000055c8900000,0x00000055c8a00000)]
  0x000001f34080c000 JavaThread "C1 CompilerThread0" daemon [_thread_blocked, id=9360, stack(0x00000055c8a00000,0x00000055c8b00000)]
  0x000001f34080e800 JavaThread "Sweeper thread" daemon [_thread_blocked, id=27504, stack(0x00000055c8b00000,0x00000055c8c00000)]
  0x000001f340970000 JavaThread "Common-Cleaner" daemon [_thread_blocked, id=6116, stack(0x00000055c8c00000,0x00000055c8d00000)]
  0x000001f341cfb000 JavaThread "Daemon health stats" [_thread_blocked, id=25360, stack(0x00000055c9500000,0x00000055c9600000)]
  0x000001f340ab3800 JavaThread "Incoming local TCP Connector on port 64049" [_thread_in_native, id=8032, stack(0x00000055c8e00000,0x00000055c8f00000)]
  0x000001f341ff3000 JavaThread "Daemon periodic checks" [_thread_blocked, id=25012, stack(0x00000055c9400000,0x00000055c9500000)]
  0x000001f342756000 JavaThread "Daemon" [_thread_blocked, id=32200, stack(0x00000055c9600000,0x00000055c9700000)]
  0x000001f3430d9800 JavaThread "Handler for socket connection from /127.0.0.1:64049 to /127.0.0.1:64050" [_thread_in_native, id=3356, stack(0x00000055c9700000,0x00000055c9800000)]
  0x000001f342429000 JavaThread "Cancel handler" [_thread_blocked, id=32728, stack(0x00000055c9800000,0x00000055c9900000)]
  0x000001f3433f6800 JavaThread "Daemon worker" [_thread_in_vm, id=25156, stack(0x00000055c9900000,0x00000055c9a00000)]
  0x000001f343315800 JavaThread "Asynchronous log dispatcher for DefaultDaemonConnection: socket connection from /127.0.0.1:64049 to /127.0.0.1:64050" [_thread_blocked, id=6200, stack(0x00000055c9a00000,0x00000055c9b00000)]
  0x000001f342337800 JavaThread "Stdin handler" [_thread_blocked, id=29508, stack(0x00000055c9b00000,0x00000055c9c00000)]
  0x000001f3434c4000 JavaThread "Daemon client event forwarder" [_thread_blocked, id=30452, stack(0x00000055c9c00000,0x00000055c9d00000)]
  0x000001f3434c7000 JavaThread "Cache worker for journal cache (C:\Users\HP\Desktop\Android Projects\WeatherApp-master\caches\journal-1)" [_thread_blocked, id=13104, stack(0x00000055c9d00000,0x00000055c9e00000)]
  0x000001f3434c8000 JavaThread "File lock request listener" [_thread_in_native, id=29736, stack(0x00000055c9e00000,0x00000055c9f00000)]
  0x000001f3434c3000 JavaThread "Cache worker for file hash cache (C:\Users\HP\Desktop\Android Projects\WeatherApp-master\caches\7.3.3\fileHashes)" [_thread_blocked, id=27528, stack(0x00000055c9f00000,0x00000055ca000000)]
  0x000001f3434c9800 JavaThread "Cache worker for file hash cache (C:\Users\HP\AndroidStudioProjects\Spy\.gradle\7.3.3\fileHashes)" [_thread_blocked, id=32620, stack(0x00000055ca400000,0x00000055ca500000)]
  0x000001f3434c4800 JavaThread "File watcher server" daemon [_thread_in_native, id=7152, stack(0x00000055ca500000,0x00000055ca600000)]
  0x000001f3434c5800 JavaThread "File watcher consumer" daemon [_thread_blocked, id=32300, stack(0x00000055ca600000,0x00000055ca700000)]
  0x000001f3434c6800 JavaThread "Cache worker for checksums cache (C:\Users\HP\AndroidStudioProjects\Spy\.gradle\7.3.3\checksums)" [_thread_blocked, id=32128, stack(0x00000055ca700000,0x00000055ca800000)]
  0x000001f3434c9000 JavaThread "Cache worker for cache directory md-supplier (C:\Users\HP\Desktop\Android Projects\WeatherApp-master\caches\7.3.3\md-supplier)" [_thread_blocked, id=2452, stack(0x00000055ca800000,0x00000055ca900000)]
  0x000001f345cab000 JavaThread "Cache worker for cache directory md-rule (C:\Users\HP\Desktop\Android Projects\WeatherApp-master\caches\7.3.3\md-rule)" [_thread_blocked, id=30644, stack(0x00000055ca900000,0x00000055caa00000)]
  0x000001f345ca5800 JavaThread "Cache worker for execution history cache (C:\Users\HP\Desktop\Android Projects\WeatherApp-master\caches\7.3.3\executionHistory)" [_thread_blocked, id=27980, stack(0x00000055caa00000,0x00000055cab00000)]
=>0x000001f3418ce000 JavaThread "C2 CompilerThread1" daemon [_thread_in_native, id=30264, stack(0x00000055ca300000,0x00000055ca400000)]
  0x000001f343492000 JavaThread "C2 CompilerThread2" daemon [_thread_in_native, id=16112, stack(0x00000055cab00000,0x00000055cac00000)]

Other Threads:
  0x000001f34079d800 VMThread "VM Thread" [stack: 0x00000055c8300000,0x00000055c8400000] [id=31484]
  0x000001f340997000 WatcherThread [stack: 0x00000055c8d00000,0x00000055c8e00000] [id=30056]
  0x000001f325ab2800 GCTaskThread "GC Thread#0" [stack: 0x00000055c7e00000,0x00000055c7f00000] [id=32372]
  0x000001f340d3d000 GCTaskThread "GC Thread#1" [stack: 0x00000055c8f00000,0x00000055c9000000] [id=32408]
  0x000001f3414b0000 GCTaskThread "GC Thread#2" [stack: 0x00000055c9000000,0x00000055c9100000] [id=32188]
  0x000001f341421000 GCTaskThread "GC Thread#3" [stack: 0x00000055c9100000,0x00000055c9200000] [id=27928]
  0x000001f34157e800 GCTaskThread "GC Thread#4" [stack: 0x00000055c9200000,0x00000055c9300000] [id=23864]
  0x000001f34150c800 GCTaskThread "GC Thread#5" [stack: 0x00000055c9300000,0x00000055c9400000] [id=27220]
  0x000001f342ae2000 GCTaskThread "GC Thread#6" [stack: 0x00000055ca000000,0x00000055ca100000] [id=31240]
  0x000001f3416d5800 GCTaskThread "GC Thread#7" [stack: 0x00000055ca100000,0x00000055ca200000] [id=12016]
  0x000001f325ae3000 ConcurrentGCThread "G1 Main Marker" [stack: 0x00000055c7f00000,0x00000055c8000000] [id=27760]
  0x000001f325ae5000 ConcurrentGCThread "G1 Conc#0" [stack: 0x00000055c8000000,0x00000055c8100000] [id=8228]
  0x000001f3427dd800 ConcurrentGCThread "G1 Conc#1" [stack: 0x00000055ca200000,0x00000055ca300000] [id=31272]
  0x000001f325b6d800 ConcurrentGCThread "G1 Refine#0" [stack: 0x00000055c8100000,0x00000055c8200000] [id=14620]
  0x000001f325b6e800 ConcurrentGCThread "G1 Young RemSet Sampling" [stack: 0x00000055c8200000,0x00000055c8300000] [id=26020]

Threads with active compile tasks:
C2 CompilerThread0   8753 2658  s!   4       jdk.internal.loader.URLClassPath::getLoader (194 bytes)
C1 CompilerThread0   8753 2747       3       java.util.stream.ReferencePipeline$2$1::accept (27 bytes)
C2 CompilerThread1   8753 2660       4       jdk.internal.loader.URLClassPath::getResource (74 bytes)
C2 CompilerThread2   8753 2711       4       java.util.ImmutableCollections$SetN$SetNIterator::next (47 bytes)

VM state:not at safepoint (normal execution)

VM Mutex/Monitor currently owned by a thread: None

Heap address: 0x0000000080000000, size: 2048 MB, Compressed Oops mode: 32-bit
Narrow klass base: 0x0000000000000000, Narrow klass shift: 3
Compressed class space size: 1073741824 Address: 0x0000000100000000

Heap:
 garbage-first heap   total 258048K, used 60514K [0x0000000080000000, 0x0000000100000000)
  region size 1024K, 44 young (45056K), 3 survivors (3072K)
 Metaspace       used 32134K, capacity 32946K, committed 33024K, reserved 1077248K
  class space    used 4286K, capacity 4574K, committed 4608K, reserved 1048576K
Heap Regions: E=young(eden), S=young(survivor), O=old, HS=humongous(starts), HC=humongous(continues), CS=collection set, F=free, A=archive, TAMS=top-at-mark-start (previous, next)
|   0|0x0000000080000000, 0x0000000080100000, 0x0000000080100000|100%| O|  |TAMS 0x0000000080000000, 0x0000000080000000| Untracked 
|   1|0x0000000080100000, 0x0000000080200000, 0x0000000080200000|100%| O|  |TAMS 0x0000000080100000, 0x0000000080100000| Untracked 
|   2|0x0000000080200000, 0x0000000080300000, 0x0000000080300000|100%| O|  |TAMS 0x0000000080200000, 0x0000000080200000| Untracked 
|   3|0x0000000080300000, 0x0000000080400000, 0x0000000080400000|100%|HS|  |TAMS 0x0000000080400000, 0x0000000080300000| Complete 
|   4|0x0000000080400000, 0x0000000080500000, 0x0000000080500000|100%|HC|  |TAMS 0x0000000080500000, 0x0000000080400000| Complete 
|   5|0x0000000080500000, 0x0000000080600000, 0x0000000080600000|100%|HC|  |TAMS 0x0000000080600000, 0x0000000080500000| Complete 
|   6|0x0000000080600000, 0x0000000080700000, 0x0000000080700000|100%| O|  |TAMS 0x0000000080700000, 0x0000000080600000| Untracked 
|   7|0x0000000080700000, 0x0000000080800000, 0x0000000080800000|100%| O|  |TAMS 0x0000000080800000, 0x0000000080700000| Untracked 
|   8|0x0000000080800000, 0x0000000080900000, 0x0000000080900000|100%| O|  |TAMS 0x00000000808e2400, 0x0000000080800000| Untracked 
|   9|0x0000000080900000, 0x0000000080a00000, 0x0000000080a00000|100%| O|  |TAMS 0x0000000080900000, 0x0000000080900000| Untracked 
|  10|0x0000000080a00000, 0x0000000080b00000, 0x0000000080b00000|100%| O|  |TAMS 0x0000000080a00000, 0x0000000080a00000| Untracked 
|  11|0x0000000080b00000, 0x0000000080c00000, 0x0000000080c00000|100%| O|  |TAMS 0x0000000080b00000, 0x0000000080b00000| Untracked 
|  12|0x0000000080c00000, 0x0000000080d00000, 0x0000000080d00000|100%| O|  |TAMS 0x0000000080c00000, 0x0000000080c00000| Untracked 
|  13|0x0000000080d00000, 0x0000000080e00000, 0x0000000080e00000|100%| O|  |TAMS 0x0000000080d00000, 0x0000000080d00000| Untracked 
|  14|0x0000000080e00000, 0x0000000080f00000, 0x0000000080f00000|100%| O|  |TAMS 0x0000000080e00000, 0x0000000080e00000| Untracked 
|  15|0x0000000080f00000, 0x0000000081000000, 0x0000000081000000|100%| O|  |TAMS 0x0000000080f00000, 0x0000000080f00000| Untracked 
|  16|0x0000000081000000, 0x0000000081034c00, 0x0000000081100000| 20%| O|  |TAMS 0x0000000081000000, 0x0000000081000000| Untracked 
|  17|0x0000000081100000, 0x0000000081100000, 0x0000000081200000|  0%| F|  |TAMS 0x0000000081100000, 0x0000000081100000| Untracked 
|  18|0x0000000081200000, 0x0000000081200000, 0x0000000081300000|  0%| F|  |TAMS 0x0000000081200000, 0x0000000081200000| Untracked 
|  19|0x0000000081300000, 0x0000000081300000, 0x0000000081400000|  0%| F|  |TAMS 0x0000000081300000, 0x0000000081300000| Untracked 
|  20|0x0000000081400000, 0x0000000081400000, 0x0000000081500000|  0%| F|  |TAMS 0x0000000081400000, 0x0000000081400000| Untracked 
|  21|0x0000000081500000, 0x0000000081500000, 0x0000000081600000|  0%| F|  |TAMS 0x0000000081500000, 0x0000000081500000| Untracked 
|  22|0x0000000081600000, 0x0000000081600000, 0x0000000081700000|  0%| F|  |TAMS 0x0000000081600000, 0x0000000081600000| Untracked 
|  23|0x0000000081700000, 0x0000000081700000, 0x0000000081800000|  0%| F|  |TAMS 0x0000000081700000, 0x0000000081700000| Untracked 
|  24|0x0000000081800000, 0x0000000081800000, 0x0000000081900000|  0%| F|  |TAMS 0x0000000081800000, 0x0000000081800000| Untracked 
|  25|0x0000000081900000, 0x0000000081900000, 0x0000000081a00000|  0%| F|  |TAMS 0x0000000081900000, 0x0000000081900000| Untracked 
|  26|0x0000000081a00000, 0x0000000081a00000, 0x0000000081b00000|  0%| F|  |TAMS 0x0000000081a00000, 0x0000000081a00000| Untracked 
|  27|0x0000000081b00000, 0x0000000081b00000, 0x0000000081c00000|  0%| F|  |TAMS 0x0000000081b00000, 0x0000000081b00000| Untracked 
|  28|0x0000000081c00000, 0x0000000081c00000, 0x0000000081d00000|  0%| F|  |TAMS 0x0000000081c00000, 0x0000000081c00000| Untracked 
|  29|0x0000000081d00000, 0x0000000081d00000, 0x0000000081e00000|  0%| F|  |TAMS 0x0000000081d00000, 0x0000000081d00000| Untracked 
|  30|0x0000000081e00000, 0x0000000081e00000, 0x0000000081f00000|  0%| F|  |TAMS 0x0000000081e00000, 0x0000000081e00000| Untracked 
|  31|0x0000000081f00000, 0x0000000081f00000, 0x0000000082000000|  0%| F|  |TAMS 0x0000000081f00000, 0x0000000081f00000| Untracked 
|  32|0x0000000082000000, 0x0000000082000000, 0x0000000082100000|  0%| F|  |TAMS 0x0000000082000000, 0x0000000082000000| Untracked 
|  33|0x0000000082100000, 0x0000000082100000, 0x0000000082200000|  0%| F|  |TAMS 0x0000000082100000, 0x0000000082100000| Untracked 
|  34|0x0000000082200000, 0x0000000082200000, 0x0000000082300000|  0%| F|  |TAMS 0x0000000082200000, 0x0000000082200000| Untracked 
|  35|0x0000000082300000, 0x0000000082300000, 0x0000000082400000|  0%| F|  |TAMS 0x0000000082300000, 0x0000000082300000| Untracked 
|  36|0x0000000082400000, 0x0000000082400000, 0x0000000082500000|  0%| F|  |TAMS 0x0000000082400000, 0x0000000082400000| Untracked 
|  37|0x0000000082500000, 0x0000000082500000, 0x0000000082600000|  0%| F|  |TAMS 0x0000000082500000, 0x0000000082500000| Untracked 
|  38|0x0000000082600000, 0x0000000082600000, 0x0000000082700000|  0%| F|  |TAMS 0x0000000082600000, 0x0000000082600000| Untracked 
|  39|0x0000000082700000, 0x0000000082700000, 0x0000000082800000|  0%| F|  |TAMS 0x0000000082700000, 0x0000000082700000| Untracked 
|  40|0x0000000082800000, 0x0000000082800000, 0x0000000082900000|  0%| F|  |TAMS 0x0000000082800000, 0x0000000082800000| Untracked 
|  41|0x0000000082900000, 0x0000000082900000, 0x0000000082a00000|  0%| F|  |TAMS 0x0000000082900000, 0x0000000082900000| Untracked 
|  42|0x0000000082a00000, 0x0000000082a00000, 0x0000000082b00000|  0%| F|  |TAMS 0x0000000082a00000, 0x0000000082a00000| Untracked 
|  43|0x0000000082b00000, 0x0000000082b00000, 0x0000000082c00000|  0%| F|  |TAMS 0x0000000082b00000, 0x0000000082b00000| Untracked 
|  44|0x0000000082c00000, 0x0000000082c00000, 0x0000000082d00000|  0%| F|  |TAMS 0x0000000082c00000, 0x0000000082c00000| Untracked 
|  45|0x0000000082d00000, 0x0000000082d00000, 0x0000000082e00000|  0%| F|  |TAMS 0x0000000082d00000, 0x0000000082d00000| Untracked 
|  46|0x0000000082e00000, 0x0000000082e00000, 0x0000000082f00000|  0%| F|  |TAMS 0x0000000082e00000, 0x0000000082e00000| Untracked 
|  47|0x0000000082f00000, 0x0000000082f00000, 0x0000000083000000|  0%| F|  |TAMS 0x0000000082f00000, 0x0000000082f00000| Untracked 
|  48|0x0000000083000000, 0x0000000083000000, 0x0000000083100000|  0%| F|  |TAMS 0x0000000083000000, 0x0000000083000000| Untracked 
|  49|0x0000000083100000, 0x0000000083100000, 0x0000000083200000|  0%| F|  |TAMS 0x0000000083100000, 0x0000000083100000| Untracked 
|  50|0x0000000083200000, 0x0000000083200000, 0x0000000083300000|  0%| F|  |TAMS 0x0000000083200000, 0x0000000083200000| Untracked 
|  51|0x0000000083300000, 0x0000000083300000, 0x0000000083400000|  0%| F|  |TAMS 0x0000000083300000, 0x0000000083300000| Untracked 
|  52|0x0000000083400000, 0x0000000083400000, 0x0000000083500000|  0%| F|  |TAMS 0x0000000083400000, 0x0000000083400000| Untracked 
|  53|0x0000000083500000, 0x0000000083500000, 0x0000000083600000|  0%| F|  |TAMS 0x0000000083500000, 0x0000000083500000| Untracked 
|  54|0x0000000083600000, 0x0000000083600000, 0x0000000083700000|  0%| F|  |TAMS 0x0000000083600000, 0x0000000083600000| Untracked 
|  55|0x0000000083700000, 0x0000000083700000, 0x0000000083800000|  0%| F|  |TAMS 0x0000000083700000, 0x0000000083700000| Untracked 
|  56|0x0000000083800000, 0x0000000083800000, 0x0000000083900000|  0%| F|  |TAMS 0x0000000083800000, 0x0000000083800000| Untracked 
|  57|0x0000000083900000, 0x0000000083900000, 0x0000000083a00000|  0%| F|  |TAMS 0x0000000083900000, 0x0000000083900000| Untracked 
|  58|0x0000000083a00000, 0x0000000083a00000, 0x0000000083b00000|  0%| F|  |TAMS 0x0000000083a00000, 0x0000000083a00000| Untracked 
|  59|0x0000000083b00000, 0x0000000083b00000, 0x0000000083c00000|  0%| F|  |TAMS 0x0000000083b00000, 0x0000000083b00000| Untracked 
|  60|0x0000000083c00000, 0x0000000083c00000, 0x0000000083d00000|  0%| F|  |TAMS 0x0000000083c00000, 0x0000000083c00000| Untracked 
|  61|0x0000000083d00000, 0x0000000083d00000, 0x0000000083e00000|  0%| F|  |TAMS 0x0000000083d00000, 0x0000000083d00000| Untracked 
|  62|0x0000000083e00000, 0x0000000083e00000, 0x0000000083f00000|  0%| F|  |TAMS 0x0000000083e00000, 0x0000000083e00000| Untracked 
|  63|0x0000000083f00000, 0x0000000083f00000, 0x0000000084000000|  0%| F|  |TAMS 0x0000000083f00000, 0x0000000083f00000| Untracked 
|  64|0x0000000084000000, 0x0000000084000000, 0x0000000084100000|  0%| F|  |TAMS 0x0000000084000000, 0x0000000084000000| Untracked 
|  65|0x0000000084100000, 0x0000000084100000, 0x0000000084200000|  0%| F|  |TAMS 0x0000000084100000, 0x0000000084100000| Untracked 
|  66|0x0000000084200000, 0x0000000084200000, 0x0000000084300000|  0%| F|  |TAMS 0x0000000084200000, 0x0000000084200000| Untracked 
|  67|0x0000000084300000, 0x0000000084300000, 0x0000000084400000|  0%| F|  |TAMS 0x0000000084300000, 0x0000000084300000| Untracked 
|  68|0x0000000084400000, 0x0000000084400000, 0x0000000084500000|  0%| F|  |TAMS 0x0000000084400000, 0x0000000084400000| Untracked 
|  69|0x0000000084500000, 0x0000000084500000, 0x0000000084600000|  0%| F|  |TAMS 0x0000000084500000, 0x0000000084500000| Untracked 
|  70|0x0000000084600000, 0x0000000084600000, 0x0000000084700000|  0%| F|  |TAMS 0x0000000084600000, 0x0000000084600000| Untracked 
|  71|0x0000000084700000, 0x0000000084700000, 0x0000000084800000|  0%| F|  |TAMS 0x0000000084700000, 0x0000000084700000| Untracked 
|  72|0x0000000084800000, 0x0000000084800000, 0x0000000084900000|  0%| F|  |TAMS 0x0000000084800000, 0x0000000084800000| Untracked 
|  73|0x0000000084900000, 0x0000000084900000, 0x0000000084a00000|  0%| F|  |TAMS 0x0000000084900000, 0x0000000084900000| Untracked 
|  74|0x0000000084a00000, 0x0000000084a00000, 0x0000000084b00000|  0%| F|  |TAMS 0x0000000084a00000, 0x0000000084a00000| Untracked 
|  75|0x0000000084b00000, 0x0000000084b00000, 0x0000000084c00000|  0%| F|  |TAMS 0x0000000084b00000, 0x0000000084b00000| Untracked 
|  76|0x0000000084c00000, 0x0000000084c00000, 0x0000000084d00000|  0%| F|  |TAMS 0x0000000084c00000, 0x0000000084c00000| Untracked 
|  77|0x0000000084d00000, 0x0000000084d00000, 0x0000000084e00000|  0%| F|  |TAMS 0x0000000084d00000, 0x0000000084d00000| Untracked 
|  78|0x0000000084e00000, 0x0000000084e00000, 0x0000000084f00000|  0%| F|  |TAMS 0x0000000084e00000, 0x0000000084e00000| Untracked 
|  79|0x0000000084f00000, 0x0000000084f00000, 0x0000000085000000|  0%| F|  |TAMS 0x0000000084f00000, 0x0000000084f00000| Untracked 
|  80|0x0000000085000000, 0x0000000085000000, 0x0000000085100000|  0%| F|  |TAMS 0x0000000085000000, 0x0000000085000000| Untracked 
|  81|0x0000000085100000, 0x0000000085100000, 0x0000000085200000|  0%| F|  |TAMS 0x0000000085100000, 0x0000000085100000| Untracked 
|  82|0x0000000085200000, 0x0000000085200000, 0x0000000085300000|  0%| F|  |TAMS 0x0000000085200000, 0x0000000085200000| Untracked 
|  83|0x0000000085300000, 0x0000000085300000, 0x0000000085400000|  0%| F|  |TAMS 0x0000000085300000, 0x0000000085300000| Untracked 
|  84|0x0000000085400000, 0x0000000085400000, 0x0000000085500000|  0%| F|  |TAMS 0x0000000085400000, 0x0000000085400000| Untracked 
|  85|0x0000000085500000, 0x0000000085500000, 0x0000000085600000|  0%| F|  |TAMS 0x0000000085500000, 0x0000000085500000| Untracked 
|  86|0x0000000085600000, 0x0000000085600000, 0x0000000085700000|  0%| F|  |TAMS 0x0000000085600000, 0x0000000085600000| Untracked 
|  87|0x0000000085700000, 0x0000000085700000, 0x0000000085800000|  0%| F|  |TAMS 0x0000000085700000, 0x0000000085700000| Untracked 
|  88|0x0000000085800000, 0x0000000085800000, 0x0000000085900000|  0%| F|  |TAMS 0x0000000085800000, 0x0000000085800000| Untracked 
|  89|0x0000000085900000, 0x0000000085900000, 0x0000000085a00000|  0%| F|  |TAMS 0x0000000085900000, 0x0000000085900000| Untracked 
|  90|0x0000000085a00000, 0x0000000085a00000, 0x0000000085b00000|  0%| F|  |TAMS 0x0000000085a00000, 0x0000000085a00000| Untracked 
|  91|0x0000000085b00000, 0x0000000085b00000, 0x0000000085c00000|  0%| F|  |TAMS 0x0000000085b00000, 0x0000000085b00000| Untracked 
|  92|0x0000000085c00000, 0x0000000085c00000, 0x0000000085d00000|  0%| F|  |TAMS 0x0000000085c00000, 0x0000000085c00000| Untracked 
|  93|0x0000000085d00000, 0x0000000085d00000, 0x0000000085e00000|  0%| F|  |TAMS 0x0000000085d00000, 0x0000000085d00000| Untracked 
|  94|0x0000000085e00000, 0x0000000085e00000, 0x0000000085f00000|  0%| F|  |TAMS 0x0000000085e00000, 0x0000000085e00000| Untracked 
|  95|0x0000000085f00000, 0x0000000085f00000, 0x0000000086000000|  0%| F|  |TAMS 0x0000000085f00000, 0x0000000085f00000| Untracked 
|  96|0x0000000086000000, 0x0000000086000000, 0x0000000086100000|  0%| F|  |TAMS 0x0000000086000000, 0x0000000086000000| Untracked 
|  97|0x0000000086100000, 0x0000000086100000, 0x0000000086200000|  0%| F|  |TAMS 0x0000000086100000, 0x0000000086100000| Untracked 
|  98|0x0000000086200000, 0x0000000086200000, 0x0000000086300000|  0%| F|  |TAMS 0x0000000086200000, 0x0000000086200000| Untracked 
|  99|0x0000000086300000, 0x0000000086300000, 0x0000000086400000|  0%| F|  |TAMS 0x0000000086300000, 0x0000000086300000| Untracked 
| 100|0x0000000086400000, 0x0000000086400000, 0x0000000086500000|  0%| F|  |TAMS 0x0000000086400000, 0x0000000086400000| Untracked 
| 101|0x0000000086500000, 0x0000000086500000, 0x0000000086600000|  0%| F|  |TAMS 0x0000000086500000, 0x0000000086500000| Untracked 
| 102|0x0000000086600000, 0x0000000086600000, 0x0000000086700000|  0%| F|  |TAMS 0x0000000086600000, 0x0000000086600000| Untracked 
| 103|0x0000000086700000, 0x0000000086700000, 0x0000000086800000|  0%| F|  |TAMS 0x0000000086700000, 0x0000000086700000| Untracked 
| 104|0x0000000086800000, 0x0000000086800000, 0x0000000086900000|  0%| F|  |TAMS 0x0000000086800000, 0x0000000086800000| Untracked 
| 105|0x0000000086900000, 0x0000000086900000, 0x0000000086a00000|  0%| F|  |TAMS 0x0000000086900000, 0x0000000086900000| Untracked 
| 106|0x0000000086a00000, 0x0000000086a00000, 0x0000000086b00000|  0%| F|  |TAMS 0x0000000086a00000, 0x0000000086a00000| Untracked 
| 107|0x0000000086b00000, 0x0000000086b00000, 0x0000000086c00000|  0%| F|  |TAMS 0x0000000086b00000, 0x0000000086b00000| Untracked 
| 108|0x0000000086c00000, 0x0000000086c00000, 0x0000000086d00000|  0%| F|  |TAMS 0x0000000086c00000, 0x0000000086c00000| Untracked 
| 109|0x0000000086d00000, 0x0000000086d00000, 0x0000000086e00000|  0%| F|  |TAMS 0x0000000086d00000, 0x0000000086d00000| Untracked 
| 110|0x0000000086e00000, 0x0000000086e00000, 0x0000000086f00000|  0%| F|  |TAMS 0x0000000086e00000, 0x0000000086e00000| Untracked 
| 111|0x0000000086f00000, 0x0000000086f00000, 0x0000000087000000|  0%| F|  |TAMS 0x0000000086f00000, 0x0000000086f00000| Untracked 
| 112|0x0000000087000000, 0x0000000087000000, 0x0000000087100000|  0%| F|  |TAMS 0x0000000087000000, 0x0000000087000000| Untracked 
| 113|0x0000000087100000, 0x0000000087100000, 0x0000000087200000|  0%| F|  |TAMS 0x0000000087100000, 0x0000000087100000| Untracked 
| 114|0x0000000087200000, 0x0000000087200000, 0x0000000087300000|  0%| F|  |TAMS 0x0000000087200000, 0x0000000087200000| Untracked 
| 115|0x0000000087300000, 0x0000000087300000, 0x0000000087400000|  0%| F|  |TAMS 0x0000000087300000, 0x0000000087300000| Untracked 
| 116|0x0000000087400000, 0x0000000087400000, 0x0000000087500000|  0%| F|  |TAMS 0x0000000087400000, 0x0000000087400000| Untracked 
| 117|0x0000000087500000, 0x0000000087500000, 0x0000000087600000|  0%| F|  |TAMS 0x0000000087500000, 0x0000000087500000| Untracked 
| 118|0x0000000087600000, 0x0000000087600000, 0x0000000087700000|  0%| F|  |TAMS 0x0000000087600000, 0x0000000087600000| Untracked 
| 119|0x0000000087700000, 0x0000000087700000, 0x0000000087800000|  0%| F|  |TAMS 0x0000000087700000, 0x0000000087700000| Untracked 
| 120|0x0000000087800000, 0x0000000087800000, 0x0000000087900000|  0%| F|  |TAMS 0x0000000087800000, 0x0000000087800000| Untracked 
| 121|0x0000000087900000, 0x0000000087900000, 0x0000000087a00000|  0%| F|  |TAMS 0x0000000087900000, 0x0000000087900000| Untracked 
| 122|0x0000000087a00000, 0x0000000087a00000, 0x0000000087b00000|  0%| F|  |TAMS 0x0000000087a00000, 0x0000000087a00000| Untracked 
| 123|0x0000000087b00000, 0x0000000087b00000, 0x0000000087c00000|  0%| F|  |TAMS 0x0000000087b00000, 0x0000000087b00000| Untracked 
| 124|0x0000000087c00000, 0x0000000087c00000, 0x0000000087d00000|  0%| F|  |TAMS 0x0000000087c00000, 0x0000000087c00000| Untracked 
| 125|0x0000000087d00000, 0x0000000087d00000, 0x0000000087e00000|  0%| F|  |TAMS 0x0000000087d00000, 0x0000000087d00000| Untracked 
| 126|0x0000000087e00000, 0x0000000087e00000, 0x0000000087f00000|  0%| F|  |TAMS 0x0000000087e00000, 0x0000000087e00000| Untracked 
| 127|0x0000000087f00000, 0x0000000087f00000, 0x0000000088000000|  0%| F|  |TAMS 0x0000000087f00000, 0x0000000087f00000| Untracked 
| 128|0x0000000088000000, 0x0000000088000000, 0x0000000088100000|  0%| F|  |TAMS 0x0000000088000000, 0x0000000088000000| Untracked 
| 129|0x0000000088100000, 0x0000000088100000, 0x0000000088200000|  0%| F|  |TAMS 0x0000000088100000, 0x0000000088100000| Untracked 
| 130|0x0000000088200000, 0x0000000088200000, 0x0000000088300000|  0%| F|  |TAMS 0x0000000088200000, 0x0000000088200000| Untracked 
| 131|0x0000000088300000, 0x0000000088300000, 0x0000000088400000|  0%| F|  |TAMS 0x0000000088300000, 0x0000000088300000| Untracked 
| 132|0x0000000088400000, 0x0000000088400000, 0x0000000088500000|  0%| F|  |TAMS 0x0000000088400000, 0x0000000088400000| Untracked 
| 133|0x0000000088500000, 0x0000000088500000, 0x0000000088600000|  0%| F|  |TAMS 0x0000000088500000, 0x0000000088500000| Untracked 
| 134|0x0000000088600000, 0x0000000088600000, 0x0000000088700000|  0%| F|  |TAMS 0x0000000088600000, 0x0000000088600000| Untracked 
| 135|0x0000000088700000, 0x0000000088700000, 0x0000000088800000|  0%| F|  |TAMS 0x0000000088700000, 0x0000000088700000| Untracked 
| 136|0x0000000088800000, 0x0000000088800000, 0x0000000088900000|  0%| F|  |TAMS 0x0000000088800000, 0x0000000088800000| Untracked 
| 137|0x0000000088900000, 0x0000000088900000, 0x0000000088a00000|  0%| F|  |TAMS 0x0000000088900000, 0x0000000088900000| Untracked 
| 138|0x0000000088a00000, 0x0000000088a00000, 0x0000000088b00000|  0%| F|  |TAMS 0x0000000088a00000, 0x0000000088a00000| Untracked 
| 139|0x0000000088b00000, 0x0000000088b00000, 0x0000000088c00000|  0%| F|  |TAMS 0x0000000088b00000, 0x0000000088b00000| Untracked 
| 140|0x0000000088c00000, 0x0000000088c00000, 0x0000000088d00000|  0%| F|  |TAMS 0x0000000088c00000, 0x0000000088c00000| Untracked 
| 141|0x0000000088d00000, 0x0000000088d00000, 0x0000000088e00000|  0%| F|  |TAMS 0x0000000088d00000, 0x0000000088d00000| Untracked 
| 142|0x0000000088e00000, 0x0000000088e00000, 0x0000000088f00000|  0%| F|  |TAMS 0x0000000088e00000, 0x0000000088e00000| Untracked 
| 143|0x0000000088f00000, 0x0000000088f00000, 0x0000000089000000|  0%| F|  |TAMS 0x0000000088f00000, 0x0000000088f00000| Untracked 
| 144|0x0000000089000000, 0x0000000089000000, 0x0000000089100000|  0%| F|  |TAMS 0x0000000089000000, 0x0000000089000000| Untracked 
| 145|0x0000000089100000, 0x0000000089100000, 0x0000000089200000|  0%| F|  |TAMS 0x0000000089100000, 0x0000000089100000| Untracked 
| 146|0x0000000089200000, 0x0000000089200000, 0x0000000089300000|  0%| F|  |TAMS 0x0000000089200000, 0x0000000089200000| Untracked 
| 147|0x0000000089300000, 0x0000000089300000, 0x0000000089400000|  0%| F|  |TAMS 0x0000000089300000, 0x0000000089300000| Untracked 
| 148|0x0000000089400000, 0x0000000089400000, 0x0000000089500000|  0%| F|  |TAMS 0x0000000089400000, 0x0000000089400000| Untracked 
| 149|0x0000000089500000, 0x0000000089500000, 0x0000000089600000|  0%| F|  |TAMS 0x0000000089500000, 0x0000000089500000| Untracked 
| 150|0x0000000089600000, 0x0000000089600000, 0x0000000089700000|  0%| F|  |TAMS 0x0000000089600000, 0x0000000089600000| Untracked 
| 151|0x0000000089700000, 0x0000000089700000, 0x0000000089800000|  0%| F|  |TAMS 0x0000000089700000, 0x0000000089700000| Untracked 
| 152|0x0000000089800000, 0x0000000089800000, 0x0000000089900000|  0%| F|  |TAMS 0x0000000089800000, 0x0000000089800000| Untracked 
| 153|0x0000000089900000, 0x0000000089900000, 0x0000000089a00000|  0%| F|  |TAMS 0x0000000089900000, 0x0000000089900000| Untracked 
| 154|0x0000000089a00000, 0x0000000089a00000, 0x0000000089b00000|  0%| F|  |TAMS 0x0000000089a00000, 0x0000000089a00000| Untracked 
| 155|0x0000000089b00000, 0x0000000089b00000, 0x0000000089c00000|  0%| F|  |TAMS 0x0000000089b00000, 0x0000000089b00000| Untracked 
| 156|0x0000000089c00000, 0x0000000089c00000, 0x0000000089d00000|  0%| F|  |TAMS 0x0000000089c00000, 0x0000000089c00000| Untracked 
| 157|0x0000000089d00000, 0x0000000089d00000, 0x0000000089e00000|  0%| F|  |TAMS 0x0000000089d00000, 0x0000000089d00000| Untracked 
| 158|0x0000000089e00000, 0x0000000089e00000, 0x0000000089f00000|  0%| F|  |TAMS 0x0000000089e00000, 0x0000000089e00000| Untracked 
| 159|0x0000000089f00000, 0x0000000089f00000, 0x000000008a000000|  0%| F|  |TAMS 0x0000000089f00000, 0x0000000089f00000| Untracked 
| 160|0x000000008a000000, 0x000000008a000000, 0x000000008a100000|  0%| F|  |TAMS 0x000000008a000000, 0x000000008a000000| Untracked 
| 161|0x000000008a100000, 0x000000008a100000, 0x000000008a200000|  0%| F|  |TAMS 0x000000008a100000, 0x000000008a100000| Untracked 
| 162|0x000000008a200000, 0x000000008a200000, 0x000000008a300000|  0%| F|  |TAMS 0x000000008a200000, 0x000000008a200000| Untracked 
| 163|0x000000008a300000, 0x000000008a300000, 0x000000008a400000|  0%| F|  |TAMS 0x000000008a300000, 0x000000008a300000| Untracked 
| 164|0x000000008a400000, 0x000000008a400000, 0x000000008a500000|  0%| F|  |TAMS 0x000000008a400000, 0x000000008a400000| Untracked 
| 165|0x000000008a500000, 0x000000008a500000, 0x000000008a600000|  0%| F|  |TAMS 0x000000008a500000, 0x000000008a500000| Untracked 
| 166|0x000000008a600000, 0x000000008a600000, 0x000000008a700000|  0%| F|  |TAMS 0x000000008a600000, 0x000000008a600000| Untracked 
| 167|0x000000008a700000, 0x000000008a700000, 0x000000008a800000|  0%| F|  |TAMS 0x000000008a700000, 0x000000008a700000| Untracked 
| 168|0x000000008a800000, 0x000000008a800000, 0x000000008a900000|  0%| F|  |TAMS 0x000000008a800000, 0x000000008a800000| Untracked 
| 169|0x000000008a900000, 0x000000008a900000, 0x000000008aa00000|  0%| F|  |TAMS 0x000000008a900000, 0x000000008a900000| Untracked 
| 170|0x000000008aa00000, 0x000000008aa00000, 0x000000008ab00000|  0%| F|  |TAMS 0x000000008aa00000, 0x000000008aa00000| Untracked 
| 171|0x000000008ab00000, 0x000000008ab00000, 0x000000008ac00000|  0%| F|  |TAMS 0x000000008ab00000, 0x000000008ab00000| Untracked 
| 172|0x000000008ac00000, 0x000000008ac00000, 0x000000008ad00000|  0%| F|  |TAMS 0x000000008ac00000, 0x000000008ac00000| Untracked 
| 173|0x000000008ad00000, 0x000000008ad00000, 0x000000008ae00000|  0%| F|  |TAMS 0x000000008ad00000, 0x000000008ad00000| Untracked 
| 174|0x000000008ae00000, 0x000000008ae00000, 0x000000008af00000|  0%| F|  |TAMS 0x000000008ae00000, 0x000000008ae00000| Untracked 
| 175|0x000000008af00000, 0x000000008af00000, 0x000000008b000000|  0%| F|  |TAMS 0x000000008af00000, 0x000000008af00000| Untracked 
| 176|0x000000008b000000, 0x000000008b000000, 0x000000008b100000|  0%| F|  |TAMS 0x000000008b000000, 0x000000008b000000| Untracked 
| 177|0x000000008b100000, 0x000000008b100000, 0x000000008b200000|  0%| F|  |TAMS 0x000000008b100000, 0x000000008b100000| Untracked 
| 178|0x000000008b200000, 0x000000008b200000, 0x000000008b300000|  0%| F|  |TAMS 0x000000008b200000, 0x000000008b200000| Untracked 
| 179|0x000000008b300000, 0x000000008b300000, 0x000000008b400000|  0%| F|  |TAMS 0x000000008b300000, 0x000000008b300000| Untracked 
| 180|0x000000008b400000, 0x000000008b400000, 0x000000008b500000|  0%| F|  |TAMS 0x000000008b400000, 0x000000008b400000| Untracked 
| 181|0x000000008b500000, 0x000000008b500000, 0x000000008b600000|  0%| F|  |TAMS 0x000000008b500000, 0x000000008b500000| Untracked 
| 182|0x000000008b600000, 0x000000008b600000, 0x000000008b700000|  0%| F|  |TAMS 0x000000008b600000, 0x000000008b600000| Untracked 
| 183|0x000000008b700000, 0x000000008b700000, 0x000000008b800000|  0%| F|  |TAMS 0x000000008b700000, 0x000000008b700000| Untracked 
| 184|0x000000008b800000, 0x000000008b800000, 0x000000008b900000|  0%| F|  |TAMS 0x000000008b800000, 0x000000008b800000| Untracked 
| 185|0x000000008b900000, 0x000000008b9e3c40, 0x000000008ba00000| 88%| S|CS|TAMS 0x000000008b900000, 0x000000008b900000| Complete 
| 186|0x000000008ba00000, 0x000000008bb00000, 0x000000008bb00000|100%| S|CS|TAMS 0x000000008ba00000, 0x000000008ba00000| Complete 
| 187|0x000000008bb00000, 0x000000008bc00000, 0x000000008bc00000|100%| S|CS|TAMS 0x000000008bb00000, 0x000000008bb00000| Complete 
| 188|0x000000008bc00000, 0x000000008bc00000, 0x000000008bd00000|  0%| F|  |TAMS 0x000000008bc00000, 0x000000008bc00000| Untracked 
| 189|0x000000008bd00000, 0x000000008bd00000, 0x000000008be00000|  0%| F|  |TAMS 0x000000008bd00000, 0x000000008bd00000| Untracked 
| 190|0x000000008be00000, 0x000000008be00000, 0x000000008bf00000|  0%| F|  |TAMS 0x000000008be00000, 0x000000008be00000| Untracked 
| 191|0x000000008bf00000, 0x000000008bf00000, 0x000000008c000000|  0%| F|  |TAMS 0x000000008bf00000, 0x000000008bf00000| Untracked 
| 192|0x000000008c000000, 0x000000008c000000, 0x000000008c100000|  0%| F|  |TAMS 0x000000008c000000, 0x000000008c000000| Untracked 
| 193|0x000000008c100000, 0x000000008c100000, 0x000000008c200000|  0%| F|  |TAMS 0x000000008c100000, 0x000000008c100000| Untracked 
| 194|0x000000008c200000, 0x000000008c200000, 0x000000008c300000|  0%| F|  |TAMS 0x000000008c200000, 0x000000008c200000| Untracked 
| 195|0x000000008c300000, 0x000000008c300000, 0x000000008c400000|  0%| F|  |TAMS 0x000000008c300000, 0x000000008c300000| Untracked 
| 196|0x000000008c400000, 0x000000008c400000, 0x000000008c500000|  0%| F|  |TAMS 0x000000008c400000, 0x000000008c400000| Untracked 
| 197|0x000000008c500000, 0x000000008c500000, 0x000000008c600000|  0%| F|  |TAMS 0x000000008c500000, 0x000000008c500000| Untracked 
| 198|0x000000008c600000, 0x000000008c600000, 0x000000008c700000|  0%| F|  |TAMS 0x000000008c600000, 0x000000008c600000| Untracked 
| 199|0x000000008c700000, 0x000000008c700000, 0x000000008c800000|  0%| F|  |TAMS 0x000000008c700000, 0x000000008c700000| Untracked 
| 200|0x000000008c800000, 0x000000008c800000, 0x000000008c900000|  0%| F|  |TAMS 0x000000008c800000, 0x000000008c800000| Untracked 
| 201|0x000000008c900000, 0x000000008c900000, 0x000000008ca00000|  0%| F|  |TAMS 0x000000008c900000, 0x000000008c900000| Untracked 
| 202|0x000000008ca00000, 0x000000008ca00000, 0x000000008cb00000|  0%| F|  |TAMS 0x000000008ca00000, 0x000000008ca00000| Untracked 
| 203|0x000000008cb00000, 0x000000008cb00000, 0x000000008cc00000|  0%| F|  |TAMS 0x000000008cb00000, 0x000000008cb00000| Untracked 
| 204|0x000000008cc00000, 0x000000008cc00000, 0x000000008cd00000|  0%| F|  |TAMS 0x000000008cc00000, 0x000000008cc00000| Untracked 
| 205|0x000000008cd00000, 0x000000008cd00000, 0x000000008ce00000|  0%| F|  |TAMS 0x000000008cd00000, 0x000000008cd00000| Untracked 
| 206|0x000000008ce00000, 0x000000008ce00000, 0x000000008cf00000|  0%| F|  |TAMS 0x000000008ce00000, 0x000000008ce00000| Untracked 
| 207|0x000000008cf00000, 0x000000008cf00000, 0x000000008d000000|  0%| F|  |TAMS 0x000000008cf00000, 0x000000008cf00000| Untracked 
| 208|0x000000008d000000, 0x000000008d000000, 0x000000008d100000|  0%| F|  |TAMS 0x000000008d000000, 0x000000008d000000| Untracked 
| 209|0x000000008d100000, 0x000000008d100000, 0x000000008d200000|  0%| F|  |TAMS 0x000000008d100000, 0x000000008d100000| Untracked 
| 210|0x000000008d200000, 0x000000008d200000, 0x000000008d300000|  0%| F|  |TAMS 0x000000008d200000, 0x000000008d200000| Untracked 
| 211|0x000000008d300000, 0x000000008d400000, 0x000000008d400000|100%| E|  |TAMS 0x000000008d300000, 0x000000008d300000| Complete 
| 212|0x000000008d400000, 0x000000008d500000, 0x000000008d500000|100%| E|CS|TAMS 0x000000008d400000, 0x000000008d400000| Complete 
| 213|0x000000008d500000, 0x000000008d600000, 0x000000008d600000|100%| E|CS|TAMS 0x000000008d500000, 0x000000008d500000| Complete 
| 214|0x000000008d600000, 0x000000008d700000, 0x000000008d700000|100%| E|CS|TAMS 0x000000008d600000, 0x000000008d600000| Complete 
| 215|0x000000008d700000, 0x000000008d800000, 0x000000008d800000|100%| E|CS|TAMS 0x000000008d700000, 0x000000008d700000| Complete 
| 216|0x000000008d800000, 0x000000008d900000, 0x000000008d900000|100%| E|CS|TAMS 0x000000008d800000, 0x000000008d800000| Complete 
| 217|0x000000008d900000, 0x000000008da00000, 0x000000008da00000|100%| E|CS|TAMS 0x000000008d900000, 0x000000008d900000| Complete 
| 218|0x000000008da00000, 0x000000008db00000, 0x000000008db00000|100%| E|CS|TAMS 0x000000008da00000, 0x000000008da00000| Complete 
| 219|0x000000008db00000, 0x000000008dc00000, 0x000000008dc00000|100%| E|CS|TAMS 0x000000008db00000, 0x000000008db00000| Complete 
| 220|0x000000008dc00000, 0x000000008dd00000, 0x000000008dd00000|100%| E|CS|TAMS 0x000000008dc00000, 0x000000008dc00000| Complete 
| 221|0x000000008dd00000, 0x000000008de00000, 0x000000008de00000|100%| E|CS|TAMS 0x000000008dd00000, 0x000000008dd00000| Complete 
| 222|0x000000008de00000, 0x000000008df00000, 0x000000008df00000|100%| E|CS|TAMS 0x000000008de00000, 0x000000008de00000| Complete 
| 223|0x000000008df00000, 0x000000008e000000, 0x000000008e000000|100%| E|CS|TAMS 0x000000008df00000, 0x000000008df00000| Complete 
| 224|0x000000008e000000, 0x000000008e100000, 0x000000008e100000|100%| E|CS|TAMS 0x000000008e000000, 0x000000008e000000| Complete 
| 225|0x000000008e100000, 0x000000008e200000, 0x000000008e200000|100%| E|CS|TAMS 0x000000008e100000, 0x000000008e100000| Complete 
| 226|0x000000008e200000, 0x000000008e300000, 0x000000008e300000|100%| E|CS|TAMS 0x000000008e200000, 0x000000008e200000| Complete 
| 227|0x000000008e300000, 0x000000008e400000, 0x000000008e400000|100%| E|CS|TAMS 0x000000008e300000, 0x000000008e300000| Complete 
| 228|0x000000008e400000, 0x000000008e500000, 0x000000008e500000|100%| E|CS|TAMS 0x000000008e400000, 0x000000008e400000| Complete 
| 229|0x000000008e500000, 0x000000008e600000, 0x000000008e600000|100%| E|CS|TAMS 0x000000008e500000, 0x000000008e500000| Complete 
| 230|0x000000008e600000, 0x000000008e700000, 0x000000008e700000|100%| E|CS|TAMS 0x000000008e600000, 0x000000008e600000| Complete 
| 231|0x000000008e700000, 0x000000008e800000, 0x000000008e800000|100%| E|CS|TAMS 0x000000008e700000, 0x000000008e700000| Complete 
| 232|0x000000008e800000, 0x000000008e900000, 0x000000008e900000|100%| E|CS|TAMS 0x000000008e800000, 0x000000008e800000| Complete 
| 233|0x000000008e900000, 0x000000008ea00000, 0x000000008ea00000|100%| E|CS|TAMS 0x000000008e900000, 0x000000008e900000| Complete 
| 234|0x000000008ea00000, 0x000000008eb00000, 0x000000008eb00000|100%| E|CS|TAMS 0x000000008ea00000, 0x000000008ea00000| Complete 
| 235|0x000000008eb00000, 0x000000008ec00000, 0x000000008ec00000|100%| E|CS|TAMS 0x000000008eb00000, 0x000000008eb00000| Complete 
| 236|0x000000008ec00000, 0x000000008ed00000, 0x000000008ed00000|100%| E|CS|TAMS 0x000000008ec00000, 0x000000008ec00000| Complete 
| 237|0x000000008ed00000, 0x000000008ee00000, 0x000000008ee00000|100%| E|CS|TAMS 0x000000008ed00000, 0x000000008ed00000| Complete 
| 238|0x000000008ee00000, 0x000000008ef00000, 0x000000008ef00000|100%| E|CS|TAMS 0x000000008ee00000, 0x000000008ee00000| Complete 
| 239|0x000000008ef00000, 0x000000008f000000, 0x000000008f000000|100%| E|CS|TAMS 0x000000008ef00000, 0x000000008ef00000| Complete 
| 240|0x000000008f000000, 0x000000008f100000, 0x000000008f100000|100%| E|CS|TAMS 0x000000008f000000, 0x000000008f000000| Complete 
| 241|0x000000008f100000, 0x000000008f200000, 0x000000008f200000|100%| E|CS|TAMS 0x000000008f100000, 0x000000008f100000| Complete 
| 242|0x000000008f200000, 0x000000008f300000, 0x000000008f300000|100%| E|CS|TAMS 0x000000008f200000, 0x000000008f200000| Complete 
| 243|0x000000008f300000, 0x000000008f400000, 0x000000008f400000|100%| E|CS|TAMS 0x000000008f300000, 0x000000008f300000| Complete 
| 244|0x000000008f400000, 0x000000008f500000, 0x000000008f500000|100%| E|CS|TAMS 0x000000008f400000, 0x000000008f400000| Complete 
| 245|0x000000008f500000, 0x000000008f600000, 0x000000008f600000|100%| E|CS|TAMS 0x000000008f500000, 0x000000008f500000| Complete 
| 246|0x000000008f600000, 0x000000008f700000, 0x000000008f700000|100%| E|CS|TAMS 0x000000008f600000, 0x000000008f600000| Complete 
| 247|0x000000008f700000, 0x000000008f800000, 0x000000008f800000|100%| E|CS|TAMS 0x000000008f700000, 0x000000008f700000| Complete 
| 248|0x000000008f800000, 0x000000008f900000, 0x000000008f900000|100%| E|CS|TAMS 0x000000008f800000, 0x000000008f800000| Complete 
| 249|0x000000008f900000, 0x000000008fa00000, 0x000000008fa00000|100%| E|CS|TAMS 0x000000008f900000, 0x000000008f900000| Complete 
| 250|0x000000008fa00000, 0x000000008fb00000, 0x000000008fb00000|100%| E|CS|TAMS 0x000000008fa00000, 0x000000008fa00000| Complete 
| 251|0x000000008fb00000, 0x000000008fc00000, 0x000000008fc00000|100%| E|CS|TAMS 0x000000008fb00000, 0x000000008fb00000| Complete 

Card table byte_map: [0x000001f338cd0000,0x000001f3390d0000] _byte_map_base: 0x000001f3388d0000

Marking Bits (Prev, Next): (CMBitMap*) 0x000001f325ada020, (CMBitMap*) 0x000001f325ad9fe8
 Prev Bits: [0x000001f33b4d0000, 0x000001f33d4d0000)
 Next Bits: [0x000001f3394d0000, 0x000001f33b4d0000)

Polling page: 0x000001f325270000

Metaspace:

Usage:
  Non-class:     27.71 MB capacity,    27.22 MB ( 98%) used,   432.78 KB (  2%) free+waste,    68.19 KB ( <1%) overhead. 
      Class:      4.47 MB capacity,     4.19 MB ( 94%) used,   251.37 KB (  5%) free+waste,    33.94 KB ( <1%) overhead. 
       Both:     32.17 MB capacity,    31.41 MB ( 98%) used,   684.15 KB (  2%) free+waste,   102.13 KB ( <1%) overhead. 

Virtual space:
  Non-class space:       28.00 MB reserved,      27.75 MB (>99%) committed 
      Class space:        1.00 GB reserved,       4.50 MB ( <1%) committed 
             Both:        1.03 GB reserved,      32.25 MB (  3%) committed 

Chunk freelists:
   Non-Class:  43.00 KB
       Class:  0 bytes
        Both:  43.00 KB

MaxMetaspaceSize: 17179869184.00 GB
CompressedClassSpaceSize: 1.00 GB
Initial GC threshold: 20.80 MB
Current GC threshold: 35.00 MB
CDS: off

CodeHeap 'non-profiled nmethods': size=120000Kb used=1521Kb max_used=1521Kb free=118478Kb
 bounds [0x000001f331070000, 0x000001f3312e0000, 0x000001f3385a0000]
CodeHeap 'profiled nmethods': size=120000Kb used=6049Kb max_used=6049Kb free=113950Kb
 bounds [0x000001f329b40000, 0x000001f32a130000, 0x000001f331070000]
CodeHeap 'non-nmethods': size=5760Kb used=1245Kb max_used=1284Kb free=4514Kb
 bounds [0x000001f3295a0000, 0x000001f329810000, 0x000001f329b40000]
 total_blobs=3267 nmethods=2755 adapters=423
 compilation: enabled
              stopped_count=0, restarted_count=0
 full_count=0

Compilation events (20 events):
Event: 8.674 Thread 0x000001f34080c000 nmethod 2724 0x000001f32a116d10 code [0x000001f32a116ec0, 0x000001f32a116fb8]
Event: 8.675 Thread 0x000001f34080c000 2725       3       java.util.stream.MatchOps$MatchOp::evaluateSequential (7 bytes)
Event: 8.675 Thread 0x000001f34080c000 nmethod 2725 0x000001f32a117090 code [0x000001f32a1172a0, 0x000001f32a1178b8]
Event: 8.675 Thread 0x000001f34080c000 2726       3       java.util.stream.MatchOps$MatchOp::evaluateSequential (27 bytes)
Event: 8.676 Thread 0x000001f34080c000 nmethod 2726 0x000001f32a117a90 code [0x000001f32a117c80, 0x000001f32a118238]
Event: 8.676 Thread 0x000001f34080c000 2727       3       java.util.stream.MatchOps$$Lambda$170/0x000000010037a440::get (12 bytes)
Event: 8.676 Thread 0x000001f34080c000 nmethod 2727 0x000001f32a118390 code [0x000001f32a118560, 0x000001f32a118958]
Event: 8.676 Thread 0x000001f34080c000 2728       3       java.util.Spliterators$IteratorSpliterator::<init> (39 bytes)
Event: 8.676 Thread 0x000001f34080c000 nmethod 2728 0x000001f32a118b10 code [0x000001f32a118cc0, 0x000001f32a118f18]
Event: 8.683 Thread 0x000001f34080c000 2729       3       org.codehaus.groovy.vmplugin.v9.Java9::isOpen (21 bytes)
Event: 8.684 Thread 0x000001f34080c000 nmethod 2729 0x000001f32a119010 code [0x000001f32a119240, 0x000001f32a119938]
Event: 8.684 Thread 0x000001f34080c000 2732       3       java.util.Spliterators$IteratorSpliterator::estimateSize (41 bytes)
Event: 8.685 Thread 0x000001f34080c000 nmethod 2732 0x000001f32a119b90 code [0x000001f32a119d60, 0x000001f32a11a098]
Event: 8.685 Thread 0x000001f34080c000 2730       3       org.codehaus.groovy.vmplugin.v9.Java9$$Lambda$268/0x0000000100473840::get$Lambda (9 bytes)
Event: 8.685 Thread 0x000001f34080c000 nmethod 2730 0x000001f32a11a190 code [0x000001f32a11a360, 0x000001f32a11a5b8]
Event: 8.685 Thread 0x000001f34080c000 2731       3       org.codehaus.groovy.vmplugin.v9.Java9$$Lambda$268/0x0000000100473840::<init> (10 bytes)
Event: 8.685 Thread 0x000001f34080c000 nmethod 2731 0x000001f32a11a690 code [0x000001f32a11a840, 0x000001f32a11a9f8]
Event: 8.694 Thread 0x000001f34080c000 2735       1       java.lang.module.ModuleDescriptor$Opens::source (5 bytes)
Event: 8.695 Thread 0x000001f34080c000 nmethod 2735 0x000001f3311e8b10 code [0x000001f3311e8cc0, 0x000001f3311e8d78]
Event: 8.695 Thread 0x000001f343492000 2659   !   4       java.util.concurrent.ConcurrentHashMap::putVal (432 bytes)

GC Heap History (6 events):
Event: 1.249 GC heap before
{Heap before GC invocations=0 (full 0):
 garbage-first heap   total 258048K, used 29696K [0x0000000080000000, 0x0000000100000000)
  region size 1024K, 24 young (24576K), 0 survivors (0K)
 Metaspace       used 9755K, capacity 9956K, committed 10112K, reserved 1058816K
  class space    used 1012K, capacity 1069K, committed 1152K, reserved 1048576K
}
Event: 1.267 GC heap after
{Heap after GC invocations=1 (full 0):
 garbage-first heap   total 258048K, used 9097K [0x0000000080000000, 0x0000000100000000)
  region size 1024K, 3 young (3072K), 3 survivors (3072K)
 Metaspace       used 9755K, capacity 9956K, committed 10112K, reserved 1058816K
  class space    used 1012K, capacity 1069K, committed 1152K, reserved 1048576K
}
Event: 5.731 GC heap before
{Heap before GC invocations=1 (full 0):
 garbage-first heap   total 258048K, used 116617K [0x0000000080000000, 0x0000000100000000)
  region size 1024K, 109 young (111616K), 3 survivors (3072K)
 Metaspace       used 20728K, capacity 21135K, committed 21248K, reserved 1067008K
  class space    used 2540K, capacity 2710K, committed 2816K, reserved 1048576K
}
Event: 5.744 GC heap after
{Heap after GC invocations=2 (full 0):
 garbage-first heap   total 258048K, used 16664K [0x0000000080000000, 0x0000000100000000)
  region size 1024K, 11 young (11264K), 11 survivors (11264K)
 Metaspace       used 20728K, capacity 21135K, committed 21248K, reserved 1067008K
  class space    used 2540K, capacity 2710K, committed 2816K, reserved 1048576K
}
Event: 7.496 GC heap before
{Heap before GC invocations=3 (full 0):
 garbage-first heap   total 258048K, used 82200K [0x0000000080000000, 0x0000000100000000)
  region size 1024K, 75 young (76800K), 11 survivors (11264K)
 Metaspace       used 27360K, capacity 27974K, committed 28160K, reserved 1073152K
  class space    used 3581K, capacity 3809K, committed 3840K, reserved 1048576K
}
Event: 7.507 GC heap after
{Heap after GC invocations=4 (full 0):
 garbage-first heap   total 258048K, used 19554K [0x0000000080000000, 0x0000000100000000)
  region size 1024K, 3 young (3072K), 3 survivors (3072K)
 Metaspace       used 27360K, capacity 27974K, committed 28160K, reserved 1073152K
  class space    used 3581K, capacity 3809K, committed 3840K, reserved 1048576K
}

Deoptimization events (20 events):
Event: 7.746 Thread 0x000001f3433f6800 DEOPT PACKING pc=0x000001f331135f2c sp=0x00000055c99f8c20
Event: 7.746 Thread 0x000001f3433f6800 DEOPT UNPACKING pc=0x000001f3295a85af sp=0x00000055c99f8bb8 mode 2
Event: 8.185 Thread 0x000001f3433f6800 DEOPT PACKING pc=0x000001f329f798f9 sp=0x00000055c99f8f60
Event: 8.185 Thread 0x000001f3433f6800 DEOPT UNPACKING pc=0x000001f3295e9d0e sp=0x00000055c99f84a8 mode 0
Event: 8.251 Thread 0x000001f3433f6800 Uncommon trap: trap_request=0xffffff4d fr.pc=0x000001f3311da5e4 relative=0x00000000000001a4
Event: 8.251 Thread 0x000001f3433f6800 Uncommon trap: reason=unstable_if action=reinterpret pc=0x000001f3311da5e4 method=java.util.regex.Pattern$BmpCharProperty.match(Ljava/util/regex/Matcher;ILjava/lang/CharSequence;)Z @ 39 c2
Event: 8.251 Thread 0x000001f3433f6800 DEOPT PACKING pc=0x000001f3311da5e4 sp=0x00000055c99f9870
Event: 8.251 Thread 0x000001f3433f6800 DEOPT UNPACKING pc=0x000001f3295a85af sp=0x00000055c99f9820 mode 2
Event: 8.335 Thread 0x000001f3433f6800 Uncommon trap: trap_request=0xffffff6e fr.pc=0x000001f3311dfc4c relative=0x000000000000078c
Event: 8.335 Thread 0x000001f3433f6800 Uncommon trap: reason=speculate_class_check action=maybe_recompile pc=0x000001f3311dfc4c method=java.lang.reflect.Executable.declaredAnnotations()Ljava/util/Map; @ 23 c2
Event: 8.335 Thread 0x000001f3433f6800 DEOPT PACKING pc=0x000001f3311dfc4c sp=0x00000055c99f9ac0
Event: 8.335 Thread 0x000001f3433f6800 DEOPT UNPACKING pc=0x000001f3295a85af sp=0x00000055c99f9a00 mode 2
Event: 8.360 Thread 0x000001f3433f6800 Uncommon trap: trap_request=0xffffff4d fr.pc=0x000001f331167030 relative=0x0000000000000230
Event: 8.360 Thread 0x000001f3433f6800 Uncommon trap: reason=unstable_if action=reinterpret pc=0x000001f331167030 method=java.util.HashMap.putVal(ILjava/lang/Object;Ljava/lang/Object;ZZ)Ljava/lang/Object; @ 162 c2
Event: 8.360 Thread 0x000001f3433f6800 DEOPT PACKING pc=0x000001f331167030 sp=0x00000055c99fa960
Event: 8.361 Thread 0x000001f3433f6800 DEOPT UNPACKING pc=0x000001f3295a85af sp=0x00000055c99fa870 mode 2
Event: 8.372 Thread 0x000001f3433f6800 Uncommon trap: trap_request=0xffffff6e fr.pc=0x000001f3311dfc4c relative=0x000000000000078c
Event: 8.372 Thread 0x000001f3433f6800 Uncommon trap: reason=speculate_class_check action=maybe_recompile pc=0x000001f3311dfc4c method=java.lang.reflect.Executable.declaredAnnotations()Ljava/util/Map; @ 23 c2
Event: 8.372 Thread 0x000001f3433f6800 DEOPT PACKING pc=0x000001f3311dfc4c sp=0x00000055c99faaf0
Event: 8.372 Thread 0x000001f3433f6800 DEOPT UNPACKING pc=0x000001f3295a85af sp=0x00000055c99faa30 mode 2

Classes redefined (0 events):
No events

Internal exceptions (20 events):
Event: 7.076 Thread 0x000001f3433f6800 Exception <a 'java/lang/NoSuchMethodError'{0x000000008c707f30}: 'java.lang.Object java.lang.invoke.DirectMethodHandle$Holder.invokeVirtual(java.lang.Object, java.lang.Object, java.lang.Object)'> (0x000000008c707f30) thrown at [./src/hotspot/share/interpreter/linkResolver.cpp, line 773]
Event: 7.083 Thread 0x000001f3433f6800 Exception <a 'java/lang/NoSuchMethodError'{0x000000008c731048}: 'int java.lang.invoke.DirectMethodHandle$Holder.invokeVirtual(java.lang.Object, java.lang.Object)'> (0x000000008c731048) thrown at [./src/hotspot/share/interpreter/linkResolver.cpp, line 773]
Event: 7.098 Thread 0x000001f3433f6800 Exception <a 'java/lang/NoSuchMethodError'{0x000000008c76b830}: 'int java.lang.invoke.DirectMethodHandle$Holder.invokeVirtual(java.lang.Object, java.lang.Object, java.lang.Object)'> (0x000000008c76b830) thrown at [./src/hotspot/share/interpreter/linkResolver.cpp, line 773]
Event: 7.250 Thread 0x000001f3433f6800 Exception <a 'java/lang/NoSuchMethodError'{0x000000008c6d6918}: 'void java.lang.invoke.DirectMethodHandle$Holder.invokeSpecial(java.lang.Object, java.lang.Object)'> (0x000000008c6d6918) thrown at [./src/hotspot/share/interpreter/linkResolver.cpp, line 773]
Event: 7.289 Thread 0x000001f3433f6800 Implicit null exception at 0x000001f33110ad11 to 0x000001f33110bae7
Event: 7.483 Thread 0x000001f3433f6800 Exception <a 'java/lang/NoSuchMethodError'{0x000000008bc4f7d8}: 'java.lang.Object java.lang.invoke.DirectMethodHandle$Holder.invokeSpecialIFC(java.lang.Object, java.lang.Object, java.lang.Object, java.lang.Object)'> (0x000000008bc4f7d8) thrown at [./src/hotspot/share/interpreter/linkResolver.cpp, line 773]
Event: 7.511 Thread 0x000001f3433f6800 Exception <a 'java/lang/NoSuchMethodError'{0x000000008fb4b438}: 'java.lang.Object java.lang.invoke.DirectMethodHandle$Holder.invokeSpecial(java.lang.Object, java.lang.Object, java.lang.Object, java.lang.Object, java.lang.Object, java.lang.Object, java.lang.Object, java.lang.Object, java.lang.Object, java.lang.Object, java.lang.Object, java.lang.Object, java.lang.Object)'> (0x000000008fb4b438) thrown at [./src/hotspot/share/interpreter/linkResolver.cpp, line 773]
Event: 7.513 Thread 0x000001f3433f6800 Exception <a 'java/lang/NoSuchMethodError'{0x000000008fb5c298}: 'java.lang.Object java.lang.invoke.DirectMethodHandle$Holder.invokeSpecial(java.lang.Object, java.lang.Object, java.lang.Object, java.lang.Object, java.lang.Object, java.lang.Object, java.lang.Object, java.lang.Object, java.lang.Object, java.lang.Object, java.lang.Object, java.lang.Object)'> (0x000000008fb5c298) thrown at [./src/hotspot/share/interpreter/linkResolver.cpp, line 773]
Event: 7.514 Thread 0x000001f3433f6800 Exception <a 'java/lang/NoSuchMethodError'{0x000000008fb613c0}: 'java.lang.Object java.lang.invoke.Invokers$Holder.linkToTargetMethod(java.lang.Object, java.lang.Object, java.lang.Object, java.lang.Object, java.lang.Object, java.lang.Object, java.lang.Object, java.lang.Object, java.lang.Object, java.lang.Object, java.lang.Object)'> (0x000000008fb613c0) thrown at [./src/hotspot/share/interpreter/linkResolver.cpp, line 773]
Event: 7.537 Thread 0x000001f3433f6800 Exception <a 'java/lang/NoSuchMethodError'{0x000000008fa98528}: 'java.lang.Object java.lang.invoke.DirectMethodHandle$Holder.invokeSpecial(java.lang.Object, java.lang.Object, java.lang.Object, java.lang.Object, java.lang.Object, java.lang.Object, java.lang.Object, java.lang.Object, java.lang.Object, java.lang.Object, java.lang.Object, java.lang.Object, java.lang.Object, java.lang.Object)'> (0x000000008fa98528) thrown at [./src/hotspot/share/interpreter/linkResolver.cpp, line 773]
Event: 7.538 Thread 0x000001f3433f6800 Exception <a 'java/lang/NoSuchMethodError'{0x000000008faa9ba0}: 'java.lang.Object java.lang.invoke.Invokers$Holder.linkToTargetMethod(java.lang.Object, java.lang.Object, java.lang.Object, java.lang.Object, java.lang.Object, java.lang.Object, java.lang.Object, java.lang.Object, java.lang.Object, java.lang.Object, java.lang.Object, java.lang.Object)'> (0x000000008faa9ba0) thrown at [./src/hotspot/share/interpreter/linkResolver.cpp, line 773]
Event: 7.558 Thread 0x000001f3433f6800 Exception <a 'java/lang/NoSuchMethodError'{0x000000008f990658}: 'java.lang.Object java.lang.invoke.DirectMethodHandle$Holder.invokeStaticInit(java.lang.Object, java.lang.Object, java.lang.Object, java.lang.Object)'> (0x000000008f990658) thrown at [./src/hotspot/share/interpreter/linkResolver.cpp, line 773]
Event: 7.746 Thread 0x000001f3433f6800 Implicit null exception at 0x000001f331172475 to 0x000001f33117263c
Event: 7.746 Thread 0x000001f3433f6800 Implicit null exception at 0x000001f331135eaf to 0x000001f331135f1d
Event: 8.001 Thread 0x000001f3433f6800 Exception <a 'java/lang/NoSuchMethodError'{0x000000008e714a88}: 'java.lang.Object java.lang.invoke.Invokers$Holder.linkToTargetMethod(java.lang.Object, java.lang.Object, java.lang.Object, java.lang.Object, java.lang.Object, java.lang.Object, java.lang.Object, java.lang.Object)'> (0x000000008e714a88) thrown at [./src/hotspot/share/interpreter/linkResolver.cpp, line 773]
Event: 8.006 Thread 0x000001f3433f6800 Exception <a 'java/lang/NoSuchMethodError'{0x000000008e761720}: 'java.lang.Object java.lang.invoke.Invokers$Holder.linkToTargetMethod(java.lang.Object, java.lang.Object, java.lang.Object, java.lang.Object, java.lang.Object, java.lang.Object, java.lang.Object)'> (0x000000008e761720) thrown at [./src/hotspot/share/interpreter/linkResolver.cpp, line 773]
Event: 8.013 Thread 0x000001f3433f6800 Exception <a 'java/lang/IncompatibleClassChangeError'{0x000000008e7a0878}: Found class java.lang.Object, but interface was expected> (0x000000008e7a0878) thrown at [./src/hotspot/share/interpreter/linkResolver.cpp, line 839]
Event: 8.636 Thread 0x000001f3433f6800 Exception <a 'java/lang/NoSuchMethodError'{0x000000008d305868}: 'void java.lang.invoke.DirectMethodHandle$Holder.invokeStaticInit(java.lang.Object, java.lang.Object, java.lang.Object)'> (0x000000008d305868) thrown at [./src/hotspot/share/interpreter/linkResolver.cpp, line 773]
Event: 8.637 Thread 0x000001f3433f6800 Exception <a 'java/lang/NoSuchMethodError'{0x000000008d30cac0}: 'void java.lang.invoke.DirectMethodHandle$Holder.invokeStaticInit(java.lang.Object, java.lang.Object, java.lang.Object, java.lang.Object)'> (0x000000008d30cac0) thrown at [./src/hotspot/share/interpreter/linkResolver.cpp, line 773]
Event: 8.647 Thread 0x000001f3433f6800 Exception <a 'java/lang/NoSuchMethodError'{0x000000008d32f118}: 'void java.lang.invoke.DirectMethodHandle$Holder.invokeStaticInit(java.lang.Object, java.lang.Object, java.lang.Object, java.lang.Object, java.lang.Object)'> (0x000000008d32f118) thrown at [./src/hotspot/share/interpreter/linkResolver.cpp, line 773]

Events (20 events):
Event: 8.608 loading class org/codehaus/groovy/ast/expr/ListExpression
Event: 8.608 loading class org/codehaus/groovy/ast/expr/ListExpression done
Event: 8.612 loading class org/codehaus/groovy/ast/expr/ConstantExpression
Event: 8.612 loading class org/codehaus/groovy/ast/expr/ConstantExpression done
Event: 8.613 loading class org/codehaus/groovy/ast/stmt/Statement
Event: 8.613 loading class org/codehaus/groovy/ast/stmt/Statement done
Event: 8.613 loading class org/codehaus/groovy/ast/stmt/ReturnStatement
Event: 8.613 loading class org/codehaus/groovy/ast/stmt/ReturnStatement done
Event: 8.614 loading class java/lang/IllegalCallerException
Event: 8.614 loading class java/lang/IllegalCallerException done
Event: 8.616 loading class org/codehaus/groovy/vmplugin/v8/PluginDefaultGroovyMethods
Event: 8.616 loading class org/codehaus/groovy/vmplugin/v8/PluginDefaultGroovyMethods done
Event: 8.617 loading class org/codehaus/groovy/runtime/DefaultGroovyMethodsSupport
Event: 8.617 loading class org/codehaus/groovy/runtime/DefaultGroovyMethodsSupport done
Event: 8.621 loading class jdk/internal/module/SystemModules$all
Event: 8.625 loading class jdk/internal/module/SystemModules$all done
Event: 8.633 loading class java/util/Spliterators$IteratorSpliterator
Event: 8.635 loading class java/util/Spliterators$IteratorSpliterator done
Event: 8.641 Thread 0x000001f3418ce000 Thread added: 0x000001f3418ce000
Event: 8.695 Thread 0x000001f343492000 Thread added: 0x000001f343492000


Dynamic libraries:
0x00007ff7a0b00000 - 0x00007ff7a0b0a000 	C:\Program Files\Android\Android Studio\jre\bin\java.exe
0x00007ff822e10000 - 0x00007ff823024000 	C:\WINDOWS\SYSTEM32\ntdll.dll
0x00007ff821c50000 - 0x00007ff821d12000 	C:\WINDOWS\System32\KERNEL32.DLL
0x00007ff820450000 - 0x00007ff8207f3000 	C:\WINDOWS\System32\KERNELBASE.dll
0x00007ff820930000 - 0x00007ff820a41000 	C:\WINDOWS\System32\ucrtbase.dll
0x00007ff81aed0000 - 0x00007ff81aee9000 	C:\Program Files\Android\Android Studio\jre\bin\jli.dll
0x00007ff822310000 - 0x00007ff8224bb000 	C:\WINDOWS\System32\USER32.dll
0x00007ff820230000 - 0x00007ff820256000 	C:\WINDOWS\System32\win32u.dll
0x00007ff821b70000 - 0x00007ff821b99000 	C:\WINDOWS\System32\GDI32.dll
0x00007ff820af0000 - 0x00007ff820c08000 	C:\WINDOWS\System32\gdi32full.dll
0x00007ff820a50000 - 0x00007ff820aea000 	C:\WINDOWS\System32\msvcp_win.dll
0x00007ff81af90000 - 0x00007ff81afa7000 	C:\Program Files\Android\Android Studio\jre\bin\VCRUNTIME140.dll
0x00007ff8022f0000 - 0x00007ff80257e000 	C:\WINDOWS\WinSxS\amd64_microsoft.windows.common-controls_6595b64144ccf1df_6.0.22621.1635_none_270f70857386168e\COMCTL32.dll
0x00007ff822260000 - 0x00007ff822307000 	C:\WINDOWS\System32\msvcrt.dll
0x00007ff822220000 - 0x00007ff822251000 	C:\WINDOWS\System32\IMM32.DLL
0x00007fffff080000 - 0x00007fffff11d000 	C:\Program Files\Android\Android Studio\jre\bin\msvcp140.dll
0x00007fff91cb0000 - 0x00007fff92795000 	C:\Program Files\Android\Android Studio\jre\bin\server\jvm.dll
0x00007ff821280000 - 0x00007ff82132e000 	C:\WINDOWS\System32\ADVAPI32.dll
0x00007ff821010000 - 0x00007ff8210b4000 	C:\WINDOWS\System32\sechost.dll
0x00007ff820d90000 - 0x00007ff820ea7000 	C:\WINDOWS\System32\RPCRT4.dll
0x00007ff822d10000 - 0x00007ff822d18000 	C:\WINDOWS\System32\PSAPI.DLL
0x00007ffffd300000 - 0x00007ffffd309000 	C:\WINDOWS\SYSTEM32\WSOCK32.dll
0x00007ff804f70000 - 0x00007ff804fa4000 	C:\WINDOWS\SYSTEM32\WINMM.dll
0x00007ff821560000 - 0x00007ff8215d1000 	C:\WINDOWS\System32\WS2_32.dll
0x00007ff817e70000 - 0x00007ff817e7a000 	C:\WINDOWS\SYSTEM32\VERSION.dll
0x00007ff81f370000 - 0x00007ff81f388000 	C:\WINDOWS\SYSTEM32\kernel.appcore.dll
0x00007ff81c640000 - 0x00007ff81c651000 	C:\Program Files\Android\Android Studio\jre\bin\verify.dll
0x00007ff81dce0000 - 0x00007ff81df0e000 	C:\WINDOWS\SYSTEM32\DBGHELP.DLL
0x00007ff821e30000 - 0x00007ff8221b9000 	C:\WINDOWS\System32\combase.dll
0x00007ff821600000 - 0x00007ff8216d7000 	C:\WINDOWS\System32\OLEAUT32.dll
0x00007ff800020000 - 0x00007ff800052000 	C:\WINDOWS\SYSTEM32\dbgcore.DLL
0x00007ff8203d0000 - 0x00007ff82044b000 	C:\WINDOWS\System32\bcryptPrimitives.dll
0x00007ff81c610000 - 0x00007ff81c639000 	C:\Program Files\Android\Android Studio\jre\bin\java.dll
0x00007ff81c600000 - 0x00007ff81c60b000 	C:\Program Files\Android\Android Studio\jre\bin\jimage.dll
0x00007ff81c5e0000 - 0x00007ff81c5f8000 	C:\Program Files\Android\Android Studio\jre\bin\zip.dll
0x00007ff8224c0000 - 0x00007ff822cba000 	C:\WINDOWS\System32\SHELL32.dll
0x00007ff81e240000 - 0x00007ff81eb0e000 	C:\WINDOWS\SYSTEM32\windows.storage.dll
0x00007ff81e100000 - 0x00007ff81e23e000 	C:\WINDOWS\SYSTEM32\wintypes.dll
0x00007ff820eb0000 - 0x00007ff820fa1000 	C:\WINDOWS\System32\SHCORE.dll
0x00007ff820c10000 - 0x00007ff820c6e000 	C:\WINDOWS\System32\shlwapi.dll
0x00007ff820160000 - 0x00007ff820181000 	C:\WINDOWS\SYSTEM32\profapi.dll
0x00007ff81c5c0000 - 0x00007ff81c5da000 	C:\Program Files\Android\Android Studio\jre\bin\net.dll
0x00007ff81ad60000 - 0x00007ff81ae97000 	C:\WINDOWS\SYSTEM32\WINHTTP.dll
0x00007ff81f7e0000 - 0x00007ff81f849000 	C:\WINDOWS\system32\mswsock.dll
0x00007ff81c5a0000 - 0x00007ff81c5b4000 	C:\Program Files\Android\Android Studio\jre\bin\nio.dll
0x00007ffffe780000 - 0x00007ffffe7a7000 	C:\Users\HP\Desktop\Android Projects\WeatherApp-master\native\e1d6ef7f7dcc3fd88c89a11ec53ec762bb8ba0a96d01ffa2cd45eb1d1d8dd5c5\windows-amd64\native-platform.dll
0x00007fffd75f0000 - 0x00007fffd7734000 	C:\Users\HP\Desktop\Android Projects\WeatherApp-master\native\5664cfc778a61ccfe75a443a1ab52a65af34e5dc3c78e0209fed803814484fcb\windows-amd64\native-platform-file-events.dll
0x00007ff800e10000 - 0x00007ff800e1a000 	C:\Program Files\Android\Android Studio\jre\bin\management.dll
0x00007ff800e00000 - 0x00007ff800e0d000 	C:\Program Files\Android\Android Studio\jre\bin\management_ext.dll
0x00007ff81fa40000 - 0x00007ff81fa5b000 	C:\WINDOWS\SYSTEM32\CRYPTSP.dll
0x00007ff81f2e0000 - 0x00007ff81f315000 	C:\WINDOWS\system32\rsaenh.dll
0x00007ff81f8e0000 - 0x00007ff81f908000 	C:\WINDOWS\SYSTEM32\USERENV.dll
0x00007ff81fc00000 - 0x00007ff81fc28000 	C:\WINDOWS\SYSTEM32\bcrypt.dll
0x00007ff81fa60000 - 0x00007ff81fa6c000 	C:\WINDOWS\SYSTEM32\CRYPTBASE.dll
0x00007ff81ee70000 - 0x00007ff81ee9d000 	C:\WINDOWS\SYSTEM32\IPHLPAPI.DLL
0x00007ff821c20000 - 0x00007ff821c29000 	C:\WINDOWS\System32\NSI.dll
0x00007ff819b50000 - 0x00007ff819b69000 	C:\WINDOWS\SYSTEM32\dhcpcsvc6.DLL
0x00007ff8199a0000 - 0x00007ff8199bf000 	C:\WINDOWS\SYSTEM32\dhcpcsvc.DLL
0x00007ff81eea0000 - 0x00007ff81ef93000 	C:\WINDOWS\SYSTEM32\DNSAPI.dll

dbghelp: loaded successfully - version: 4.0.5 - missing functions: none
symbol engine: initialized successfully - sym options: 0x614 - pdb path: .;C:\Program Files\Android\Android Studio\jre\bin;C:\WINDOWS\SYSTEM32;C:\WINDOWS\WinSxS\amd64_microsoft.windows.common-controls_6595b64144ccf1df_6.0.22621.1635_none_270f70857386168e;C:\Program Files\Android\Android Studio\jre\bin\server;C:\Users\HP\Desktop\Android Projects\WeatherApp-master\native\e1d6ef7f7dcc3fd88c89a11ec53ec762bb8ba0a96d01ffa2cd45eb1d1d8dd5c5\windows-amd64;C:\Users\HP\Desktop\Android Projects\WeatherApp-master\native\5664cfc778a61ccfe75a443a1ab52a65af34e5dc3c78e0209fed803814484fcb\windows-amd64

VM Arguments:
jvm_args: --add-opens=java.base/java.util=ALL-UNNAMED --add-opens=java.base/java.lang=ALL-UNNAMED --add-opens=java.base/java.lang.invoke=ALL-UNNAMED --add-opens=java.base/java.util=ALL-UNNAMED --add-opens=java.prefs/java.util.prefs=ALL-UNNAMED --add-opens=java.prefs/java.util.prefs=ALL-UNNAMED --add-opens=java.base/java.nio.charset=ALL-UNNAMED --add-opens=java.base/java.net=ALL-UNNAMED --add-opens=java.base/java.util.concurrent.atomic=ALL-UNNAMED -Xmx2048m -Dfile.encoding=UTF-8 -Duser.country=US -Duser.language=en -Duser.variant 
java_command: org.gradle.launcher.daemon.bootstrap.GradleDaemon 7.3.3
java_class_path (initial): C:\Users\HP\Desktop\Android Projects\WeatherApp-master\wrapper\dists\gradle-7.3.3-bin\6a41zxkdtcxs8rphpq6y0069z\gradle-7.3.3\lib\gradle-launcher-7.3.3.jar
Launcher Type: SUN_STANDARD

[Global flags]
     intx CICompilerCount                          = 4                                         {product} {ergonomic}
     uint ConcGCThreads                            = 2                                         {product} {ergonomic}
     uint G1ConcRefinementThreads                  = 8                                         {product} {ergonomic}
   size_t G1HeapRegionSize                         = 1048576                                   {product} {ergonomic}
    uintx GCDrainStackTargetSize                   = 64                                        {product} {ergonomic}
   size_t InitialHeapSize                          = 264241152                                 {product} {ergonomic}
   size_t MarkStackSize                            = 4194304                                   {product} {ergonomic}
   size_t MaxHeapSize                              = 2147483648                                {product} {command line}
   size_t MaxNewSize                               = 1287651328                                {product} {ergonomic}
   size_t MinHeapDeltaBytes                        = 1048576                                   {product} {ergonomic}
    uintx NonNMethodCodeHeapSize                   = 5836300                                {pd product} {ergonomic}
    uintx NonProfiledCodeHeapSize                  = 122910970                              {pd product} {ergonomic}
    uintx ProfiledCodeHeapSize                     = 122910970                              {pd product} {ergonomic}
    uintx ReservedCodeCacheSize                    = 251658240                              {pd product} {ergonomic}
     bool SegmentedCodeCache                       = true                                      {product} {ergonomic}
     bool UseCompressedClassPointers               = true                                 {lp64_product} {ergonomic}
     bool UseCompressedOops                        = true                                 {lp64_product} {ergonomic}
     bool UseG1GC                                  = true                                      {product} {ergonomic}
     bool UseLargePagesIndividualAllocation        = false                                  {pd product} {ergonomic}

Logging:
Log output configuration:
 #0: stdout all=warning uptime,level,tags
 #1: stderr all=off uptime,level,tags

Environment Variables:
PATH=C:\Program Files\Common Files\Oracle\Java\javapath;C:\WINDOWS\system32;C:\WINDOWS;C:\WINDOWS\System32\Wbem;C:\WINDOWS\System32\WindowsPowerShell\v1.0\;C:\WINDOWS\System32\OpenSSH\;C:\Program Files\Git\cmd;C:\Program Files\nodejs\;D:\Program Files\MySQL\MySQL Server 8.0\bin;C:\Program Files\MySQL\MySQL Shell 8.0\bin\;C:\Users\HP\AppData\Local\Programs\Python\Python310\Scripts\;C:\Users\HP\AppData\Local\Programs\Python\Python310\;C:\Users\HP\AppData\Local\Microsoft\WindowsApps;C:\Users\HP\AppData\Local\Programs\Microsoft VS Code\bin;C:\src\flutter\bin;C:\Users\HP\AppData\Roaming\npm;C:\Program Files\JetBrains\IntelliJ IDEA Community Edition 2022.2.3\bin;C:\Users\HP\AppData\Local\JetBrains\Toolbox\scripts;;%USERPROFILE%\AppData\Local\Microsoft\WindowsApps
USERNAME=HP
OS=Windows_NT
PROCESSOR_IDENTIFIER=Intel64 Family 6 Model 140 Stepping 1, GenuineIntel



---------------  S Y S T E M  ---------------

OS: Windows 10 , 64 bit Build 22621 (10.0.22621.1635)
OS uptime: 0 days 12:21 hours

CPU:total 8 (initial active 8) (4 cores per cpu, 2 threads per core) family 6 model 140 stepping 1 microcode 0xa4, cmov, cx8, fxsr, mmx, sse, sse2, sse3, ssse3, sse4.1, sse4.2, popcnt, avx, avx2, aes, clmul, erms, 3dnowpref, lzcnt, ht, tsc, tscinvbit, bmi1, bmi2, adx, evex, sha, fma

Memory: 4k page, system-wide physical 16023M (1134M free)
TotalPageFile size 65175M (AvailPageFile size 3M)
current process WorkingSet (physical memory assigned to process): 268M, peak: 268M
current process commit charge ("private bytes"): 425M, peak: 425M

vm_info: OpenJDK 64-Bit Server VM (11.0.12+7-b1504.28-7817840) for windows-amd64 JRE (11.0.12+7-b1504.28-7817840), built on Oct 13 2021 22:12:33 by "builder" with MS VC++ 14.0 (VS2015)

END.
