#
# There is insufficient memory for the Java Runtime Environment to continue.
# Native memory allocation (malloc) failed to allocate 1307376 bytes for Chunk::new
# Possible reasons:
#   The system is out of physical RAM or swap space
#   The process is running with CompressedOops enabled, and the Java Heap may be blocking the growth of the native heap
# Possible solutions:
#   Reduce memory load on the system
#   Increase physical memory or swap space
#   Check if swap backing store is full
#   Decrease Java heap size (-Xmx/-Xms)
#   Decrease number of Java threads
#   Decrease Java thread stack sizes (-Xss)
#   Set larger code cache with -XX:ReservedCodeCacheSize=
#   JVM is running with Unscaled Compressed Oops mode in which the Java heap is
#     placed in the first 4GB address space. The Java Heap base address is the
#     maximum limit for the native heap growth. Please use -XX:HeapBaseMinAddress
#     to set the Java Heap base and to place the Java Heap above 4GB virtual address.
# This output file may be truncated or incomplete.
#
#  Out of Memory Error (./src/hotspot/share/memory/arena.cpp:197), pid=11456, tid=24876
#
# JRE version: OpenJDK Runtime Environment (11.0.12+7) (build 11.0.12+7-b1504.28-7817840)
# Java VM: OpenJDK 64-Bit Server VM (11.0.12+7-b1504.28-7817840, mixed mode, tiered, compressed oops, g1 gc, windows-amd64)
# No core dump will be written. Minidumps are not enabled by default on client versions of Windows
#

---------------  S U M M A R Y ------------

Command Line: --add-opens=java.base/java.util=ALL-UNNAMED --add-opens=java.base/java.lang=ALL-UNNAMED --add-opens=java.base/java.lang.invoke=ALL-UNNAMED --add-opens=java.base/java.util=ALL-UNNAMED --add-opens=java.prefs/java.util.prefs=ALL-UNNAMED --add-opens=java.prefs/java.util.prefs=ALL-UNNAMED --add-opens=java.base/java.nio.charset=ALL-UNNAMED --add-opens=java.base/java.net=ALL-UNNAMED --add-opens=java.base/java.util.concurrent.atomic=ALL-UNNAMED -Xmx2048m -Dfile.encoding=UTF-8 -Duser.country=US -Duser.language=en -Duser.variant org.gradle.launcher.daemon.bootstrap.GradleDaemon 7.3.3

Host: 11th Gen Intel(R) Core(TM) i7-1165G7 @ 2.80GHz, 8 cores, 15G,  Windows 10 , 64 bit Build 22621 (10.0.22621.1635)
Time: Sat Jun  3 22:03:14 2023 E. Africa Standard Time elapsed time: 9.517547 seconds (0d 0h 0m 9s)

---------------  T H R E A D  ---------------

Current thread (0x000002076e6f4800):  JavaThread "C2 CompilerThread0" daemon [_thread_in_native, id=24876, stack(0x000000225e100000,0x000000225e200000)]


Current CompileTask:
C2:   9517 2001   !   4       java.lang.ClassLoader::loadClass (122 bytes)

Stack: [0x000000225e100000,0x000000225e200000]
Native frames: (J=compiled Java code, j=interpreted, Vv=VM code, C=native code)
V  [jvm.dll+0x5fbcea]
V  [jvm.dll+0x731905]
V  [jvm.dll+0x732f1d]
V  [jvm.dll+0x7335d3]
V  [jvm.dll+0x247bf8]
V  [jvm.dll+0xc018c]
V  [jvm.dll+0xc06cc]
V  [jvm.dll+0x35b2db]
V  [jvm.dll+0x328803]
V  [jvm.dll+0x327cfa]
V  [jvm.dll+0x200602]
V  [jvm.dll+0x1ff794]
V  [jvm.dll+0x18868c]
V  [jvm.dll+0x20e0d7]
V  [jvm.dll+0x20c901]
V  [jvm.dll+0x6f9b7f]
V  [jvm.dll+0x6f26a5]
V  [jvm.dll+0x5fabf6]
C  [ucrtbase.dll+0x29363]
C  [KERNEL32.DLL+0x126ad]
C  [ntdll.dll+0x5a9f8]


---------------  P R O C E S S  ---------------

Threads class SMR info:
_java_thread_list=0x000002076f13baa0, length=23, elements={
0x000002075399a000, 0x000002076e690800, 0x000002076e692800, 0x000002076e6ef800,
0x000002076e6f2000, 0x000002076e6f3000, 0x000002076e6f4800, 0x000002076e6f6800,
0x000002076e6fa000, 0x000002076e85d000, 0x00000207701ce000, 0x00000207708d3800,
0x0000020770150000, 0x000002076f3b5000, 0x000002076f79f800, 0x0000020770005800,
0x000002076f67e800, 0x000002076ed51000, 0x000002076fec4800, 0x000002076fc15800,
0x000002076fc14000, 0x000002076fc16800, 0x000002076fc11800
}

Java Threads: ( => current thread )
  0x000002075399a000 JavaThread "main" [_thread_blocked, id=3284, stack(0x000000225d500000,0x000000225d600000)]
  0x000002076e690800 JavaThread "Reference Handler" daemon [_thread_blocked, id=32596, stack(0x000000225dc00000,0x000000225dd00000)]
  0x000002076e692800 JavaThread "Finalizer" daemon [_thread_blocked, id=28440, stack(0x000000225dd00000,0x000000225de00000)]
  0x000002076e6ef800 JavaThread "Signal Dispatcher" daemon [_thread_blocked, id=2452, stack(0x000000225de00000,0x000000225df00000)]
  0x000002076e6f2000 JavaThread "Attach Listener" daemon [_thread_blocked, id=29156, stack(0x000000225df00000,0x000000225e000000)]
  0x000002076e6f3000 JavaThread "Service Thread" daemon [_thread_blocked, id=15408, stack(0x000000225e000000,0x000000225e100000)]
=>0x000002076e6f4800 JavaThread "C2 CompilerThread0" daemon [_thread_in_native, id=24876, stack(0x000000225e100000,0x000000225e200000)]
  0x000002076e6f6800 JavaThread "C1 CompilerThread0" daemon [_thread_blocked, id=30372, stack(0x000000225e200000,0x000000225e300000)]
  0x000002076e6fa000 JavaThread "Sweeper thread" daemon [_thread_blocked, id=22112, stack(0x000000225e300000,0x000000225e400000)]
  0x000002076e85d000 JavaThread "Common-Cleaner" daemon [_thread_blocked, id=29356, stack(0x000000225e400000,0x000000225e500000)]
  0x00000207701ce000 JavaThread "Daemon health stats" [_thread_blocked, id=31968, stack(0x000000225eb00000,0x000000225ec00000)]
  0x00000207708d3800 JavaThread "Incoming local TCP Connector on port 61879" [_thread_in_native, id=31608, stack(0x000000225ec00000,0x000000225ed00000)]
  0x0000020770150000 JavaThread "Daemon periodic checks" [_thread_blocked, id=31104, stack(0x000000225ed00000,0x000000225ee00000)]
  0x000002076f3b5000 JavaThread "Daemon" [_thread_blocked, id=31720, stack(0x000000225ee00000,0x000000225ef00000)]
  0x000002076f79f800 JavaThread "Handler for socket connection from /127.0.0.1:61879 to /127.0.0.1:61880" [_thread_in_native, id=29276, stack(0x000000225ef00000,0x000000225f000000)]
  0x0000020770005800 JavaThread "Cancel handler" [_thread_blocked, id=6500, stack(0x000000225f000000,0x000000225f100000)]
  0x000002076f67e800 JavaThread "Daemon worker" [_thread_in_Java, id=2808, stack(0x000000225f100000,0x000000225f200000)]
  0x000002076ed51000 JavaThread "Asynchronous log dispatcher for DefaultDaemonConnection: socket connection from /127.0.0.1:61879 to /127.0.0.1:61880" [_thread_blocked, id=7568, stack(0x000000225f200000,0x000000225f300000)]
  0x000002076fec4800 JavaThread "Stdin handler" [_thread_blocked, id=9360, stack(0x000000225f300000,0x000000225f400000)]
  0x000002076fc15800 JavaThread "Daemon client event forwarder" [_thread_blocked, id=23960, stack(0x000000225f400000,0x000000225f500000)]
  0x000002076fc14000 JavaThread "Cache worker for journal cache (C:\Users\HP\Desktop\Android Projects\WeatherApp-master\caches\journal-1)" [_thread_blocked, id=32296, stack(0x000000225f500000,0x000000225f600000)]
  0x000002076fc16800 JavaThread "File lock request listener" [_thread_in_native, id=31388, stack(0x000000225f600000,0x000000225f700000)]
  0x000002076fc11800 JavaThread "Cache worker for file hash cache (C:\Users\HP\Desktop\Android Projects\WeatherApp-master\caches\7.3.3\fileHashes)" [_thread_blocked, id=4320, stack(0x000000225f700000,0x000000225f800000)]

Other Threads:
  0x000002076e688000 VMThread "VM Thread" [stack: 0x000000225db00000,0x000000225dc00000] [id=18020]
  0x000002076e863000 WatcherThread [stack: 0x000000225e500000,0x000000225e600000] [id=8204]
  0x00000207539b3000 GCTaskThread "GC Thread#0" [stack: 0x000000225d600000,0x000000225d700000] [id=17816]
  0x000002076f40b000 GCTaskThread "GC Thread#1" [stack: 0x000000225e600000,0x000000225e700000] [id=31588]
  0x000002076f4fd800 GCTaskThread "GC Thread#2" [stack: 0x000000225e700000,0x000000225e800000] [id=13760]
  0x000002076f599000 GCTaskThread "GC Thread#3" [stack: 0x000000225e800000,0x000000225e900000] [id=27784]
  0x000002076f59a000 GCTaskThread "GC Thread#4" [stack: 0x000000225e900000,0x000000225ea00000] [id=26420]
  0x000002076f486800 GCTaskThread "GC Thread#5" [stack: 0x000000225ea00000,0x000000225eb00000] [id=28696]
  0x000002076f88a800 GCTaskThread "GC Thread#6" [stack: 0x000000225f800000,0x000000225f900000] [id=32052]
  0x000002076fc87800 GCTaskThread "GC Thread#7" [stack: 0x000000225f900000,0x000000225fa00000] [id=19312]
  0x00000207539e6000 ConcurrentGCThread "G1 Main Marker" [stack: 0x000000225d700000,0x000000225d800000] [id=8540]
  0x00000207539e7000 ConcurrentGCThread "G1 Conc#0" [stack: 0x000000225d800000,0x000000225d900000] [id=27664]
  0x000002076ea33000 ConcurrentGCThread "G1 Conc#1" [stack: 0x000000225fa00000,0x000000225fb00000] [id=30756]
  0x000002076dcda800 ConcurrentGCThread "G1 Refine#0" [stack: 0x000000225d900000,0x000000225da00000] [id=31812]
  0x0000020753a6e000 ConcurrentGCThread "G1 Young RemSet Sampling" [stack: 0x000000225da00000,0x000000225db00000] [id=30084]

Threads with active compile tasks:
C2 CompilerThread0   9594 2001   !   4       java.lang.ClassLoader::loadClass (122 bytes)

VM state:not at safepoint (normal execution)

VM Mutex/Monitor currently owned by a thread: None

Heap address: 0x0000000080000000, size: 2048 MB, Compressed Oops mode: 32-bit
Narrow klass base: 0x0000000000000000, Narrow klass shift: 3
Compressed class space size: 1073741824 Address: 0x0000000100000000

Heap:
 garbage-first heap   total 258048K, used 22847K [0x0000000080000000, 0x0000000100000000)
  region size 1024K, 18 young (18432K), 11 survivors (11264K)
 Metaspace       used 21696K, capacity 22201K, committed 22400K, reserved 1069056K
  class space    used 2708K, capacity 2899K, committed 2944K, reserved 1048576K
Heap Regions: E=young(eden), S=young(survivor), O=old, HS=humongous(starts), HC=humongous(continues), CS=collection set, F=free, A=archive, TAMS=top-at-mark-start (previous, next)
|   0|0x0000000080000000, 0x0000000080000000, 0x0000000080100000|  0%| F|  |TAMS 0x0000000080000000, 0x0000000080000000| Untracked 
|   1|0x0000000080100000, 0x0000000080100000, 0x0000000080200000|  0%| F|  |TAMS 0x0000000080100000, 0x0000000080100000| Untracked 
|   2|0x0000000080200000, 0x0000000080200000, 0x0000000080300000|  0%| F|  |TAMS 0x0000000080200000, 0x0000000080200000| Untracked 
|   3|0x0000000080300000, 0x0000000080400000, 0x0000000080400000|100%|HS|  |TAMS 0x0000000080400000, 0x0000000080300000| Complete 
|   4|0x0000000080400000, 0x0000000080500000, 0x0000000080500000|100%|HC|  |TAMS 0x0000000080500000, 0x0000000080400000| Complete 
|   5|0x0000000080500000, 0x0000000080600000, 0x0000000080600000|100%|HC|  |TAMS 0x0000000080600000, 0x0000000080500000| Complete 
|   6|0x0000000080600000, 0x0000000080700000, 0x0000000080700000|100%| O|  |TAMS 0x0000000080700000, 0x0000000080600000| Untracked 
|   7|0x0000000080700000, 0x0000000080800000, 0x0000000080800000|100%| O|  |TAMS 0x0000000080800000, 0x0000000080700000| Untracked 
|   8|0x0000000080800000, 0x00000000808b4c00, 0x0000000080900000| 70%| O|  |TAMS 0x00000000808b4c00, 0x0000000080800000| Untracked 
|   9|0x0000000080900000, 0x0000000080900000, 0x0000000080a00000|  0%| F|  |TAMS 0x0000000080900000, 0x0000000080900000| Untracked 
|  10|0x0000000080a00000, 0x0000000080a00000, 0x0000000080b00000|  0%| F|  |TAMS 0x0000000080a00000, 0x0000000080a00000| Untracked 
|  11|0x0000000080b00000, 0x0000000080b00000, 0x0000000080c00000|  0%| F|  |TAMS 0x0000000080b00000, 0x0000000080b00000| Untracked 
|  12|0x0000000080c00000, 0x0000000080c00000, 0x0000000080d00000|  0%| F|  |TAMS 0x0000000080c00000, 0x0000000080c00000| Untracked 
|  13|0x0000000080d00000, 0x0000000080d00000, 0x0000000080e00000|  0%| F|  |TAMS 0x0000000080d00000, 0x0000000080d00000| Untracked 
|  14|0x0000000080e00000, 0x0000000080e00000, 0x0000000080f00000|  0%| F|  |TAMS 0x0000000080e00000, 0x0000000080e00000| Untracked 
|  15|0x0000000080f00000, 0x0000000080f00000, 0x0000000081000000|  0%| F|  |TAMS 0x0000000080f00000, 0x0000000080f00000| Untracked 
|  16|0x0000000081000000, 0x0000000081000000, 0x0000000081100000|  0%| F|  |TAMS 0x0000000081000000, 0x0000000081000000| Untracked 
|  17|0x0000000081100000, 0x0000000081100000, 0x0000000081200000|  0%| F|  |TAMS 0x0000000081100000, 0x0000000081100000| Untracked 
|  18|0x0000000081200000, 0x0000000081200000, 0x0000000081300000|  0%| F|  |TAMS 0x0000000081200000, 0x0000000081200000| Untracked 
|  19|0x0000000081300000, 0x0000000081300000, 0x0000000081400000|  0%| F|  |TAMS 0x0000000081300000, 0x0000000081300000| Untracked 
|  20|0x0000000081400000, 0x0000000081400000, 0x0000000081500000|  0%| F|  |TAMS 0x0000000081400000, 0x0000000081400000| Untracked 
|  21|0x0000000081500000, 0x0000000081500000, 0x0000000081600000|  0%| F|  |TAMS 0x0000000081500000, 0x0000000081500000| Untracked 
|  22|0x0000000081600000, 0x0000000081600000, 0x0000000081700000|  0%| F|  |TAMS 0x0000000081600000, 0x0000000081600000| Untracked 
|  23|0x0000000081700000, 0x0000000081700000, 0x0000000081800000|  0%| F|  |TAMS 0x0000000081700000, 0x0000000081700000| Untracked 
|  24|0x0000000081800000, 0x0000000081800000, 0x0000000081900000|  0%| F|  |TAMS 0x0000000081800000, 0x0000000081800000| Untracked 
|  25|0x0000000081900000, 0x0000000081900000, 0x0000000081a00000|  0%| F|  |TAMS 0x0000000081900000, 0x0000000081900000| Untracked 
|  26|0x0000000081a00000, 0x0000000081a00000, 0x0000000081b00000|  0%| F|  |TAMS 0x0000000081a00000, 0x0000000081a00000| Untracked 
|  27|0x0000000081b00000, 0x0000000081b00000, 0x0000000081c00000|  0%| F|  |TAMS 0x0000000081b00000, 0x0000000081b00000| Untracked 
|  28|0x0000000081c00000, 0x0000000081c00000, 0x0000000081d00000|  0%| F|  |TAMS 0x0000000081c00000, 0x0000000081c00000| Untracked 
|  29|0x0000000081d00000, 0x0000000081d00000, 0x0000000081e00000|  0%| F|  |TAMS 0x0000000081d00000, 0x0000000081d00000| Untracked 
|  30|0x0000000081e00000, 0x0000000081e00000, 0x0000000081f00000|  0%| F|  |TAMS 0x0000000081e00000, 0x0000000081e00000| Untracked 
|  31|0x0000000081f00000, 0x0000000081f00000, 0x0000000082000000|  0%| F|  |TAMS 0x0000000081f00000, 0x0000000081f00000| Untracked 
|  32|0x0000000082000000, 0x0000000082000000, 0x0000000082100000|  0%| F|  |TAMS 0x0000000082000000, 0x0000000082000000| Untracked 
|  33|0x0000000082100000, 0x0000000082100000, 0x0000000082200000|  0%| F|  |TAMS 0x0000000082100000, 0x0000000082100000| Untracked 
|  34|0x0000000082200000, 0x0000000082200000, 0x0000000082300000|  0%| F|  |TAMS 0x0000000082200000, 0x0000000082200000| Untracked 
|  35|0x0000000082300000, 0x0000000082300000, 0x0000000082400000|  0%| F|  |TAMS 0x0000000082300000, 0x0000000082300000| Untracked 
|  36|0x0000000082400000, 0x0000000082400000, 0x0000000082500000|  0%| F|  |TAMS 0x0000000082400000, 0x0000000082400000| Untracked 
|  37|0x0000000082500000, 0x0000000082500000, 0x0000000082600000|  0%| F|  |TAMS 0x0000000082500000, 0x0000000082500000| Untracked 
|  38|0x0000000082600000, 0x0000000082600000, 0x0000000082700000|  0%| F|  |TAMS 0x0000000082600000, 0x0000000082600000| Untracked 
|  39|0x0000000082700000, 0x0000000082700000, 0x0000000082800000|  0%| F|  |TAMS 0x0000000082700000, 0x0000000082700000| Untracked 
|  40|0x0000000082800000, 0x0000000082800000, 0x0000000082900000|  0%| F|  |TAMS 0x0000000082800000, 0x0000000082800000| Untracked 
|  41|0x0000000082900000, 0x0000000082900000, 0x0000000082a00000|  0%| F|  |TAMS 0x0000000082900000, 0x0000000082900000| Untracked 
|  42|0x0000000082a00000, 0x0000000082a00000, 0x0000000082b00000|  0%| F|  |TAMS 0x0000000082a00000, 0x0000000082a00000| Untracked 
|  43|0x0000000082b00000, 0x0000000082b00000, 0x0000000082c00000|  0%| F|  |TAMS 0x0000000082b00000, 0x0000000082b00000| Untracked 
|  44|0x0000000082c00000, 0x0000000082c00000, 0x0000000082d00000|  0%| F|  |TAMS 0x0000000082c00000, 0x0000000082c00000| Untracked 
|  45|0x0000000082d00000, 0x0000000082d00000, 0x0000000082e00000|  0%| F|  |TAMS 0x0000000082d00000, 0x0000000082d00000| Untracked 
|  46|0x0000000082e00000, 0x0000000082e00000, 0x0000000082f00000|  0%| F|  |TAMS 0x0000000082e00000, 0x0000000082e00000| Untracked 
|  47|0x0000000082f00000, 0x0000000082f00000, 0x0000000083000000|  0%| F|  |TAMS 0x0000000082f00000, 0x0000000082f00000| Untracked 
|  48|0x0000000083000000, 0x0000000083000000, 0x0000000083100000|  0%| F|  |TAMS 0x0000000083000000, 0x0000000083000000| Untracked 
|  49|0x0000000083100000, 0x0000000083100000, 0x0000000083200000|  0%| F|  |TAMS 0x0000000083100000, 0x0000000083100000| Untracked 
|  50|0x0000000083200000, 0x0000000083200000, 0x0000000083300000|  0%| F|  |TAMS 0x0000000083200000, 0x0000000083200000| Untracked 
|  51|0x0000000083300000, 0x0000000083300000, 0x0000000083400000|  0%| F|  |TAMS 0x0000000083300000, 0x0000000083300000| Untracked 
|  52|0x0000000083400000, 0x0000000083400000, 0x0000000083500000|  0%| F|  |TAMS 0x0000000083400000, 0x0000000083400000| Untracked 
|  53|0x0000000083500000, 0x0000000083500000, 0x0000000083600000|  0%| F|  |TAMS 0x0000000083500000, 0x0000000083500000| Untracked 
|  54|0x0000000083600000, 0x0000000083600000, 0x0000000083700000|  0%| F|  |TAMS 0x0000000083600000, 0x0000000083600000| Untracked 
|  55|0x0000000083700000, 0x0000000083700000, 0x0000000083800000|  0%| F|  |TAMS 0x0000000083700000, 0x0000000083700000| Untracked 
|  56|0x0000000083800000, 0x0000000083800000, 0x0000000083900000|  0%| F|  |TAMS 0x0000000083800000, 0x0000000083800000| Untracked 
|  57|0x0000000083900000, 0x0000000083900000, 0x0000000083a00000|  0%| F|  |TAMS 0x0000000083900000, 0x0000000083900000| Untracked 
|  58|0x0000000083a00000, 0x0000000083a00000, 0x0000000083b00000|  0%| F|  |TAMS 0x0000000083a00000, 0x0000000083a00000| Untracked 
|  59|0x0000000083b00000, 0x0000000083b00000, 0x0000000083c00000|  0%| F|  |TAMS 0x0000000083b00000, 0x0000000083b00000| Untracked 
|  60|0x0000000083c00000, 0x0000000083c00000, 0x0000000083d00000|  0%| F|  |TAMS 0x0000000083c00000, 0x0000000083c00000| Untracked 
|  61|0x0000000083d00000, 0x0000000083d00000, 0x0000000083e00000|  0%| F|  |TAMS 0x0000000083d00000, 0x0000000083d00000| Untracked 
|  62|0x0000000083e00000, 0x0000000083e00000, 0x0000000083f00000|  0%| F|  |TAMS 0x0000000083e00000, 0x0000000083e00000| Untracked 
|  63|0x0000000083f00000, 0x0000000083f00000, 0x0000000084000000|  0%| F|  |TAMS 0x0000000083f00000, 0x0000000083f00000| Untracked 
|  64|0x0000000084000000, 0x0000000084000000, 0x0000000084100000|  0%| F|  |TAMS 0x0000000084000000, 0x0000000084000000| Untracked 
|  65|0x0000000084100000, 0x0000000084100000, 0x0000000084200000|  0%| F|  |TAMS 0x0000000084100000, 0x0000000084100000| Untracked 
|  66|0x0000000084200000, 0x0000000084200000, 0x0000000084300000|  0%| F|  |TAMS 0x0000000084200000, 0x0000000084200000| Untracked 
|  67|0x0000000084300000, 0x0000000084300000, 0x0000000084400000|  0%| F|  |TAMS 0x0000000084300000, 0x0000000084300000| Untracked 
|  68|0x0000000084400000, 0x0000000084400000, 0x0000000084500000|  0%| F|  |TAMS 0x0000000084400000, 0x0000000084400000| Untracked 
|  69|0x0000000084500000, 0x0000000084500000, 0x0000000084600000|  0%| F|  |TAMS 0x0000000084500000, 0x0000000084500000| Untracked 
|  70|0x0000000084600000, 0x0000000084600000, 0x0000000084700000|  0%| F|  |TAMS 0x0000000084600000, 0x0000000084600000| Untracked 
|  71|0x0000000084700000, 0x0000000084700000, 0x0000000084800000|  0%| F|  |TAMS 0x0000000084700000, 0x0000000084700000| Untracked 
|  72|0x0000000084800000, 0x0000000084800000, 0x0000000084900000|  0%| F|  |TAMS 0x0000000084800000, 0x0000000084800000| Untracked 
|  73|0x0000000084900000, 0x0000000084900000, 0x0000000084a00000|  0%| F|  |TAMS 0x0000000084900000, 0x0000000084900000| Untracked 
|  74|0x0000000084a00000, 0x0000000084a00000, 0x0000000084b00000|  0%| F|  |TAMS 0x0000000084a00000, 0x0000000084a00000| Untracked 
|  75|0x0000000084b00000, 0x0000000084b00000, 0x0000000084c00000|  0%| F|  |TAMS 0x0000000084b00000, 0x0000000084b00000| Untracked 
|  76|0x0000000084c00000, 0x0000000084c00000, 0x0000000084d00000|  0%| F|  |TAMS 0x0000000084c00000, 0x0000000084c00000| Untracked 
|  77|0x0000000084d00000, 0x0000000084d00000, 0x0000000084e00000|  0%| F|  |TAMS 0x0000000084d00000, 0x0000000084d00000| Untracked 
|  78|0x0000000084e00000, 0x0000000084e00000, 0x0000000084f00000|  0%| F|  |TAMS 0x0000000084e00000, 0x0000000084e00000| Untracked 
|  79|0x0000000084f00000, 0x0000000084f00000, 0x0000000085000000|  0%| F|  |TAMS 0x0000000084f00000, 0x0000000084f00000| Untracked 
|  80|0x0000000085000000, 0x0000000085000000, 0x0000000085100000|  0%| F|  |TAMS 0x0000000085000000, 0x0000000085000000| Untracked 
|  81|0x0000000085100000, 0x0000000085100000, 0x0000000085200000|  0%| F|  |TAMS 0x0000000085100000, 0x0000000085100000| Untracked 
|  82|0x0000000085200000, 0x0000000085200000, 0x0000000085300000|  0%| F|  |TAMS 0x0000000085200000, 0x0000000085200000| Untracked 
|  83|0x0000000085300000, 0x0000000085300000, 0x0000000085400000|  0%| F|  |TAMS 0x0000000085300000, 0x0000000085300000| Untracked 
|  84|0x0000000085400000, 0x0000000085400000, 0x0000000085500000|  0%| F|  |TAMS 0x0000000085400000, 0x0000000085400000| Untracked 
|  85|0x0000000085500000, 0x0000000085500000, 0x0000000085600000|  0%| F|  |TAMS 0x0000000085500000, 0x0000000085500000| Untracked 
|  86|0x0000000085600000, 0x0000000085600000, 0x0000000085700000|  0%| F|  |TAMS 0x0000000085600000, 0x0000000085600000| Untracked 
|  87|0x0000000085700000, 0x0000000085700000, 0x0000000085800000|  0%| F|  |TAMS 0x0000000085700000, 0x0000000085700000| Untracked 
|  88|0x0000000085800000, 0x0000000085800000, 0x0000000085900000|  0%| F|  |TAMS 0x0000000085800000, 0x0000000085800000| Untracked 
|  89|0x0000000085900000, 0x0000000085900000, 0x0000000085a00000|  0%| F|  |TAMS 0x0000000085900000, 0x0000000085900000| Untracked 
|  90|0x0000000085a00000, 0x0000000085a00000, 0x0000000085b00000|  0%| F|  |TAMS 0x0000000085a00000, 0x0000000085a00000| Untracked 
|  91|0x0000000085b00000, 0x0000000085b00000, 0x0000000085c00000|  0%| F|  |TAMS 0x0000000085b00000, 0x0000000085b00000| Untracked 
|  92|0x0000000085c00000, 0x0000000085c00000, 0x0000000085d00000|  0%| F|  |TAMS 0x0000000085c00000, 0x0000000085c00000| Untracked 
|  93|0x0000000085d00000, 0x0000000085d00000, 0x0000000085e00000|  0%| F|  |TAMS 0x0000000085d00000, 0x0000000085d00000| Untracked 
|  94|0x0000000085e00000, 0x0000000085e00000, 0x0000000085f00000|  0%| F|  |TAMS 0x0000000085e00000, 0x0000000085e00000| Untracked 
|  95|0x0000000085f00000, 0x0000000085f00000, 0x0000000086000000|  0%| F|  |TAMS 0x0000000085f00000, 0x0000000085f00000| Untracked 
|  96|0x0000000086000000, 0x0000000086000000, 0x0000000086100000|  0%| F|  |TAMS 0x0000000086000000, 0x0000000086000000| Untracked 
|  97|0x0000000086100000, 0x0000000086100000, 0x0000000086200000|  0%| F|  |TAMS 0x0000000086100000, 0x0000000086100000| Untracked 
|  98|0x0000000086200000, 0x0000000086200000, 0x0000000086300000|  0%| F|  |TAMS 0x0000000086200000, 0x0000000086200000| Untracked 
|  99|0x0000000086300000, 0x0000000086300000, 0x0000000086400000|  0%| F|  |TAMS 0x0000000086300000, 0x0000000086300000| Untracked 
| 100|0x0000000086400000, 0x0000000086400000, 0x0000000086500000|  0%| F|  |TAMS 0x0000000086400000, 0x0000000086400000| Untracked 
| 101|0x0000000086500000, 0x0000000086500000, 0x0000000086600000|  0%| F|  |TAMS 0x0000000086500000, 0x0000000086500000| Untracked 
| 102|0x0000000086600000, 0x0000000086600000, 0x0000000086700000|  0%| F|  |TAMS 0x0000000086600000, 0x0000000086600000| Untracked 
| 103|0x0000000086700000, 0x0000000086700000, 0x0000000086800000|  0%| F|  |TAMS 0x0000000086700000, 0x0000000086700000| Untracked 
| 104|0x0000000086800000, 0x0000000086800000, 0x0000000086900000|  0%| F|  |TAMS 0x0000000086800000, 0x0000000086800000| Untracked 
| 105|0x0000000086900000, 0x0000000086900000, 0x0000000086a00000|  0%| F|  |TAMS 0x0000000086900000, 0x0000000086900000| Untracked 
| 106|0x0000000086a00000, 0x0000000086a00000, 0x0000000086b00000|  0%| F|  |TAMS 0x0000000086a00000, 0x0000000086a00000| Untracked 
| 107|0x0000000086b00000, 0x0000000086b00000, 0x0000000086c00000|  0%| F|  |TAMS 0x0000000086b00000, 0x0000000086b00000| Untracked 
| 108|0x0000000086c00000, 0x0000000086c00000, 0x0000000086d00000|  0%| F|  |TAMS 0x0000000086c00000, 0x0000000086c00000| Untracked 
| 109|0x0000000086d00000, 0x0000000086d00000, 0x0000000086e00000|  0%| F|  |TAMS 0x0000000086d00000, 0x0000000086d00000| Untracked 
| 110|0x0000000086e00000, 0x0000000086e00000, 0x0000000086f00000|  0%| F|  |TAMS 0x0000000086e00000, 0x0000000086e00000| Untracked 
| 111|0x0000000086f00000, 0x0000000086f00000, 0x0000000087000000|  0%| F|  |TAMS 0x0000000086f00000, 0x0000000086f00000| Untracked 
| 112|0x0000000087000000, 0x0000000087000000, 0x0000000087100000|  0%| F|  |TAMS 0x0000000087000000, 0x0000000087000000| Untracked 
| 113|0x0000000087100000, 0x0000000087100000, 0x0000000087200000|  0%| F|  |TAMS 0x0000000087100000, 0x0000000087100000| Untracked 
| 114|0x0000000087200000, 0x0000000087200000, 0x0000000087300000|  0%| F|  |TAMS 0x0000000087200000, 0x0000000087200000| Untracked 
| 115|0x0000000087300000, 0x0000000087300000, 0x0000000087400000|  0%| F|  |TAMS 0x0000000087300000, 0x0000000087300000| Untracked 
| 116|0x0000000087400000, 0x0000000087400000, 0x0000000087500000|  0%| F|  |TAMS 0x0000000087400000, 0x0000000087400000| Untracked 
| 117|0x0000000087500000, 0x0000000087500000, 0x0000000087600000|  0%| F|  |TAMS 0x0000000087500000, 0x0000000087500000| Untracked 
| 118|0x0000000087600000, 0x0000000087600000, 0x0000000087700000|  0%| F|  |TAMS 0x0000000087600000, 0x0000000087600000| Untracked 
| 119|0x0000000087700000, 0x0000000087700000, 0x0000000087800000|  0%| F|  |TAMS 0x0000000087700000, 0x0000000087700000| Untracked 
| 120|0x0000000087800000, 0x0000000087800000, 0x0000000087900000|  0%| F|  |TAMS 0x0000000087800000, 0x0000000087800000| Untracked 
| 121|0x0000000087900000, 0x0000000087900000, 0x0000000087a00000|  0%| F|  |TAMS 0x0000000087900000, 0x0000000087900000| Untracked 
| 122|0x0000000087a00000, 0x0000000087a00000, 0x0000000087b00000|  0%| F|  |TAMS 0x0000000087a00000, 0x0000000087a00000| Untracked 
| 123|0x0000000087b00000, 0x0000000087b00000, 0x0000000087c00000|  0%| F|  |TAMS 0x0000000087b00000, 0x0000000087b00000| Untracked 
| 124|0x0000000087c00000, 0x0000000087c00000, 0x0000000087d00000|  0%| F|  |TAMS 0x0000000087c00000, 0x0000000087c00000| Untracked 
| 125|0x0000000087d00000, 0x0000000087d00000, 0x0000000087e00000|  0%| F|  |TAMS 0x0000000087d00000, 0x0000000087d00000| Untracked 
| 126|0x0000000087e00000, 0x0000000087e00000, 0x0000000087f00000|  0%| F|  |TAMS 0x0000000087e00000, 0x0000000087e00000| Untracked 
| 127|0x0000000087f00000, 0x0000000087f00000, 0x0000000088000000|  0%| F|  |TAMS 0x0000000087f00000, 0x0000000087f00000| Untracked 
| 128|0x0000000088000000, 0x0000000088000000, 0x0000000088100000|  0%| F|  |TAMS 0x0000000088000000, 0x0000000088000000| Untracked 
| 129|0x0000000088100000, 0x0000000088100000, 0x0000000088200000|  0%| F|  |TAMS 0x0000000088100000, 0x0000000088100000| Untracked 
| 130|0x0000000088200000, 0x0000000088200000, 0x0000000088300000|  0%| F|  |TAMS 0x0000000088200000, 0x0000000088200000| Untracked 
| 131|0x0000000088300000, 0x000000008839b218, 0x0000000088400000| 60%| S|CS|TAMS 0x0000000088300000, 0x0000000088300000| Complete 
| 132|0x0000000088400000, 0x0000000088500000, 0x0000000088500000|100%| S|CS|TAMS 0x0000000088400000, 0x0000000088400000| Complete 
| 133|0x0000000088500000, 0x0000000088600000, 0x0000000088600000|100%| S|CS|TAMS 0x0000000088500000, 0x0000000088500000| Complete 
| 134|0x0000000088600000, 0x0000000088700000, 0x0000000088700000|100%| S|CS|TAMS 0x0000000088600000, 0x0000000088600000| Complete 
| 135|0x0000000088700000, 0x0000000088800000, 0x0000000088800000|100%| S|CS|TAMS 0x0000000088700000, 0x0000000088700000| Complete 
| 136|0x0000000088800000, 0x0000000088900000, 0x0000000088900000|100%| S|CS|TAMS 0x0000000088800000, 0x0000000088800000| Complete 
| 137|0x0000000088900000, 0x0000000088a00000, 0x0000000088a00000|100%| S|CS|TAMS 0x0000000088900000, 0x0000000088900000| Complete 
| 138|0x0000000088a00000, 0x0000000088b00000, 0x0000000088b00000|100%| S|CS|TAMS 0x0000000088a00000, 0x0000000088a00000| Complete 
| 139|0x0000000088b00000, 0x0000000088c00000, 0x0000000088c00000|100%| S|CS|TAMS 0x0000000088b00000, 0x0000000088b00000| Complete 
| 140|0x0000000088c00000, 0x0000000088d00000, 0x0000000088d00000|100%| S|CS|TAMS 0x0000000088c00000, 0x0000000088c00000| Complete 
| 141|0x0000000088d00000, 0x0000000088e00000, 0x0000000088e00000|100%| S|CS|TAMS 0x0000000088d00000, 0x0000000088d00000| Complete 
| 142|0x0000000088e00000, 0x0000000088e00000, 0x0000000088f00000|  0%| F|  |TAMS 0x0000000088e00000, 0x0000000088e00000| Untracked 
| 143|0x0000000088f00000, 0x0000000088f00000, 0x0000000089000000|  0%| F|  |TAMS 0x0000000088f00000, 0x0000000088f00000| Untracked 
| 144|0x0000000089000000, 0x0000000089000000, 0x0000000089100000|  0%| F|  |TAMS 0x0000000089000000, 0x0000000089000000| Untracked 
| 145|0x0000000089100000, 0x0000000089100000, 0x0000000089200000|  0%| F|  |TAMS 0x0000000089100000, 0x0000000089100000| Untracked 
| 146|0x0000000089200000, 0x0000000089200000, 0x0000000089300000|  0%| F|  |TAMS 0x0000000089200000, 0x0000000089200000| Untracked 
| 147|0x0000000089300000, 0x0000000089300000, 0x0000000089400000|  0%| F|  |TAMS 0x0000000089300000, 0x0000000089300000| Untracked 
| 148|0x0000000089400000, 0x0000000089400000, 0x0000000089500000|  0%| F|  |TAMS 0x0000000089400000, 0x0000000089400000| Untracked 
| 149|0x0000000089500000, 0x0000000089500000, 0x0000000089600000|  0%| F|  |TAMS 0x0000000089500000, 0x0000000089500000| Untracked 
| 150|0x0000000089600000, 0x0000000089600000, 0x0000000089700000|  0%| F|  |TAMS 0x0000000089600000, 0x0000000089600000| Untracked 
| 151|0x0000000089700000, 0x0000000089700000, 0x0000000089800000|  0%| F|  |TAMS 0x0000000089700000, 0x0000000089700000| Untracked 
| 152|0x0000000089800000, 0x0000000089800000, 0x0000000089900000|  0%| F|  |TAMS 0x0000000089800000, 0x0000000089800000| Untracked 
| 153|0x0000000089900000, 0x0000000089900000, 0x0000000089a00000|  0%| F|  |TAMS 0x0000000089900000, 0x0000000089900000| Untracked 
| 154|0x0000000089a00000, 0x0000000089a00000, 0x0000000089b00000|  0%| F|  |TAMS 0x0000000089a00000, 0x0000000089a00000| Untracked 
| 155|0x0000000089b00000, 0x0000000089b00000, 0x0000000089c00000|  0%| F|  |TAMS 0x0000000089b00000, 0x0000000089b00000| Untracked 
| 156|0x0000000089c00000, 0x0000000089c00000, 0x0000000089d00000|  0%| F|  |TAMS 0x0000000089c00000, 0x0000000089c00000| Untracked 
| 157|0x0000000089d00000, 0x0000000089d00000, 0x0000000089e00000|  0%| F|  |TAMS 0x0000000089d00000, 0x0000000089d00000| Untracked 
| 158|0x0000000089e00000, 0x0000000089e00000, 0x0000000089f00000|  0%| F|  |TAMS 0x0000000089e00000, 0x0000000089e00000| Untracked 
| 159|0x0000000089f00000, 0x0000000089f00000, 0x000000008a000000|  0%| F|  |TAMS 0x0000000089f00000, 0x0000000089f00000| Untracked 
| 160|0x000000008a000000, 0x000000008a000000, 0x000000008a100000|  0%| F|  |TAMS 0x000000008a000000, 0x000000008a000000| Untracked 
| 161|0x000000008a100000, 0x000000008a100000, 0x000000008a200000|  0%| F|  |TAMS 0x000000008a100000, 0x000000008a100000| Untracked 
| 162|0x000000008a200000, 0x000000008a200000, 0x000000008a300000|  0%| F|  |TAMS 0x000000008a200000, 0x000000008a200000| Untracked 
| 163|0x000000008a300000, 0x000000008a300000, 0x000000008a400000|  0%| F|  |TAMS 0x000000008a300000, 0x000000008a300000| Untracked 
| 164|0x000000008a400000, 0x000000008a400000, 0x000000008a500000|  0%| F|  |TAMS 0x000000008a400000, 0x000000008a400000| Untracked 
| 165|0x000000008a500000, 0x000000008a500000, 0x000000008a600000|  0%| F|  |TAMS 0x000000008a500000, 0x000000008a500000| Untracked 
| 166|0x000000008a600000, 0x000000008a600000, 0x000000008a700000|  0%| F|  |TAMS 0x000000008a600000, 0x000000008a600000| Untracked 
| 167|0x000000008a700000, 0x000000008a700000, 0x000000008a800000|  0%| F|  |TAMS 0x000000008a700000, 0x000000008a700000| Untracked 
| 168|0x000000008a800000, 0x000000008a800000, 0x000000008a900000|  0%| F|  |TAMS 0x000000008a800000, 0x000000008a800000| Untracked 
| 169|0x000000008a900000, 0x000000008a900000, 0x000000008aa00000|  0%| F|  |TAMS 0x000000008a900000, 0x000000008a900000| Untracked 
| 170|0x000000008aa00000, 0x000000008aa00000, 0x000000008ab00000|  0%| F|  |TAMS 0x000000008aa00000, 0x000000008aa00000| Untracked 
| 171|0x000000008ab00000, 0x000000008ab00000, 0x000000008ac00000|  0%| F|  |TAMS 0x000000008ab00000, 0x000000008ab00000| Untracked 
| 172|0x000000008ac00000, 0x000000008ac00000, 0x000000008ad00000|  0%| F|  |TAMS 0x000000008ac00000, 0x000000008ac00000| Untracked 
| 173|0x000000008ad00000, 0x000000008ad00000, 0x000000008ae00000|  0%| F|  |TAMS 0x000000008ad00000, 0x000000008ad00000| Untracked 
| 174|0x000000008ae00000, 0x000000008ae00000, 0x000000008af00000|  0%| F|  |TAMS 0x000000008ae00000, 0x000000008ae00000| Untracked 
| 175|0x000000008af00000, 0x000000008af00000, 0x000000008b000000|  0%| F|  |TAMS 0x000000008af00000, 0x000000008af00000| Untracked 
| 176|0x000000008b000000, 0x000000008b000000, 0x000000008b100000|  0%| F|  |TAMS 0x000000008b000000, 0x000000008b000000| Untracked 
| 177|0x000000008b100000, 0x000000008b100000, 0x000000008b200000|  0%| F|  |TAMS 0x000000008b100000, 0x000000008b100000| Untracked 
| 178|0x000000008b200000, 0x000000008b200000, 0x000000008b300000|  0%| F|  |TAMS 0x000000008b200000, 0x000000008b200000| Untracked 
| 179|0x000000008b300000, 0x000000008b300000, 0x000000008b400000|  0%| F|  |TAMS 0x000000008b300000, 0x000000008b300000| Untracked 
| 180|0x000000008b400000, 0x000000008b400000, 0x000000008b500000|  0%| F|  |TAMS 0x000000008b400000, 0x000000008b400000| Untracked 
| 181|0x000000008b500000, 0x000000008b500000, 0x000000008b600000|  0%| F|  |TAMS 0x000000008b500000, 0x000000008b500000| Untracked 
| 182|0x000000008b600000, 0x000000008b600000, 0x000000008b700000|  0%| F|  |TAMS 0x000000008b600000, 0x000000008b600000| Untracked 
| 183|0x000000008b700000, 0x000000008b700000, 0x000000008b800000|  0%| F|  |TAMS 0x000000008b700000, 0x000000008b700000| Untracked 
| 184|0x000000008b800000, 0x000000008b800000, 0x000000008b900000|  0%| F|  |TAMS 0x000000008b800000, 0x000000008b800000| Untracked 
| 185|0x000000008b900000, 0x000000008b900000, 0x000000008ba00000|  0%| F|  |TAMS 0x000000008b900000, 0x000000008b900000| Untracked 
| 186|0x000000008ba00000, 0x000000008ba00000, 0x000000008bb00000|  0%| F|  |TAMS 0x000000008ba00000, 0x000000008ba00000| Untracked 
| 187|0x000000008bb00000, 0x000000008bb00000, 0x000000008bc00000|  0%| F|  |TAMS 0x000000008bb00000, 0x000000008bb00000| Untracked 
| 188|0x000000008bc00000, 0x000000008bc00000, 0x000000008bd00000|  0%| F|  |TAMS 0x000000008bc00000, 0x000000008bc00000| Untracked 
| 189|0x000000008bd00000, 0x000000008bd00000, 0x000000008be00000|  0%| F|  |TAMS 0x000000008bd00000, 0x000000008bd00000| Untracked 
| 190|0x000000008be00000, 0x000000008be00000, 0x000000008bf00000|  0%| F|  |TAMS 0x000000008be00000, 0x000000008be00000| Untracked 
| 191|0x000000008bf00000, 0x000000008bf00000, 0x000000008c000000|  0%| F|  |TAMS 0x000000008bf00000, 0x000000008bf00000| Untracked 
| 192|0x000000008c000000, 0x000000008c000000, 0x000000008c100000|  0%| F|  |TAMS 0x000000008c000000, 0x000000008c000000| Untracked 
| 193|0x000000008c100000, 0x000000008c100000, 0x000000008c200000|  0%| F|  |TAMS 0x000000008c100000, 0x000000008c100000| Untracked 
| 194|0x000000008c200000, 0x000000008c200000, 0x000000008c300000|  0%| F|  |TAMS 0x000000008c200000, 0x000000008c200000| Untracked 
| 195|0x000000008c300000, 0x000000008c300000, 0x000000008c400000|  0%| F|  |TAMS 0x000000008c300000, 0x000000008c300000| Untracked 
| 196|0x000000008c400000, 0x000000008c400000, 0x000000008c500000|  0%| F|  |TAMS 0x000000008c400000, 0x000000008c400000| Untracked 
| 197|0x000000008c500000, 0x000000008c500000, 0x000000008c600000|  0%| F|  |TAMS 0x000000008c500000, 0x000000008c500000| Untracked 
| 198|0x000000008c600000, 0x000000008c600000, 0x000000008c700000|  0%| F|  |TAMS 0x000000008c600000, 0x000000008c600000| Untracked 
| 199|0x000000008c700000, 0x000000008c700000, 0x000000008c800000|  0%| F|  |TAMS 0x000000008c700000, 0x000000008c700000| Untracked 
| 200|0x000000008c800000, 0x000000008c800000, 0x000000008c900000|  0%| F|  |TAMS 0x000000008c800000, 0x000000008c800000| Untracked 
| 201|0x000000008c900000, 0x000000008c900000, 0x000000008ca00000|  0%| F|  |TAMS 0x000000008c900000, 0x000000008c900000| Untracked 
| 202|0x000000008ca00000, 0x000000008ca00000, 0x000000008cb00000|  0%| F|  |TAMS 0x000000008ca00000, 0x000000008ca00000| Untracked 
| 203|0x000000008cb00000, 0x000000008cb00000, 0x000000008cc00000|  0%| F|  |TAMS 0x000000008cb00000, 0x000000008cb00000| Untracked 
| 204|0x000000008cc00000, 0x000000008cc00000, 0x000000008cd00000|  0%| F|  |TAMS 0x000000008cc00000, 0x000000008cc00000| Untracked 
| 205|0x000000008cd00000, 0x000000008cd00000, 0x000000008ce00000|  0%| F|  |TAMS 0x000000008cd00000, 0x000000008cd00000| Untracked 
| 206|0x000000008ce00000, 0x000000008ce00000, 0x000000008cf00000|  0%| F|  |TAMS 0x000000008ce00000, 0x000000008ce00000| Untracked 
| 207|0x000000008cf00000, 0x000000008cf00000, 0x000000008d000000|  0%| F|  |TAMS 0x000000008cf00000, 0x000000008cf00000| Untracked 
| 208|0x000000008d000000, 0x000000008d000000, 0x000000008d100000|  0%| F|  |TAMS 0x000000008d000000, 0x000000008d000000| Untracked 
| 209|0x000000008d100000, 0x000000008d100000, 0x000000008d200000|  0%| F|  |TAMS 0x000000008d100000, 0x000000008d100000| Untracked 
| 210|0x000000008d200000, 0x000000008d200000, 0x000000008d300000|  0%| F|  |TAMS 0x000000008d200000, 0x000000008d200000| Untracked 
| 211|0x000000008d300000, 0x000000008d300000, 0x000000008d400000|  0%| F|  |TAMS 0x000000008d300000, 0x000000008d300000| Untracked 
| 212|0x000000008d400000, 0x000000008d400000, 0x000000008d500000|  0%| F|  |TAMS 0x000000008d400000, 0x000000008d400000| Untracked 
| 213|0x000000008d500000, 0x000000008d500000, 0x000000008d600000|  0%| F|  |TAMS 0x000000008d500000, 0x000000008d500000| Untracked 
| 214|0x000000008d600000, 0x000000008d600000, 0x000000008d700000|  0%| F|  |TAMS 0x000000008d600000, 0x000000008d600000| Untracked 
| 215|0x000000008d700000, 0x000000008d700000, 0x000000008d800000|  0%| F|  |TAMS 0x000000008d700000, 0x000000008d700000| Untracked 
| 216|0x000000008d800000, 0x000000008d800000, 0x000000008d900000|  0%| F|  |TAMS 0x000000008d800000, 0x000000008d800000| Untracked 
| 217|0x000000008d900000, 0x000000008d900000, 0x000000008da00000|  0%| F|  |TAMS 0x000000008d900000, 0x000000008d900000| Untracked 
| 218|0x000000008da00000, 0x000000008da00000, 0x000000008db00000|  0%| F|  |TAMS 0x000000008da00000, 0x000000008da00000| Untracked 
| 219|0x000000008db00000, 0x000000008db00000, 0x000000008dc00000|  0%| F|  |TAMS 0x000000008db00000, 0x000000008db00000| Untracked 
| 220|0x000000008dc00000, 0x000000008dc00000, 0x000000008dd00000|  0%| F|  |TAMS 0x000000008dc00000, 0x000000008dc00000| Untracked 
| 221|0x000000008dd00000, 0x000000008dd00000, 0x000000008de00000|  0%| F|  |TAMS 0x000000008dd00000, 0x000000008dd00000| Untracked 
| 222|0x000000008de00000, 0x000000008de00000, 0x000000008df00000|  0%| F|  |TAMS 0x000000008de00000, 0x000000008de00000| Untracked 
| 223|0x000000008df00000, 0x000000008df00000, 0x000000008e000000|  0%| F|  |TAMS 0x000000008df00000, 0x000000008df00000| Untracked 
| 224|0x000000008e000000, 0x000000008e000000, 0x000000008e100000|  0%| F|  |TAMS 0x000000008e000000, 0x000000008e000000| Untracked 
| 225|0x000000008e100000, 0x000000008e100000, 0x000000008e200000|  0%| F|  |TAMS 0x000000008e100000, 0x000000008e100000| Untracked 
| 226|0x000000008e200000, 0x000000008e200000, 0x000000008e300000|  0%| F|  |TAMS 0x000000008e200000, 0x000000008e200000| Untracked 
| 227|0x000000008e300000, 0x000000008e300000, 0x000000008e400000|  0%| F|  |TAMS 0x000000008e300000, 0x000000008e300000| Untracked 
| 228|0x000000008e400000, 0x000000008e400000, 0x000000008e500000|  0%| F|  |TAMS 0x000000008e400000, 0x000000008e400000| Untracked 
| 229|0x000000008e500000, 0x000000008e500000, 0x000000008e600000|  0%| F|  |TAMS 0x000000008e500000, 0x000000008e500000| Untracked 
| 230|0x000000008e600000, 0x000000008e600000, 0x000000008e700000|  0%| F|  |TAMS 0x000000008e600000, 0x000000008e600000| Untracked 
| 231|0x000000008e700000, 0x000000008e700000, 0x000000008e800000|  0%| F|  |TAMS 0x000000008e700000, 0x000000008e700000| Untracked 
| 232|0x000000008e800000, 0x000000008e800000, 0x000000008e900000|  0%| F|  |TAMS 0x000000008e800000, 0x000000008e800000| Untracked 
| 233|0x000000008e900000, 0x000000008e900000, 0x000000008ea00000|  0%| F|  |TAMS 0x000000008e900000, 0x000000008e900000| Untracked 
| 234|0x000000008ea00000, 0x000000008ea00000, 0x000000008eb00000|  0%| F|  |TAMS 0x000000008ea00000, 0x000000008ea00000| Untracked 
| 235|0x000000008eb00000, 0x000000008eb00000, 0x000000008ec00000|  0%| F|  |TAMS 0x000000008eb00000, 0x000000008eb00000| Untracked 
| 236|0x000000008ec00000, 0x000000008ec00000, 0x000000008ed00000|  0%| F|  |TAMS 0x000000008ec00000, 0x000000008ec00000| Untracked 
| 237|0x000000008ed00000, 0x000000008ed00000, 0x000000008ee00000|  0%| F|  |TAMS 0x000000008ed00000, 0x000000008ed00000| Untracked 
| 238|0x000000008ee00000, 0x000000008ee00000, 0x000000008ef00000|  0%| F|  |TAMS 0x000000008ee00000, 0x000000008ee00000| Untracked 
| 239|0x000000008ef00000, 0x000000008ef00000, 0x000000008f000000|  0%| F|  |TAMS 0x000000008ef00000, 0x000000008ef00000| Untracked 
| 240|0x000000008f000000, 0x000000008f000000, 0x000000008f100000|  0%| F|  |TAMS 0x000000008f000000, 0x000000008f000000| Untracked 
| 241|0x000000008f100000, 0x000000008f100000, 0x000000008f200000|  0%| F|  |TAMS 0x000000008f100000, 0x000000008f100000| Untracked 
| 242|0x000000008f200000, 0x000000008f200000, 0x000000008f300000|  0%| F|  |TAMS 0x000000008f200000, 0x000000008f200000| Untracked 
| 243|0x000000008f300000, 0x000000008f300000, 0x000000008f400000|  0%| F|  |TAMS 0x000000008f300000, 0x000000008f300000| Untracked 
| 244|0x000000008f400000, 0x000000008f400000, 0x000000008f500000|  0%| F|  |TAMS 0x000000008f400000, 0x000000008f400000| Untracked 
| 245|0x000000008f500000, 0x000000008f600000, 0x000000008f600000|100%| E|  |TAMS 0x000000008f500000, 0x000000008f500000| Complete 
| 246|0x000000008f600000, 0x000000008f700000, 0x000000008f700000|100%| E|CS|TAMS 0x000000008f600000, 0x000000008f600000| Complete 
| 247|0x000000008f700000, 0x000000008f800000, 0x000000008f800000|100%| E|CS|TAMS 0x000000008f700000, 0x000000008f700000| Complete 
| 248|0x000000008f800000, 0x000000008f900000, 0x000000008f900000|100%| E|CS|TAMS 0x000000008f800000, 0x000000008f800000| Complete 
| 249|0x000000008f900000, 0x000000008fa00000, 0x000000008fa00000|100%| E|CS|TAMS 0x000000008f900000, 0x000000008f900000| Complete 
| 250|0x000000008fa00000, 0x000000008fb00000, 0x000000008fb00000|100%| E|CS|TAMS 0x000000008fa00000, 0x000000008fa00000| Complete 
| 251|0x000000008fb00000, 0x000000008fc00000, 0x000000008fc00000|100%| E|CS|TAMS 0x000000008fb00000, 0x000000008fb00000| Complete 

Card table byte_map: [0x0000020766bd0000,0x0000020766fd0000] _byte_map_base: 0x00000207667d0000

Marking Bits (Prev, Next): (CMBitMap*) 0x00000207539dc360, (CMBitMap*) 0x00000207539dc328
 Prev Bits: [0x00000207693d0000, 0x000002076b3d0000)
 Next Bits: [0x00000207673d0000, 0x00000207693d0000)

Polling page: 0x0000020753170000

Metaspace:

Usage:
  Non-class:     18.85 MB capacity,    18.55 MB ( 98%) used,   274.41 KB (  1%) free+waste,    37.13 KB ( <1%) overhead. 
      Class:      2.83 MB capacity,     2.65 MB ( 93%) used,   170.70 KB (  6%) free+waste,    18.38 KB ( <1%) overhead. 
       Both:     21.68 MB capacity,    21.19 MB ( 98%) used,   445.10 KB (  2%) free+waste,    55.50 KB ( <1%) overhead. 

Virtual space:
  Non-class space:       20.00 MB reserved,      19.00 MB ( 95%) committed 
      Class space:        1.00 GB reserved,       2.88 MB ( <1%) committed 
             Both:        1.02 GB reserved,      21.88 MB (  2%) committed 

Chunk freelists:
   Non-Class:  26.00 KB
       Class:  13.00 KB
        Both:  39.00 KB

MaxMetaspaceSize: 17179869184.00 GB
CompressedClassSpaceSize: 1.00 GB
Initial GC threshold: 20.80 MB
Current GC threshold: 35.00 MB
CDS: off

CodeHeap 'non-profiled nmethods': size=120000Kb used=1020Kb max_used=1020Kb free=118979Kb
 bounds [0x000002075ef70000, 0x000002075f1e0000, 0x00000207664a0000]
CodeHeap 'profiled nmethods': size=120000Kb used=4305Kb max_used=4305Kb free=115694Kb
 bounds [0x0000020757a40000, 0x0000020757e80000, 0x000002075ef70000]
CodeHeap 'non-nmethods': size=5760Kb used=1224Kb max_used=1238Kb free=4536Kb
 bounds [0x00000207574a0000, 0x0000020757710000, 0x0000020757a40000]
 total_blobs=2512 nmethods=2032 adapters=392
 compilation: enabled
              stopped_count=0, restarted_count=0
 full_count=0

Compilation events (20 events):
Event: 9.507 Thread 0x000002076e6f6800 2016       3       sun.security.provider.MD5::GG (33 bytes)
Event: 9.507 Thread 0x000002076e6f6800 nmethod 2016 0x0000020757e5f010 code [0x0000020757e5f1c0, 0x0000020757e5f2d8]
Event: 9.507 Thread 0x000002076e6f6800 2018       3       sun.security.provider.MD5::II (31 bytes)
Event: 9.507 Thread 0x000002076e6f6800 nmethod 2018 0x0000020757e5f390 code [0x0000020757e5f540, 0x0000020757e5f658]
Event: 9.507 Thread 0x000002076e6f6800 2017       3       sun.security.provider.MD5::HH (29 bytes)
Event: 9.507 Thread 0x000002076e6f6800 nmethod 2017 0x0000020757e5f710 code [0x0000020757e5f8c0, 0x0000020757e5f9d8]
Event: 9.508 Thread 0x000002076e6f6800 2019       3       sun.reflect.generics.factory.CoreReflectionFactory::getDeclsLoader (85 bytes)
Event: 9.510 Thread 0x000002076e6f6800 nmethod 2019 0x0000020757e5fa90 code [0x0000020757e5fe20, 0x0000020757e61bb8]
Event: 9.510 Thread 0x000002076e6f6800 2020       3       java.lang.ThreadLocal::get (38 bytes)
Event: 9.510 Thread 0x000002076e6f6800 nmethod 2020 0x0000020757e62290 code [0x0000020757e62480, 0x0000020757e62748]
Event: 9.510 Thread 0x000002076e6f6800 2021       3       java.lang.System$2::getAnnotationType (5 bytes)
Event: 9.510 Thread 0x000002076e6f6800 nmethod 2021 0x0000020757e62890 code [0x0000020757e62a40, 0x0000020757e62b58]
Event: 9.510 Thread 0x000002076e6f6800 2022       1       sun.reflect.annotation.AnnotationType::memberTypes (5 bytes)
Event: 9.510 Thread 0x000002076e6f6800 nmethod 2022 0x000002075f06dd90 code [0x000002075f06df40, 0x000002075f06dff8]
Event: 9.510 Thread 0x000002076e6f6800 2023       1       sun.reflect.annotation.AnnotationType::memberDefaults (5 bytes)
Event: 9.510 Thread 0x000002076e6f6800 nmethod 2023 0x000002075f06e090 code [0x000002075f06e240, 0x000002075f06e2f8]
Event: 9.514 Thread 0x000002076e6f6800 2025       1       sun.reflect.annotation.AnnotationType::retention (5 bytes)
Event: 9.514 Thread 0x000002076e6f6800 nmethod 2025 0x000002075f06e390 code [0x000002075f06e540, 0x000002075f06e5f8]
Event: 9.514 Thread 0x000002076e6f6800 2026       3       jdk.internal.misc.SharedSecrets::getJavaLangAccess (4 bytes)
Event: 9.514 Thread 0x000002076e6f6800 nmethod 2026 0x0000020757e62c10 code [0x0000020757e62dc0, 0x0000020757e62eb8]

GC Heap History (4 events):
Event: 3.099 GC heap before
{Heap before GC invocations=0 (full 0):
 garbage-first heap   total 258048K, used 29696K [0x0000000080000000, 0x0000000100000000)
  region size 1024K, 24 young (24576K), 0 survivors (0K)
 Metaspace       used 9780K, capacity 10024K, committed 10112K, reserved 1058816K
  class space    used 1014K, capacity 1069K, committed 1152K, reserved 1048576K
}
Event: 3.171 GC heap after
{Heap after GC invocations=1 (full 0):
 garbage-first heap   total 258048K, used 8914K [0x0000000080000000, 0x0000000100000000)
  region size 1024K, 3 young (3072K), 3 survivors (3072K)
 Metaspace       used 9780K, capacity 10024K, committed 10112K, reserved 1058816K
  class space    used 1014K, capacity 1069K, committed 1152K, reserved 1048576K
}
Event: 9.355 GC heap before
{Heap before GC invocations=1 (full 0):
 garbage-first heap   total 258048K, used 117458K [0x0000000080000000, 0x0000000100000000)
  region size 1024K, 110 young (112640K), 3 survivors (3072K)
 Metaspace       used 20776K, capacity 21142K, committed 21248K, reserved 1067008K
  class space    used 2551K, capacity 2711K, committed 2816K, reserved 1048576K
}
Event: 9.373 GC heap after
{Heap after GC invocations=2 (full 0):
 garbage-first heap   total 258048K, used 16703K [0x0000000080000000, 0x0000000100000000)
  region size 1024K, 11 young (11264K), 11 survivors (11264K)
 Metaspace       used 20776K, capacity 21142K, committed 21248K, reserved 1067008K
  class space    used 2551K, capacity 2711K, committed 2816K, reserved 1048576K
}

Deoptimization events (20 events):
Event: 9.309 Thread 0x000002076f67e800 Uncommon trap: trap_request=0xffffff4d fr.pc=0x000002075ef8d488 relative=0x0000000000000ae8
Event: 9.309 Thread 0x000002076f67e800 Uncommon trap: reason=unstable_if action=reinterpret pc=0x000002075ef8d488 method=java.io.WinNTFileSystem.resolve(Ljava/lang/String;Ljava/lang/String;)Ljava/lang/String; @ 19 c2
Event: 9.309 Thread 0x000002076f67e800 DEOPT PACKING pc=0x000002075ef8d488 sp=0x000000225f1fafd0
Event: 9.309 Thread 0x000002076f67e800 DEOPT UNPACKING pc=0x00000207574a85af sp=0x000000225f1faf68 mode 2
Event: 9.309 Thread 0x000002076f67e800 Uncommon trap: trap_request=0xffffffc6 fr.pc=0x000002075eff4b24 relative=0x0000000000000084
Event: 9.309 Thread 0x000002076f67e800 Uncommon trap: reason=bimorphic_or_optimized_type_check action=maybe_recompile pc=0x000002075eff4b24 method=java.util.AbstractList$Itr.hasNext()Z @ 8 c2
Event: 9.309 Thread 0x000002076f67e800 DEOPT PACKING pc=0x000002075eff4b24 sp=0x000000225f1fa5a0
Event: 9.309 Thread 0x000002076f67e800 DEOPT UNPACKING pc=0x00000207574a85af sp=0x000000225f1fa538 mode 2
Event: 9.309 Thread 0x000002076f67e800 Uncommon trap: trap_request=0xffffffc6 fr.pc=0x000002075eff5754 relative=0x0000000000000114
Event: 9.309 Thread 0x000002076f67e800 Uncommon trap: reason=bimorphic_or_optimized_type_check action=maybe_recompile pc=0x000002075eff5754 method=java.util.AbstractList$Itr.next()Ljava/lang/Object; @ 14 c2
Event: 9.309 Thread 0x000002076f67e800 DEOPT PACKING pc=0x000002075eff5754 sp=0x000000225f1fa590
Event: 9.309 Thread 0x000002076f67e800 DEOPT UNPACKING pc=0x00000207574a85af sp=0x000000225f1fa528 mode 2
Event: 9.310 Thread 0x000002076f67e800 Uncommon trap: trap_request=0xffffff4d fr.pc=0x000002075efefff8 relative=0x00000000000005b8
Event: 9.310 Thread 0x000002076f67e800 Uncommon trap: reason=unstable_if action=reinterpret pc=0x000002075efefff8 method=java.io.File.getName()Ljava/lang/String; @ 16 c2
Event: 9.310 Thread 0x000002076f67e800 DEOPT PACKING pc=0x000002075efefff8 sp=0x000000225f1faf60
Event: 9.310 Thread 0x000002076f67e800 DEOPT UNPACKING pc=0x00000207574a85af sp=0x000000225f1faf30 mode 2
Event: 9.310 Thread 0x000002076f67e800 Uncommon trap: trap_request=0xffffff4d fr.pc=0x000002075eff0990 relative=0x0000000000000450
Event: 9.310 Thread 0x000002076f67e800 Uncommon trap: reason=unstable_if action=reinterpret pc=0x000002075eff0990 method=java.lang.String.substring(I)Ljava/lang/String; @ 34 c2
Event: 9.310 Thread 0x000002076f67e800 DEOPT PACKING pc=0x000002075eff0990 sp=0x000000225f1faee0
Event: 9.310 Thread 0x000002076f67e800 DEOPT UNPACKING pc=0x00000207574a85af sp=0x000000225f1faeb8 mode 2

Classes redefined (0 events):
No events

Internal exceptions (20 events):
Event: 1.060 Thread 0x000002075399a000 Exception <a 'java/lang/NoSuchMethodError'{0x000000008f841318}: 'int java.lang.invoke.DirectMethodHandle$Holder.invokeSpecialIFC(java.lang.Object, java.lang.Object, int)'> (0x000000008f841318) thrown at [./src/hotspot/share/interpreter/linkResolver.cpp, line 773]
Event: 2.259 Thread 0x000002075399a000 Exception <a 'java/lang/NoClassDefFoundError'{0x000000008ec820c0}: org/slf4j/impl/StaticMarkerBinder> (0x000000008ec820c0) thrown at [./src/hotspot/share/classfile/systemDictionary.cpp, line 220]
Event: 2.529 Thread 0x000002075399a000 Exception <a 'java/lang/NoSuchMethodError'{0x000000008e9ea9c8}: 'java.lang.Object java.lang.invoke.DirectMethodHandle$Holder.invokeVirtual(java.lang.Object, java.lang.Object, java.lang.Object, java.lang.Object, java.lang.Object, java.lang.Object, java.lang.Object)'> (0x000000008e9ea9c8) thrown at [./src/hotspot/share/interpreter/linkResolver.cpp, line 773]
Event: 2.538 Thread 0x000002075399a000 Exception <a 'java/lang/NoSuchMethodError'{0x000000008e9ff628}: 'java.lang.Object java.lang.invoke.Invokers$Holder.invoker(java.lang.Object, java.lang.Object, java.lang.Object)'> (0x000000008e9ff628) thrown at [./src/hotspot/share/interpreter/linkResolver.cpp, line 773]
Event: 2.563 Thread 0x000002075399a000 Exception <a 'java/lang/NoSuchMethodError'{0x000000008e810dd0}: 'void java.lang.invoke.DelegatingMethodHandle$Holder.delegate(java.lang.Object, java.lang.Object, int, java.lang.Object)'> (0x000000008e810dd0) thrown at [./src/hotspot/share/interpreter/linkResolver.cpp, line 773]
Event: 4.954 Thread 0x000002075399a000 Exception <a 'java/security/PrivilegedActionException'{0x000000008d2b8118}> (0x000000008d2b8118) thrown at [./src/hotspot/share/prims/jvm.cpp, line 1306]
Event: 4.954 Thread 0x000002075399a000 Exception <a 'java/security/PrivilegedActionException'{0x000000008d2b8690}> (0x000000008d2b8690) thrown at [./src/hotspot/share/prims/jvm.cpp, line 1306]
Event: 5.631 Thread 0x000002075399a000 Exception <a 'java/lang/NoSuchMethodError'{0x000000008c0da678}: 'java.lang.Object java.lang.invoke.DirectMethodHandle$Holder.invokeStaticInit(java.lang.Object, java.lang.Object, java.lang.Object)'> (0x000000008c0da678) thrown at [./src/hotspot/share/interpreter/linkResolver.cpp, line 773]
Event: 6.052 Thread 0x000002075399a000 Exception <a 'java/lang/NoSuchMethodError'{0x000000008b95ef78}: 'java.lang.Object java.lang.invoke.DirectMethodHandle$Holder.invokeStaticInit(java.lang.Object, int, int, int, int)'> (0x000000008b95ef78) thrown at [./src/hotspot/share/interpreter/linkResolver.cpp, line 773]
Event: 6.707 Thread 0x000002075399a000 Exception <a 'java/lang/NoSuchMethodError'{0x000000008b842920}: 'java.lang.Object java.lang.invoke.DirectMethodHandle$Holder.invokeStaticInit(java.lang.Object, java.lang.Object, int, int, int, int)'> (0x000000008b842920) thrown at [./src/hotspot/share/interpreter/linkResolver.cpp, line 773]
Event: 8.139 Thread 0x000002075399a000 Exception <a 'java/io/IOException'{0x000000008b6253b0}> (0x000000008b6253b0) thrown at [./src/hotspot/share/prims/jni.cpp, line 615]
Event: 8.505 Thread 0x000002076f67e800 Exception <a 'java/lang/NoSuchMethodError'{0x000000008b0f5e80}: 'long java.lang.invoke.DirectMethodHandle$Holder.invokeInterface(java.lang.Object, java.lang.Object)'> (0x000000008b0f5e80) thrown at [./src/hotspot/share/interpreter/linkResolver.cpp, line 773]
Event: 8.509 Thread 0x000002076f67e800 Exception <a 'java/lang/NoSuchMethodError'{0x000000008af037b8}: 'void java.lang.invoke.DelegatingMethodHandle$Holder.reinvoke_L(java.lang.Object, java.lang.Object, java.lang.Object, java.lang.Object, java.lang.Object, java.lang.Object, java.lang.Object)'> (0x000000008af037b8) thrown at [./src/hotspot/share/interpreter/linkResolver.cpp, line 773]
Event: 9.143 Thread 0x000002076f67e800 Exception <a 'java/lang/NoSuchMethodError'{0x00000000894504d0}: 'void java.lang.invoke.DirectMethodHandle$Holder.invokeStaticInit(java.lang.Object)'> (0x00000000894504d0) thrown at [./src/hotspot/share/interpreter/linkResolver.cpp, line 773]
Event: 9.167 Thread 0x000002076f67e800 Exception <a 'java/lang/NoSuchMethodError'{0x00000000894ff788}: 'java.lang.Object java.lang.invoke.DirectMethodHandle$Holder.invokeStatic(java.lang.Object, java.lang.Object, java.lang.Object, int)'> (0x00000000894ff788) thrown at [./src/hotspot/share/interpreter/linkResolver.cpp, line 773]
Event: 9.167 Thread 0x000002076f67e800 Exception <a 'java/lang/NoSuchMethodError'{0x00000000893043d8}: 'java.lang.Object java.lang.invoke.DirectMethodHandle$Holder.invokeSpecial(java.lang.Object, java.lang.Object, java.lang.Object, java.lang.Object, int)'> (0x00000000893043d8) thrown at [./src/hotspot/share/interpreter/linkResolver.cpp, line 773]
Event: 9.168 Thread 0x000002076f67e800 Exception <a 'java/lang/NoSuchMethodError'{0x0000000089308310}: 'java.lang.Object java.lang.invoke.Invokers$Holder.linkToTargetMethod(java.lang.Object, java.lang.Object, int, java.lang.Object)'> (0x0000000089308310) thrown at [./src/hotspot/share/interpreter/linkResolver.cpp, line 773]
Event: 9.423 Thread 0x000002076f67e800 Exception <a 'java/lang/NoSuchMethodError'{0x000000008fabac20}: 'int java.lang.invoke.DirectMethodHandle$Holder.invokeSpecialIFC(java.lang.Object, java.lang.Object, java.lang.Object, java.lang.Object)'> (0x000000008fabac20) thrown at [./src/hotspot/share/interpreter/linkResolver.cpp, line 773]
Event: 9.428 Thread 0x000002076f67e800 Exception <a 'java/lang/NoSuchMethodError'{0x000000008fac8bd8}: 'java.lang.Object java.lang.invoke.DirectMethodHandle$Holder.invokeInterface(java.lang.Object, java.lang.Object, java.lang.Object)'> (0x000000008fac8bd8) thrown at [./src/hotspot/share/interpreter/linkResolver.cpp, line 773]
Event: 9.428 Thread 0x000002076f67e800 Exception <a 'java/lang/IncompatibleClassChangeError'{0x000000008facc0b0}: Found class java.lang.Object, but interface was expected> (0x000000008facc0b0) thrown at [./src/hotspot/share/interpreter/linkResolver.cpp, line 839]

Events (20 events):
Event: 9.503 loading class org/gradle/internal/snapshot/FileSystemLocationSnapshot
Event: 9.503 loading class org/gradle/internal/snapshot/FileSystemLocationSnapshot done
Event: 9.504 loading class org/gradle/internal/fingerprint/impl/EmptyCurrentFileCollectionFingerprint
Event: 9.504 loading class org/gradle/internal/fingerprint/impl/EmptyCurrentFileCollectionFingerprint done
Event: 9.505 loading class org/gradle/internal/hash/Hasher
Event: 9.505 loading class org/gradle/internal/hash/Hasher done
Event: 9.506 loading class org/gradle/internal/hash/Hasher
Event: 9.506 loading class org/gradle/internal/hash/Hasher done
Event: 9.506 loading class org/gradle/api/internal/changedetection/state/ResourceEntryFilter
Event: 9.506 loading class org/gradle/api/internal/changedetection/state/ResourceEntryFilter done
Event: 9.506 loading class org/gradle/internal/hash/Hasher
Event: 9.506 loading class org/gradle/internal/hash/Hasher done
Event: 9.507 loading class org/gradle/api/NonNullApi
Event: 9.507 loading class org/gradle/api/NonNullApi done
Event: 9.508 loading class javax/annotation/Nonnull
Event: 9.508 loading class javax/annotation/Nonnull done
Event: 9.508 loading class javax/annotation/meta/TypeQualifierDefault
Event: 9.508 loading class javax/annotation/meta/TypeQualifierDefault done
Event: 9.514 loading class org/gradle/api/internal/initialization/loadercache/DefaultClasspathHasher
Event: 9.514 loading class org/gradle/api/internal/initialization/loadercache/DefaultClasspathHasher done


Dynamic libraries:
0x00007ff7a0b00000 - 0x00007ff7a0b0a000 	C:\Program Files\Android\Android Studio\jre\bin\java.exe
0x00007ff822e10000 - 0x00007ff823024000 	C:\WINDOWS\SYSTEM32\ntdll.dll
0x00007ff821c50000 - 0x00007ff821d12000 	C:\WINDOWS\System32\KERNEL32.DLL
0x00007ff820450000 - 0x00007ff8207f3000 	C:\WINDOWS\System32\KERNELBASE.dll
0x00007ff820930000 - 0x00007ff820a41000 	C:\WINDOWS\System32\ucrtbase.dll
0x00007ff81aed0000 - 0x00007ff81aee9000 	C:\Program Files\Android\Android Studio\jre\bin\jli.dll
0x00007ff81af90000 - 0x00007ff81afa7000 	C:\Program Files\Android\Android Studio\jre\bin\VCRUNTIME140.dll
0x00007ff822310000 - 0x00007ff8224bb000 	C:\WINDOWS\System32\USER32.dll
0x00007ff820230000 - 0x00007ff820256000 	C:\WINDOWS\System32\win32u.dll
0x00007ff821b70000 - 0x00007ff821b99000 	C:\WINDOWS\System32\GDI32.dll
0x00007ff820af0000 - 0x00007ff820c08000 	C:\WINDOWS\System32\gdi32full.dll
0x00007ff820a50000 - 0x00007ff820aea000 	C:\WINDOWS\System32\msvcp_win.dll
0x00007ff8022f0000 - 0x00007ff80257e000 	C:\WINDOWS\WinSxS\amd64_microsoft.windows.common-controls_6595b64144ccf1df_6.0.22621.1635_none_270f70857386168e\COMCTL32.dll
0x00007ff822260000 - 0x00007ff822307000 	C:\WINDOWS\System32\msvcrt.dll
0x00007ff822220000 - 0x00007ff822251000 	C:\WINDOWS\System32\IMM32.DLL
0x00007fffff080000 - 0x00007fffff11d000 	C:\Program Files\Android\Android Studio\jre\bin\msvcp140.dll
0x00007fff91cb0000 - 0x00007fff92795000 	C:\Program Files\Android\Android Studio\jre\bin\server\jvm.dll
0x00007ff821280000 - 0x00007ff82132e000 	C:\WINDOWS\System32\ADVAPI32.dll
0x00007ff821010000 - 0x00007ff8210b4000 	C:\WINDOWS\System32\sechost.dll
0x00007ff820d90000 - 0x00007ff820ea7000 	C:\WINDOWS\System32\RPCRT4.dll
0x00007ff822d10000 - 0x00007ff822d18000 	C:\WINDOWS\System32\PSAPI.DLL
0x00007ffffd300000 - 0x00007ffffd309000 	C:\WINDOWS\SYSTEM32\WSOCK32.dll
0x00007ff821560000 - 0x00007ff8215d1000 	C:\WINDOWS\System32\WS2_32.dll
0x00007ff804f70000 - 0x00007ff804fa4000 	C:\WINDOWS\SYSTEM32\WINMM.dll
0x00007ff817e70000 - 0x00007ff817e7a000 	C:\WINDOWS\SYSTEM32\VERSION.dll
0x00007ff81f370000 - 0x00007ff81f388000 	C:\WINDOWS\SYSTEM32\kernel.appcore.dll
0x00007ff81c640000 - 0x00007ff81c651000 	C:\Program Files\Android\Android Studio\jre\bin\verify.dll
0x00007ff81dce0000 - 0x00007ff81df0e000 	C:\WINDOWS\SYSTEM32\DBGHELP.DLL
0x00007ff821e30000 - 0x00007ff8221b9000 	C:\WINDOWS\System32\combase.dll
0x00007ff821600000 - 0x00007ff8216d7000 	C:\WINDOWS\System32\OLEAUT32.dll
0x00007ff800020000 - 0x00007ff800052000 	C:\WINDOWS\SYSTEM32\dbgcore.DLL
0x00007ff8203d0000 - 0x00007ff82044b000 	C:\WINDOWS\System32\bcryptPrimitives.dll
0x00007ff81c610000 - 0x00007ff81c639000 	C:\Program Files\Android\Android Studio\jre\bin\java.dll
0x00007ff81c600000 - 0x00007ff81c60b000 	C:\Program Files\Android\Android Studio\jre\bin\jimage.dll
0x00007ff81c5e0000 - 0x00007ff81c5f8000 	C:\Program Files\Android\Android Studio\jre\bin\zip.dll
0x00007ff8224c0000 - 0x00007ff822cba000 	C:\WINDOWS\System32\SHELL32.dll
0x00007ff81e240000 - 0x00007ff81eb0e000 	C:\WINDOWS\SYSTEM32\windows.storage.dll
0x00007ff81e100000 - 0x00007ff81e23e000 	C:\WINDOWS\SYSTEM32\wintypes.dll
0x00007ff820eb0000 - 0x00007ff820fa1000 	C:\WINDOWS\System32\SHCORE.dll
0x00007ff820c10000 - 0x00007ff820c6e000 	C:\WINDOWS\System32\shlwapi.dll
0x00007ff820160000 - 0x00007ff820181000 	C:\WINDOWS\SYSTEM32\profapi.dll
0x00007ff81c5c0000 - 0x00007ff81c5da000 	C:\Program Files\Android\Android Studio\jre\bin\net.dll
0x00007ff81ad60000 - 0x00007ff81ae97000 	C:\WINDOWS\SYSTEM32\WINHTTP.dll
0x00007ff81f7e0000 - 0x00007ff81f849000 	C:\WINDOWS\system32\mswsock.dll
0x00007ff81c5a0000 - 0x00007ff81c5b4000 	C:\Program Files\Android\Android Studio\jre\bin\nio.dll
0x00007ffffe780000 - 0x00007ffffe7a7000 	C:\Users\HP\Desktop\Android Projects\WeatherApp-master\native\e1d6ef7f7dcc3fd88c89a11ec53ec762bb8ba0a96d01ffa2cd45eb1d1d8dd5c5\windows-amd64\native-platform.dll
0x00007fffd75f0000 - 0x00007fffd7734000 	C:\Users\HP\Desktop\Android Projects\WeatherApp-master\native\5664cfc778a61ccfe75a443a1ab52a65af34e5dc3c78e0209fed803814484fcb\windows-amd64\native-platform-file-events.dll
0x00007ff800e10000 - 0x00007ff800e1a000 	C:\Program Files\Android\Android Studio\jre\bin\management.dll
0x00007ff800e00000 - 0x00007ff800e0d000 	C:\Program Files\Android\Android Studio\jre\bin\management_ext.dll
0x00007ff81fa40000 - 0x00007ff81fa5b000 	C:\WINDOWS\SYSTEM32\CRYPTSP.dll
0x00007ff81f2e0000 - 0x00007ff81f315000 	C:\WINDOWS\system32\rsaenh.dll
0x00007ff81f8e0000 - 0x00007ff81f908000 	C:\WINDOWS\SYSTEM32\USERENV.dll
0x00007ff81fc00000 - 0x00007ff81fc28000 	C:\WINDOWS\SYSTEM32\bcrypt.dll
0x00007ff81fa60000 - 0x00007ff81fa6c000 	C:\WINDOWS\SYSTEM32\CRYPTBASE.dll
0x00007ff81ee70000 - 0x00007ff81ee9d000 	C:\WINDOWS\SYSTEM32\IPHLPAPI.DLL
0x00007ff821c20000 - 0x00007ff821c29000 	C:\WINDOWS\System32\NSI.dll
0x00007ff819b50000 - 0x00007ff819b69000 	C:\WINDOWS\SYSTEM32\dhcpcsvc6.DLL
0x00007ff8199a0000 - 0x00007ff8199bf000 	C:\WINDOWS\SYSTEM32\dhcpcsvc.DLL
0x00007ff81eea0000 - 0x00007ff81ef93000 	C:\WINDOWS\SYSTEM32\DNSAPI.dll

dbghelp: loaded successfully - version: 4.0.5 - missing functions: none
symbol engine: initialized successfully - sym options: 0x614 - pdb path: .;C:\Program Files\Android\Android Studio\jre\bin;C:\WINDOWS\SYSTEM32;C:\WINDOWS\WinSxS\amd64_microsoft.windows.common-controls_6595b64144ccf1df_6.0.22621.1635_none_270f70857386168e;C:\Program Files\Android\Android Studio\jre\bin\server;C:\Users\HP\Desktop\Android Projects\WeatherApp-master\native\e1d6ef7f7dcc3fd88c89a11ec53ec762bb8ba0a96d01ffa2cd45eb1d1d8dd5c5\windows-amd64;C:\Users\HP\Desktop\Android Projects\WeatherApp-master\native\5664cfc778a61ccfe75a443a1ab52a65af34e5dc3c78e0209fed803814484fcb\windows-amd64

VM Arguments:
jvm_args: --add-opens=java.base/java.util=ALL-UNNAMED --add-opens=java.base/java.lang=ALL-UNNAMED --add-opens=java.base/java.lang.invoke=ALL-UNNAMED --add-opens=java.base/java.util=ALL-UNNAMED --add-opens=java.prefs/java.util.prefs=ALL-UNNAMED --add-opens=java.prefs/java.util.prefs=ALL-UNNAMED --add-opens=java.base/java.nio.charset=ALL-UNNAMED --add-opens=java.base/java.net=ALL-UNNAMED --add-opens=java.base/java.util.concurrent.atomic=ALL-UNNAMED -Xmx2048m -Dfile.encoding=UTF-8 -Duser.country=US -Duser.language=en -Duser.variant 
java_command: org.gradle.launcher.daemon.bootstrap.GradleDaemon 7.3.3
java_class_path (initial): C:\Users\HP\Desktop\Android Projects\WeatherApp-master\wrapper\dists\gradle-7.3.3-bin\6a41zxkdtcxs8rphpq6y0069z\gradle-7.3.3\lib\gradle-launcher-7.3.3.jar
Launcher Type: SUN_STANDARD

[Global flags]
     intx CICompilerCount                          = 4                                         {product} {ergonomic}
     uint ConcGCThreads                            = 2                                         {product} {ergonomic}
     uint G1ConcRefinementThreads                  = 8                                         {product} {ergonomic}
   size_t G1HeapRegionSize                         = 1048576                                   {product} {ergonomic}
    uintx GCDrainStackTargetSize                   = 64                                        {product} {ergonomic}
   size_t InitialHeapSize                          = 264241152                                 {product} {ergonomic}
   size_t MarkStackSize                            = 4194304                                   {product} {ergonomic}
   size_t MaxHeapSize                              = 2147483648                                {product} {command line}
   size_t MaxNewSize                               = 1287651328                                {product} {ergonomic}
   size_t MinHeapDeltaBytes                        = 1048576                                   {product} {ergonomic}
    uintx NonNMethodCodeHeapSize                   = 5836300                                {pd product} {ergonomic}
    uintx NonProfiledCodeHeapSize                  = 122910970                              {pd product} {ergonomic}
    uintx ProfiledCodeHeapSize                     = 122910970                              {pd product} {ergonomic}
    uintx ReservedCodeCacheSize                    = 251658240                              {pd product} {ergonomic}
     bool SegmentedCodeCache                       = true                                      {product} {ergonomic}
     bool UseCompressedClassPointers               = true                                 {lp64_product} {ergonomic}
     bool UseCompressedOops                        = true                                 {lp64_product} {ergonomic}
     bool UseG1GC                                  = true                                      {product} {ergonomic}
     bool UseLargePagesIndividualAllocation        = false                                  {pd product} {ergonomic}

Logging:
Log output configuration:
 #0: stdout all=warning uptime,level,tags
 #1: stderr all=off uptime,level,tags

Environment Variables:
PATH=C:\Program Files\Common Files\Oracle\Java\javapath;C:\WINDOWS\system32;C:\WINDOWS;C:\WINDOWS\System32\Wbem;C:\WINDOWS\System32\WindowsPowerShell\v1.0\;C:\WINDOWS\System32\OpenSSH\;C:\Program Files\Git\cmd;C:\Program Files\nodejs\;D:\Program Files\MySQL\MySQL Server 8.0\bin;C:\Program Files\MySQL\MySQL Shell 8.0\bin\;C:\Users\HP\AppData\Local\Programs\Python\Python310\Scripts\;C:\Users\HP\AppData\Local\Programs\Python\Python310\;C:\Users\HP\AppData\Local\Microsoft\WindowsApps;C:\Users\HP\AppData\Local\Programs\Microsoft VS Code\bin;C:\src\flutter\bin;C:\Users\HP\AppData\Roaming\npm;C:\Program Files\JetBrains\IntelliJ IDEA Community Edition 2022.2.3\bin;C:\Users\HP\AppData\Local\JetBrains\Toolbox\scripts;;%USERPROFILE%\AppData\Local\Microsoft\WindowsApps
USERNAME=HP
OS=Windows_NT
PROCESSOR_IDENTIFIER=Intel64 Family 6 Model 140 Stepping 1, GenuineIntel



---------------  S Y S T E M  ---------------

OS: Windows 10 , 64 bit Build 22621 (10.0.22621.1635)
OS uptime: 0 days 11:40 hours

CPU:total 8 (initial active 8) (4 cores per cpu, 2 threads per core) family 6 model 140 stepping 1 microcode 0xa4, cmov, cx8, fxsr, mmx, sse, sse2, sse3, ssse3, sse4.1, sse4.2, popcnt, avx, avx2, aes, clmul, erms, 3dnowpref, lzcnt, ht, tsc, tscinvbit, bmi1, bmi2, adx, evex, sha, fma

Memory: 4k page, system-wide physical 16023M (243M free)
TotalPageFile size 65175M (AvailPageFile size 0M)
current process WorkingSet (physical memory assigned to process): 220M, peak: 220M
current process commit charge ("private bytes"): 386M, peak: 387M

vm_info: OpenJDK 64-Bit Server VM (11.0.12+7-b1504.28-7817840) for windows-amd64 JRE (11.0.12+7-b1504.28-7817840), built on Oct 13 2021 22:12:33 by "builder" with MS VC++ 14.0 (VS2015)

END.
