#
# There is insufficient memory for the Java Runtime Environment to continue.
# Native memory allocation (malloc) failed to allocate 1291216 bytes for Chunk::new
# Possible reasons:
#   The system is out of physical RAM or swap space
#   The process is running with CompressedOops enabled, and the Java Heap may be blocking the growth of the native heap
# Possible solutions:
#   Reduce memory load on the system
#   Increase physical memory or swap space
#   Check if swap backing store is full
#   Decrease Java heap size (-Xmx/-Xms)
#   Decrease number of Java threads
#   Decrease Java thread stack sizes (-Xss)
#   Set larger code cache with -XX:ReservedCodeCacheSize=
#   JVM is running with Unscaled Compressed Oops mode in which the Java heap is
#     placed in the first 4GB address space. The Java Heap base address is the
#     maximum limit for the native heap growth. Please use -XX:HeapBaseMinAddress
#     to set the Java Heap base and to place the Java Heap above 4GB virtual address.
# This output file may be truncated or incomplete.
#
#  Out of Memory Error (./src/hotspot/share/memory/arena.cpp:197), pid=25892, tid=29688
#
# JRE version: OpenJDK Runtime Environment (11.0.12+7) (build 11.0.12+7-b1504.28-7817840)
# Java VM: OpenJDK 64-Bit Server VM (11.0.12+7-b1504.28-7817840, mixed mode, tiered, compressed oops, g1 gc, windows-amd64)
# No core dump will be written. Minidumps are not enabled by default on client versions of Windows
#

---------------  S U M M A R Y ------------

Command Line: --add-opens=java.base/java.util=ALL-UNNAMED --add-opens=java.base/java.lang=ALL-UNNAMED --add-opens=java.base/java.lang.invoke=ALL-UNNAMED --add-opens=java.base/java.util=ALL-UNNAMED --add-opens=java.prefs/java.util.prefs=ALL-UNNAMED --add-opens=java.prefs/java.util.prefs=ALL-UNNAMED --add-opens=java.base/java.nio.charset=ALL-UNNAMED --add-opens=java.base/java.net=ALL-UNNAMED --add-opens=java.base/java.util.concurrent.atomic=ALL-UNNAMED -Xmx2048m -Dfile.encoding=UTF-8 -Duser.country=US -Duser.language=en -Duser.variant org.gradle.launcher.daemon.bootstrap.GradleDaemon 7.3.3

Host: 11th Gen Intel(R) Core(TM) i7-1165G7 @ 2.80GHz, 8 cores, 15G,  Windows 10 , 64 bit Build 22621 (10.0.22621.1635)
Time: Sat Jun  3 22:09:27 2023 E. Africa Standard Time elapsed time: 5.780549 seconds (0d 0h 0m 5s)

---------------  T H R E A D  ---------------

Current thread (0x000001b3397c2800):  JavaThread "C2 CompilerThread0" daemon [_thread_in_native, id=29688, stack(0x0000009329f00000,0x000000932a000000)]


Current CompileTask:
C2:   5780 2175   !   4       java.net.URLClassLoader$1::run (63 bytes)

Stack: [0x0000009329f00000,0x000000932a000000]
Native frames: (J=compiled Java code, j=interpreted, Vv=VM code, C=native code)
V  [jvm.dll+0x5fbcea]
V  [jvm.dll+0x731905]
V  [jvm.dll+0x732f1d]
V  [jvm.dll+0x7335d3]
V  [jvm.dll+0x247bf8]
V  [jvm.dll+0xc018c]
V  [jvm.dll+0xc06cc]
V  [jvm.dll+0x35b31d]
V  [jvm.dll+0x19cebc]
V  [jvm.dll+0x20070e]
V  [jvm.dll+0x1ff794]
V  [jvm.dll+0x18868c]
V  [jvm.dll+0x20e0d7]
V  [jvm.dll+0x20c901]
V  [jvm.dll+0x6f9b7f]
V  [jvm.dll+0x6f26a5]
V  [jvm.dll+0x5fabf6]
C  [ucrtbase.dll+0x29363]
C  [KERNEL32.DLL+0x126ad]
C  [ntdll.dll+0x5a9f8]


---------------  P R O C E S S  ---------------

Threads class SMR info:
_java_thread_list=0x000001b33d3bdb20, length=27, elements={
0x000001b31ea6f000, 0x000001b339761800, 0x000001b339767000, 0x000001b3397bd800,
0x000001b3397be800, 0x000001b3397c0000, 0x000001b3397c2800, 0x000001b3397cd000,
0x000001b3397d3800, 0x000001b339941800, 0x000001b33c10e000, 0x000001b339b1c000,
0x000001b33ad30800, 0x000001b33af1d800, 0x000001b33ba9e800, 0x000001b33be51000,
0x000001b33c6d0800, 0x000001b33bfe7000, 0x000001b33c125000, 0x000001b33c15c000,
0x000001b33c15d000, 0x000001b33c159800, 0x000001b33c15b800, 0x000001b33bb98800,
0x000001b33c15d800, 0x000001b33c15a800, 0x000001b33c15e800
}

Java Threads: ( => current thread )
  0x000001b31ea6f000 JavaThread "main" [_thread_blocked, id=28144, stack(0x0000009329300000,0x0000009329400000)]
  0x000001b339761800 JavaThread "Reference Handler" daemon [_thread_blocked, id=8788, stack(0x0000009329a00000,0x0000009329b00000)]
  0x000001b339767000 JavaThread "Finalizer" daemon [_thread_blocked, id=9564, stack(0x0000009329b00000,0x0000009329c00000)]
  0x000001b3397bd800 JavaThread "Signal Dispatcher" daemon [_thread_blocked, id=31876, stack(0x0000009329c00000,0x0000009329d00000)]
  0x000001b3397be800 JavaThread "Attach Listener" daemon [_thread_blocked, id=4468, stack(0x0000009329d00000,0x0000009329e00000)]
  0x000001b3397c0000 JavaThread "Service Thread" daemon [_thread_blocked, id=24584, stack(0x0000009329e00000,0x0000009329f00000)]
=>0x000001b3397c2800 JavaThread "C2 CompilerThread0" daemon [_thread_in_native, id=29688, stack(0x0000009329f00000,0x000000932a000000)]
  0x000001b3397cd000 JavaThread "C1 CompilerThread0" daemon [_thread_in_native, id=2716, stack(0x000000932a000000,0x000000932a100000)]
  0x000001b3397d3800 JavaThread "Sweeper thread" daemon [_thread_blocked, id=21076, stack(0x000000932a100000,0x000000932a200000)]
  0x000001b339941800 JavaThread "Common-Cleaner" daemon [_thread_blocked, id=31368, stack(0x000000932a200000,0x000000932a300000)]
  0x000001b33c10e000 JavaThread "Daemon health stats" [_thread_blocked, id=8212, stack(0x000000932ab00000,0x000000932ac00000)]
  0x000001b339b1c000 JavaThread "Incoming local TCP Connector on port 62458" [_thread_in_native, id=32120, stack(0x000000932a400000,0x000000932a500000)]
  0x000001b33ad30800 JavaThread "Daemon periodic checks" [_thread_blocked, id=30324, stack(0x000000932aa00000,0x000000932ab00000)]
  0x000001b33af1d800 JavaThread "Daemon" [_thread_blocked, id=8032, stack(0x000000932ac00000,0x000000932ad00000)]
  0x000001b33ba9e800 JavaThread "Handler for socket connection from /127.0.0.1:62458 to /127.0.0.1:62459" [_thread_in_native, id=12368, stack(0x000000932ad00000,0x000000932ae00000)]
  0x000001b33be51000 JavaThread "Cancel handler" [_thread_blocked, id=19216, stack(0x000000932ae00000,0x000000932af00000)]
  0x000001b33c6d0800 JavaThread "Daemon worker" [_thread_in_vm, id=31084, stack(0x000000932af00000,0x000000932b000000)]
  0x000001b33bfe7000 JavaThread "Asynchronous log dispatcher for DefaultDaemonConnection: socket connection from /127.0.0.1:62458 to /127.0.0.1:62459" [_thread_blocked, id=15904, stack(0x000000932b000000,0x000000932b100000)]
  0x000001b33c125000 JavaThread "Stdin handler" [_thread_blocked, id=30764, stack(0x000000932b100000,0x000000932b200000)]
  0x000001b33c15c000 JavaThread "Daemon client event forwarder" [_thread_blocked, id=28616, stack(0x000000932b200000,0x000000932b300000)]
  0x000001b33c15d000 JavaThread "Cache worker for journal cache (C:\Users\HP\Desktop\Android Projects\WeatherApp-master\caches\journal-1)" [_thread_blocked, id=24752, stack(0x000000932b300000,0x000000932b400000)]
  0x000001b33c159800 JavaThread "File lock request listener" [_thread_in_native, id=29660, stack(0x000000932b400000,0x000000932b500000)]
  0x000001b33c15b800 JavaThread "Cache worker for file hash cache (C:\Users\HP\Desktop\Android Projects\WeatherApp-master\caches\7.3.3\fileHashes)" [_thread_blocked, id=5824, stack(0x000000932b500000,0x000000932b600000)]
  0x000001b33bb98800 JavaThread "C2 CompilerThread1" daemon [_thread_blocked, id=27364, stack(0x000000932b900000,0x000000932ba00000)]
  0x000001b33c15d800 JavaThread "Cache worker for file hash cache (C:\Users\HP\AndroidStudioProjects\Spy\.gradle\7.3.3\fileHashes)" [_thread_blocked, id=28820, stack(0x000000932ba00000,0x000000932bb00000)]
  0x000001b33c15a800 JavaThread "File watcher server" daemon [_thread_in_native, id=29712, stack(0x000000932bb00000,0x000000932bc00000)]
  0x000001b33c15e800 JavaThread "File watcher consumer" daemon [_thread_blocked, id=6240, stack(0x000000932bc00000,0x000000932bd00000)]

Other Threads:
  0x000001b339759800 VMThread "VM Thread" [stack: 0x0000009329900000,0x0000009329a00000] [id=18632]
  0x000001b339949000 WatcherThread [stack: 0x000000932a300000,0x000000932a400000] [id=23908]
  0x000001b31c8fd800 GCTaskThread "GC Thread#0" [stack: 0x0000009329400000,0x0000009329500000] [id=22456]
  0x000001b33a419800 GCTaskThread "GC Thread#1" [stack: 0x000000932a500000,0x000000932a600000] [id=20748]
  0x000001b33a768000 GCTaskThread "GC Thread#2" [stack: 0x000000932a600000,0x000000932a700000] [id=31288]
  0x000001b33a3b2000 GCTaskThread "GC Thread#3" [stack: 0x000000932a700000,0x000000932a800000] [id=31788]
  0x000001b33a21e800 GCTaskThread "GC Thread#4" [stack: 0x000000932a800000,0x000000932a900000] [id=11656]
  0x000001b33a68b800 GCTaskThread "GC Thread#5" [stack: 0x000000932a900000,0x000000932aa00000] [id=10936]
  0x000001b33af1e800 GCTaskThread "GC Thread#6" [stack: 0x000000932b600000,0x000000932b700000] [id=31204]
  0x000001b33ba2b000 GCTaskThread "GC Thread#7" [stack: 0x000000932b700000,0x000000932b800000] [id=24700]
  0x000001b31eab4000 ConcurrentGCThread "G1 Main Marker" [stack: 0x0000009329500000,0x0000009329600000] [id=19484]
  0x000001b31eab7000 ConcurrentGCThread "G1 Conc#0" [stack: 0x0000009329600000,0x0000009329700000] [id=27840]
  0x000001b33a3a2800 ConcurrentGCThread "G1 Conc#1" [stack: 0x000000932b800000,0x000000932b900000] [id=29612]
  0x000001b31eb3d800 ConcurrentGCThread "G1 Refine#0" [stack: 0x0000009329700000,0x0000009329800000] [id=3836]
  0x000001b31eb3e800 ConcurrentGCThread "G1 Young RemSet Sampling" [stack: 0x0000009329800000,0x0000009329900000] [id=30092]

Threads with active compile tasks:
C2 CompilerThread0   5836 2175   !   4       java.net.URLClassLoader$1::run (63 bytes)
C1 CompilerThread0   5837 2298       3       jdk.internal.misc.Unsafe::weakCompareAndSetInt (11 bytes)

VM state:not at safepoint (normal execution)

VM Mutex/Monitor currently owned by a thread:  ([mutex/lock_event])
[0x000001b31ea5cc90] CodeCache_lock - owner thread: 0x0000000000000000

Heap address: 0x0000000080000000, size: 2048 MB, Compressed Oops mode: 32-bit
Narrow klass base: 0x0000000000000000, Narrow klass shift: 3
Compressed class space size: 1073741824 Address: 0x0000000100000000

Heap:
 garbage-first heap   total 258048K, used 55636K [0x0000000080000000, 0x0000000100000000)
  region size 1024K, 39 young (39936K), 1 survivors (1024K)
 Metaspace       used 26508K, capacity 27070K, committed 27264K, reserved 1073152K
  class space    used 3445K, capacity 3657K, committed 3712K, reserved 1048576K
Heap Regions: E=young(eden), S=young(survivor), O=old, HS=humongous(starts), HC=humongous(continues), CS=collection set, F=free, A=archive, TAMS=top-at-mark-start (previous, next)
|   0|0x0000000080000000, 0x0000000080100000, 0x0000000080100000|100%| O|  |TAMS 0x0000000080000000, 0x0000000080000000| Untracked 
|   1|0x0000000080100000, 0x0000000080200000, 0x0000000080200000|100%| O|  |TAMS 0x0000000080100000, 0x0000000080100000| Untracked 
|   2|0x0000000080200000, 0x0000000080300000, 0x0000000080300000|100%| O|  |TAMS 0x0000000080200000, 0x0000000080200000| Untracked 
|   3|0x0000000080300000, 0x0000000080400000, 0x0000000080400000|100%|HS|  |TAMS 0x0000000080400000, 0x0000000080300000| Complete 
|   4|0x0000000080400000, 0x0000000080500000, 0x0000000080500000|100%|HC|  |TAMS 0x0000000080500000, 0x0000000080400000| Complete 
|   5|0x0000000080500000, 0x0000000080600000, 0x0000000080600000|100%|HC|  |TAMS 0x0000000080600000, 0x0000000080500000| Complete 
|   6|0x0000000080600000, 0x0000000080700000, 0x0000000080700000|100%| O|  |TAMS 0x0000000080700000, 0x0000000080600000| Untracked 
|   7|0x0000000080700000, 0x0000000080800000, 0x0000000080800000|100%| O|  |TAMS 0x0000000080800000, 0x0000000080700000| Untracked 
|   8|0x0000000080800000, 0x0000000080900000, 0x0000000080900000|100%| O|  |TAMS 0x0000000080900000, 0x0000000080800000| Untracked 
|   9|0x0000000080900000, 0x0000000080a00000, 0x0000000080a00000|100%| O|  |TAMS 0x0000000080923c00, 0x0000000080900000| Untracked 
|  10|0x0000000080a00000, 0x0000000080b00000, 0x0000000080b00000|100%| O|  |TAMS 0x0000000080a00000, 0x0000000080a00000| Untracked 
|  11|0x0000000080b00000, 0x0000000080c00000, 0x0000000080c00000|100%| O|  |TAMS 0x0000000080b00000, 0x0000000080b00000| Untracked 
|  12|0x0000000080c00000, 0x0000000080d00000, 0x0000000080d00000|100%| O|  |TAMS 0x0000000080c00000, 0x0000000080c00000| Untracked 
|  13|0x0000000080d00000, 0x0000000080e00000, 0x0000000080e00000|100%| O|  |TAMS 0x0000000080d00000, 0x0000000080d00000| Untracked 
|  14|0x0000000080e00000, 0x0000000080f00000, 0x0000000080f00000|100%| O|  |TAMS 0x0000000080e00000, 0x0000000080e00000| Untracked 
|  15|0x0000000080f00000, 0x0000000081000000, 0x0000000081000000|100%| O|  |TAMS 0x0000000080f00000, 0x0000000080f00000| Untracked 
|  16|0x0000000081000000, 0x000000008106ac00, 0x0000000081100000| 41%| O|  |TAMS 0x0000000081000000, 0x0000000081000000| Untracked 
|  17|0x0000000081100000, 0x0000000081100000, 0x0000000081200000|  0%| F|  |TAMS 0x0000000081100000, 0x0000000081100000| Untracked 
|  18|0x0000000081200000, 0x0000000081200000, 0x0000000081300000|  0%| F|  |TAMS 0x0000000081200000, 0x0000000081200000| Untracked 
|  19|0x0000000081300000, 0x0000000081300000, 0x0000000081400000|  0%| F|  |TAMS 0x0000000081300000, 0x0000000081300000| Untracked 
|  20|0x0000000081400000, 0x0000000081400000, 0x0000000081500000|  0%| F|  |TAMS 0x0000000081400000, 0x0000000081400000| Untracked 
|  21|0x0000000081500000, 0x0000000081500000, 0x0000000081600000|  0%| F|  |TAMS 0x0000000081500000, 0x0000000081500000| Untracked 
|  22|0x0000000081600000, 0x0000000081600000, 0x0000000081700000|  0%| F|  |TAMS 0x0000000081600000, 0x0000000081600000| Untracked 
|  23|0x0000000081700000, 0x0000000081700000, 0x0000000081800000|  0%| F|  |TAMS 0x0000000081700000, 0x0000000081700000| Untracked 
|  24|0x0000000081800000, 0x0000000081800000, 0x0000000081900000|  0%| F|  |TAMS 0x0000000081800000, 0x0000000081800000| Untracked 
|  25|0x0000000081900000, 0x0000000081900000, 0x0000000081a00000|  0%| F|  |TAMS 0x0000000081900000, 0x0000000081900000| Untracked 
|  26|0x0000000081a00000, 0x0000000081a00000, 0x0000000081b00000|  0%| F|  |TAMS 0x0000000081a00000, 0x0000000081a00000| Untracked 
|  27|0x0000000081b00000, 0x0000000081b00000, 0x0000000081c00000|  0%| F|  |TAMS 0x0000000081b00000, 0x0000000081b00000| Untracked 
|  28|0x0000000081c00000, 0x0000000081c00000, 0x0000000081d00000|  0%| F|  |TAMS 0x0000000081c00000, 0x0000000081c00000| Untracked 
|  29|0x0000000081d00000, 0x0000000081d00000, 0x0000000081e00000|  0%| F|  |TAMS 0x0000000081d00000, 0x0000000081d00000| Untracked 
|  30|0x0000000081e00000, 0x0000000081e00000, 0x0000000081f00000|  0%| F|  |TAMS 0x0000000081e00000, 0x0000000081e00000| Untracked 
|  31|0x0000000081f00000, 0x0000000081f00000, 0x0000000082000000|  0%| F|  |TAMS 0x0000000081f00000, 0x0000000081f00000| Untracked 
|  32|0x0000000082000000, 0x0000000082000000, 0x0000000082100000|  0%| F|  |TAMS 0x0000000082000000, 0x0000000082000000| Untracked 
|  33|0x0000000082100000, 0x0000000082100000, 0x0000000082200000|  0%| F|  |TAMS 0x0000000082100000, 0x0000000082100000| Untracked 
|  34|0x0000000082200000, 0x0000000082200000, 0x0000000082300000|  0%| F|  |TAMS 0x0000000082200000, 0x0000000082200000| Untracked 
|  35|0x0000000082300000, 0x0000000082300000, 0x0000000082400000|  0%| F|  |TAMS 0x0000000082300000, 0x0000000082300000| Untracked 
|  36|0x0000000082400000, 0x0000000082400000, 0x0000000082500000|  0%| F|  |TAMS 0x0000000082400000, 0x0000000082400000| Untracked 
|  37|0x0000000082500000, 0x0000000082500000, 0x0000000082600000|  0%| F|  |TAMS 0x0000000082500000, 0x0000000082500000| Untracked 
|  38|0x0000000082600000, 0x0000000082600000, 0x0000000082700000|  0%| F|  |TAMS 0x0000000082600000, 0x0000000082600000| Untracked 
|  39|0x0000000082700000, 0x0000000082700000, 0x0000000082800000|  0%| F|  |TAMS 0x0000000082700000, 0x0000000082700000| Untracked 
|  40|0x0000000082800000, 0x0000000082800000, 0x0000000082900000|  0%| F|  |TAMS 0x0000000082800000, 0x0000000082800000| Untracked 
|  41|0x0000000082900000, 0x0000000082900000, 0x0000000082a00000|  0%| F|  |TAMS 0x0000000082900000, 0x0000000082900000| Untracked 
|  42|0x0000000082a00000, 0x0000000082a00000, 0x0000000082b00000|  0%| F|  |TAMS 0x0000000082a00000, 0x0000000082a00000| Untracked 
|  43|0x0000000082b00000, 0x0000000082b00000, 0x0000000082c00000|  0%| F|  |TAMS 0x0000000082b00000, 0x0000000082b00000| Untracked 
|  44|0x0000000082c00000, 0x0000000082c00000, 0x0000000082d00000|  0%| F|  |TAMS 0x0000000082c00000, 0x0000000082c00000| Untracked 
|  45|0x0000000082d00000, 0x0000000082d00000, 0x0000000082e00000|  0%| F|  |TAMS 0x0000000082d00000, 0x0000000082d00000| Untracked 
|  46|0x0000000082e00000, 0x0000000082e00000, 0x0000000082f00000|  0%| F|  |TAMS 0x0000000082e00000, 0x0000000082e00000| Untracked 
|  47|0x0000000082f00000, 0x0000000082f00000, 0x0000000083000000|  0%| F|  |TAMS 0x0000000082f00000, 0x0000000082f00000| Untracked 
|  48|0x0000000083000000, 0x0000000083000000, 0x0000000083100000|  0%| F|  |TAMS 0x0000000083000000, 0x0000000083000000| Untracked 
|  49|0x0000000083100000, 0x0000000083100000, 0x0000000083200000|  0%| F|  |TAMS 0x0000000083100000, 0x0000000083100000| Untracked 
|  50|0x0000000083200000, 0x0000000083200000, 0x0000000083300000|  0%| F|  |TAMS 0x0000000083200000, 0x0000000083200000| Untracked 
|  51|0x0000000083300000, 0x0000000083300000, 0x0000000083400000|  0%| F|  |TAMS 0x0000000083300000, 0x0000000083300000| Untracked 
|  52|0x0000000083400000, 0x0000000083400000, 0x0000000083500000|  0%| F|  |TAMS 0x0000000083400000, 0x0000000083400000| Untracked 
|  53|0x0000000083500000, 0x0000000083500000, 0x0000000083600000|  0%| F|  |TAMS 0x0000000083500000, 0x0000000083500000| Untracked 
|  54|0x0000000083600000, 0x0000000083600000, 0x0000000083700000|  0%| F|  |TAMS 0x0000000083600000, 0x0000000083600000| Untracked 
|  55|0x0000000083700000, 0x0000000083700000, 0x0000000083800000|  0%| F|  |TAMS 0x0000000083700000, 0x0000000083700000| Untracked 
|  56|0x0000000083800000, 0x0000000083800000, 0x0000000083900000|  0%| F|  |TAMS 0x0000000083800000, 0x0000000083800000| Untracked 
|  57|0x0000000083900000, 0x0000000083900000, 0x0000000083a00000|  0%| F|  |TAMS 0x0000000083900000, 0x0000000083900000| Untracked 
|  58|0x0000000083a00000, 0x0000000083a00000, 0x0000000083b00000|  0%| F|  |TAMS 0x0000000083a00000, 0x0000000083a00000| Untracked 
|  59|0x0000000083b00000, 0x0000000083b00000, 0x0000000083c00000|  0%| F|  |TAMS 0x0000000083b00000, 0x0000000083b00000| Untracked 
|  60|0x0000000083c00000, 0x0000000083c00000, 0x0000000083d00000|  0%| F|  |TAMS 0x0000000083c00000, 0x0000000083c00000| Untracked 
|  61|0x0000000083d00000, 0x0000000083d00000, 0x0000000083e00000|  0%| F|  |TAMS 0x0000000083d00000, 0x0000000083d00000| Untracked 
|  62|0x0000000083e00000, 0x0000000083e00000, 0x0000000083f00000|  0%| F|  |TAMS 0x0000000083e00000, 0x0000000083e00000| Untracked 
|  63|0x0000000083f00000, 0x0000000083f00000, 0x0000000084000000|  0%| F|  |TAMS 0x0000000083f00000, 0x0000000083f00000| Untracked 
|  64|0x0000000084000000, 0x0000000084000000, 0x0000000084100000|  0%| F|  |TAMS 0x0000000084000000, 0x0000000084000000| Untracked 
|  65|0x0000000084100000, 0x0000000084100000, 0x0000000084200000|  0%| F|  |TAMS 0x0000000084100000, 0x0000000084100000| Untracked 
|  66|0x0000000084200000, 0x0000000084200000, 0x0000000084300000|  0%| F|  |TAMS 0x0000000084200000, 0x0000000084200000| Untracked 
|  67|0x0000000084300000, 0x0000000084300000, 0x0000000084400000|  0%| F|  |TAMS 0x0000000084300000, 0x0000000084300000| Untracked 
|  68|0x0000000084400000, 0x0000000084400000, 0x0000000084500000|  0%| F|  |TAMS 0x0000000084400000, 0x0000000084400000| Untracked 
|  69|0x0000000084500000, 0x0000000084500000, 0x0000000084600000|  0%| F|  |TAMS 0x0000000084500000, 0x0000000084500000| Untracked 
|  70|0x0000000084600000, 0x0000000084600000, 0x0000000084700000|  0%| F|  |TAMS 0x0000000084600000, 0x0000000084600000| Untracked 
|  71|0x0000000084700000, 0x0000000084700000, 0x0000000084800000|  0%| F|  |TAMS 0x0000000084700000, 0x0000000084700000| Untracked 
|  72|0x0000000084800000, 0x0000000084800000, 0x0000000084900000|  0%| F|  |TAMS 0x0000000084800000, 0x0000000084800000| Untracked 
|  73|0x0000000084900000, 0x0000000084900000, 0x0000000084a00000|  0%| F|  |TAMS 0x0000000084900000, 0x0000000084900000| Untracked 
|  74|0x0000000084a00000, 0x0000000084a00000, 0x0000000084b00000|  0%| F|  |TAMS 0x0000000084a00000, 0x0000000084a00000| Untracked 
|  75|0x0000000084b00000, 0x0000000084b00000, 0x0000000084c00000|  0%| F|  |TAMS 0x0000000084b00000, 0x0000000084b00000| Untracked 
|  76|0x0000000084c00000, 0x0000000084c00000, 0x0000000084d00000|  0%| F|  |TAMS 0x0000000084c00000, 0x0000000084c00000| Untracked 
|  77|0x0000000084d00000, 0x0000000084d00000, 0x0000000084e00000|  0%| F|  |TAMS 0x0000000084d00000, 0x0000000084d00000| Untracked 
|  78|0x0000000084e00000, 0x0000000084e00000, 0x0000000084f00000|  0%| F|  |TAMS 0x0000000084e00000, 0x0000000084e00000| Untracked 
|  79|0x0000000084f00000, 0x0000000084f00000, 0x0000000085000000|  0%| F|  |TAMS 0x0000000084f00000, 0x0000000084f00000| Untracked 
|  80|0x0000000085000000, 0x0000000085000000, 0x0000000085100000|  0%| F|  |TAMS 0x0000000085000000, 0x0000000085000000| Untracked 
|  81|0x0000000085100000, 0x0000000085100000, 0x0000000085200000|  0%| F|  |TAMS 0x0000000085100000, 0x0000000085100000| Untracked 
|  82|0x0000000085200000, 0x0000000085200000, 0x0000000085300000|  0%| F|  |TAMS 0x0000000085200000, 0x0000000085200000| Untracked 
|  83|0x0000000085300000, 0x0000000085300000, 0x0000000085400000|  0%| F|  |TAMS 0x0000000085300000, 0x0000000085300000| Untracked 
|  84|0x0000000085400000, 0x0000000085400000, 0x0000000085500000|  0%| F|  |TAMS 0x0000000085400000, 0x0000000085400000| Untracked 
|  85|0x0000000085500000, 0x0000000085500000, 0x0000000085600000|  0%| F|  |TAMS 0x0000000085500000, 0x0000000085500000| Untracked 
|  86|0x0000000085600000, 0x0000000085600000, 0x0000000085700000|  0%| F|  |TAMS 0x0000000085600000, 0x0000000085600000| Untracked 
|  87|0x0000000085700000, 0x0000000085700000, 0x0000000085800000|  0%| F|  |TAMS 0x0000000085700000, 0x0000000085700000| Untracked 
|  88|0x0000000085800000, 0x0000000085800000, 0x0000000085900000|  0%| F|  |TAMS 0x0000000085800000, 0x0000000085800000| Untracked 
|  89|0x0000000085900000, 0x0000000085900000, 0x0000000085a00000|  0%| F|  |TAMS 0x0000000085900000, 0x0000000085900000| Untracked 
|  90|0x0000000085a00000, 0x0000000085a00000, 0x0000000085b00000|  0%| F|  |TAMS 0x0000000085a00000, 0x0000000085a00000| Untracked 
|  91|0x0000000085b00000, 0x0000000085b00000, 0x0000000085c00000|  0%| F|  |TAMS 0x0000000085b00000, 0x0000000085b00000| Untracked 
|  92|0x0000000085c00000, 0x0000000085c00000, 0x0000000085d00000|  0%| F|  |TAMS 0x0000000085c00000, 0x0000000085c00000| Untracked 
|  93|0x0000000085d00000, 0x0000000085d00000, 0x0000000085e00000|  0%| F|  |TAMS 0x0000000085d00000, 0x0000000085d00000| Untracked 
|  94|0x0000000085e00000, 0x0000000085e00000, 0x0000000085f00000|  0%| F|  |TAMS 0x0000000085e00000, 0x0000000085e00000| Untracked 
|  95|0x0000000085f00000, 0x0000000085f00000, 0x0000000086000000|  0%| F|  |TAMS 0x0000000085f00000, 0x0000000085f00000| Untracked 
|  96|0x0000000086000000, 0x0000000086000000, 0x0000000086100000|  0%| F|  |TAMS 0x0000000086000000, 0x0000000086000000| Untracked 
|  97|0x0000000086100000, 0x0000000086100000, 0x0000000086200000|  0%| F|  |TAMS 0x0000000086100000, 0x0000000086100000| Untracked 
|  98|0x0000000086200000, 0x0000000086200000, 0x0000000086300000|  0%| F|  |TAMS 0x0000000086200000, 0x0000000086200000| Untracked 
|  99|0x0000000086300000, 0x0000000086300000, 0x0000000086400000|  0%| F|  |TAMS 0x0000000086300000, 0x0000000086300000| Untracked 
| 100|0x0000000086400000, 0x0000000086400000, 0x0000000086500000|  0%| F|  |TAMS 0x0000000086400000, 0x0000000086400000| Untracked 
| 101|0x0000000086500000, 0x0000000086500000, 0x0000000086600000|  0%| F|  |TAMS 0x0000000086500000, 0x0000000086500000| Untracked 
| 102|0x0000000086600000, 0x0000000086600000, 0x0000000086700000|  0%| F|  |TAMS 0x0000000086600000, 0x0000000086600000| Untracked 
| 103|0x0000000086700000, 0x0000000086700000, 0x0000000086800000|  0%| F|  |TAMS 0x0000000086700000, 0x0000000086700000| Untracked 
| 104|0x0000000086800000, 0x0000000086800000, 0x0000000086900000|  0%| F|  |TAMS 0x0000000086800000, 0x0000000086800000| Untracked 
| 105|0x0000000086900000, 0x0000000086900000, 0x0000000086a00000|  0%| F|  |TAMS 0x0000000086900000, 0x0000000086900000| Untracked 
| 106|0x0000000086a00000, 0x0000000086a00000, 0x0000000086b00000|  0%| F|  |TAMS 0x0000000086a00000, 0x0000000086a00000| Untracked 
| 107|0x0000000086b00000, 0x0000000086b00000, 0x0000000086c00000|  0%| F|  |TAMS 0x0000000086b00000, 0x0000000086b00000| Untracked 
| 108|0x0000000086c00000, 0x0000000086c00000, 0x0000000086d00000|  0%| F|  |TAMS 0x0000000086c00000, 0x0000000086c00000| Untracked 
| 109|0x0000000086d00000, 0x0000000086d00000, 0x0000000086e00000|  0%| F|  |TAMS 0x0000000086d00000, 0x0000000086d00000| Untracked 
| 110|0x0000000086e00000, 0x0000000086e00000, 0x0000000086f00000|  0%| F|  |TAMS 0x0000000086e00000, 0x0000000086e00000| Untracked 
| 111|0x0000000086f00000, 0x0000000086f00000, 0x0000000087000000|  0%| F|  |TAMS 0x0000000086f00000, 0x0000000086f00000| Untracked 
| 112|0x0000000087000000, 0x0000000087000000, 0x0000000087100000|  0%| F|  |TAMS 0x0000000087000000, 0x0000000087000000| Untracked 
| 113|0x0000000087100000, 0x0000000087100000, 0x0000000087200000|  0%| F|  |TAMS 0x0000000087100000, 0x0000000087100000| Untracked 
| 114|0x0000000087200000, 0x0000000087200000, 0x0000000087300000|  0%| F|  |TAMS 0x0000000087200000, 0x0000000087200000| Untracked 
| 115|0x0000000087300000, 0x0000000087300000, 0x0000000087400000|  0%| F|  |TAMS 0x0000000087300000, 0x0000000087300000| Untracked 
| 116|0x0000000087400000, 0x0000000087400000, 0x0000000087500000|  0%| F|  |TAMS 0x0000000087400000, 0x0000000087400000| Untracked 
| 117|0x0000000087500000, 0x0000000087500000, 0x0000000087600000|  0%| F|  |TAMS 0x0000000087500000, 0x0000000087500000| Untracked 
| 118|0x0000000087600000, 0x0000000087600000, 0x0000000087700000|  0%| F|  |TAMS 0x0000000087600000, 0x0000000087600000| Untracked 
| 119|0x0000000087700000, 0x0000000087700000, 0x0000000087800000|  0%| F|  |TAMS 0x0000000087700000, 0x0000000087700000| Untracked 
| 120|0x0000000087800000, 0x0000000087800000, 0x0000000087900000|  0%| F|  |TAMS 0x0000000087800000, 0x0000000087800000| Untracked 
| 121|0x0000000087900000, 0x0000000087900000, 0x0000000087a00000|  0%| F|  |TAMS 0x0000000087900000, 0x0000000087900000| Untracked 
| 122|0x0000000087a00000, 0x0000000087a00000, 0x0000000087b00000|  0%| F|  |TAMS 0x0000000087a00000, 0x0000000087a00000| Untracked 
| 123|0x0000000087b00000, 0x0000000087b00000, 0x0000000087c00000|  0%| F|  |TAMS 0x0000000087b00000, 0x0000000087b00000| Untracked 
| 124|0x0000000087c00000, 0x0000000087c00000, 0x0000000087d00000|  0%| F|  |TAMS 0x0000000087c00000, 0x0000000087c00000| Untracked 
| 125|0x0000000087d00000, 0x0000000087d00000, 0x0000000087e00000|  0%| F|  |TAMS 0x0000000087d00000, 0x0000000087d00000| Untracked 
| 126|0x0000000087e00000, 0x0000000087e00000, 0x0000000087f00000|  0%| F|  |TAMS 0x0000000087e00000, 0x0000000087e00000| Untracked 
| 127|0x0000000087f00000, 0x0000000087f00000, 0x0000000088000000|  0%| F|  |TAMS 0x0000000087f00000, 0x0000000087f00000| Untracked 
| 128|0x0000000088000000, 0x0000000088000000, 0x0000000088100000|  0%| F|  |TAMS 0x0000000088000000, 0x0000000088000000| Untracked 
| 129|0x0000000088100000, 0x0000000088100000, 0x0000000088200000|  0%| F|  |TAMS 0x0000000088100000, 0x0000000088100000| Untracked 
| 130|0x0000000088200000, 0x0000000088200000, 0x0000000088300000|  0%| F|  |TAMS 0x0000000088200000, 0x0000000088200000| Untracked 
| 131|0x0000000088300000, 0x0000000088300000, 0x0000000088400000|  0%| F|  |TAMS 0x0000000088300000, 0x0000000088300000| Untracked 
| 132|0x0000000088400000, 0x0000000088400000, 0x0000000088500000|  0%| F|  |TAMS 0x0000000088400000, 0x0000000088400000| Untracked 
| 133|0x0000000088500000, 0x0000000088500000, 0x0000000088600000|  0%| F|  |TAMS 0x0000000088500000, 0x0000000088500000| Untracked 
| 134|0x0000000088600000, 0x0000000088600000, 0x0000000088700000|  0%| F|  |TAMS 0x0000000088600000, 0x0000000088600000| Untracked 
| 135|0x0000000088700000, 0x0000000088700000, 0x0000000088800000|  0%| F|  |TAMS 0x0000000088700000, 0x0000000088700000| Untracked 
| 136|0x0000000088800000, 0x0000000088800000, 0x0000000088900000|  0%| F|  |TAMS 0x0000000088800000, 0x0000000088800000| Untracked 
| 137|0x0000000088900000, 0x0000000088900000, 0x0000000088a00000|  0%| F|  |TAMS 0x0000000088900000, 0x0000000088900000| Untracked 
| 138|0x0000000088a00000, 0x0000000088a00000, 0x0000000088b00000|  0%| F|  |TAMS 0x0000000088a00000, 0x0000000088a00000| Untracked 
| 139|0x0000000088b00000, 0x0000000088b00000, 0x0000000088c00000|  0%| F|  |TAMS 0x0000000088b00000, 0x0000000088b00000| Untracked 
| 140|0x0000000088c00000, 0x0000000088c00000, 0x0000000088d00000|  0%| F|  |TAMS 0x0000000088c00000, 0x0000000088c00000| Untracked 
| 141|0x0000000088d00000, 0x0000000088d00000, 0x0000000088e00000|  0%| F|  |TAMS 0x0000000088d00000, 0x0000000088d00000| Untracked 
| 142|0x0000000088e00000, 0x0000000088e00000, 0x0000000088f00000|  0%| F|  |TAMS 0x0000000088e00000, 0x0000000088e00000| Untracked 
| 143|0x0000000088f00000, 0x0000000088f00000, 0x0000000089000000|  0%| F|  |TAMS 0x0000000088f00000, 0x0000000088f00000| Untracked 
| 144|0x0000000089000000, 0x0000000089000000, 0x0000000089100000|  0%| F|  |TAMS 0x0000000089000000, 0x0000000089000000| Untracked 
| 145|0x0000000089100000, 0x0000000089100000, 0x0000000089200000|  0%| F|  |TAMS 0x0000000089100000, 0x0000000089100000| Untracked 
| 146|0x0000000089200000, 0x0000000089200000, 0x0000000089300000|  0%| F|  |TAMS 0x0000000089200000, 0x0000000089200000| Untracked 
| 147|0x0000000089300000, 0x0000000089300000, 0x0000000089400000|  0%| F|  |TAMS 0x0000000089300000, 0x0000000089300000| Untracked 
| 148|0x0000000089400000, 0x0000000089400000, 0x0000000089500000|  0%| F|  |TAMS 0x0000000089400000, 0x0000000089400000| Untracked 
| 149|0x0000000089500000, 0x0000000089500000, 0x0000000089600000|  0%| F|  |TAMS 0x0000000089500000, 0x0000000089500000| Untracked 
| 150|0x0000000089600000, 0x0000000089600000, 0x0000000089700000|  0%| F|  |TAMS 0x0000000089600000, 0x0000000089600000| Untracked 
| 151|0x0000000089700000, 0x0000000089700000, 0x0000000089800000|  0%| F|  |TAMS 0x0000000089700000, 0x0000000089700000| Untracked 
| 152|0x0000000089800000, 0x0000000089800000, 0x0000000089900000|  0%| F|  |TAMS 0x0000000089800000, 0x0000000089800000| Untracked 
| 153|0x0000000089900000, 0x0000000089900000, 0x0000000089a00000|  0%| F|  |TAMS 0x0000000089900000, 0x0000000089900000| Untracked 
| 154|0x0000000089a00000, 0x0000000089a00000, 0x0000000089b00000|  0%| F|  |TAMS 0x0000000089a00000, 0x0000000089a00000| Untracked 
| 155|0x0000000089b00000, 0x0000000089b00000, 0x0000000089c00000|  0%| F|  |TAMS 0x0000000089b00000, 0x0000000089b00000| Untracked 
| 156|0x0000000089c00000, 0x0000000089c00000, 0x0000000089d00000|  0%| F|  |TAMS 0x0000000089c00000, 0x0000000089c00000| Untracked 
| 157|0x0000000089d00000, 0x0000000089d00000, 0x0000000089e00000|  0%| F|  |TAMS 0x0000000089d00000, 0x0000000089d00000| Untracked 
| 158|0x0000000089e00000, 0x0000000089e00000, 0x0000000089f00000|  0%| F|  |TAMS 0x0000000089e00000, 0x0000000089e00000| Untracked 
| 159|0x0000000089f00000, 0x0000000089f00000, 0x000000008a000000|  0%| F|  |TAMS 0x0000000089f00000, 0x0000000089f00000| Untracked 
| 160|0x000000008a000000, 0x000000008a000000, 0x000000008a100000|  0%| F|  |TAMS 0x000000008a000000, 0x000000008a000000| Untracked 
| 161|0x000000008a100000, 0x000000008a100000, 0x000000008a200000|  0%| F|  |TAMS 0x000000008a100000, 0x000000008a100000| Untracked 
| 162|0x000000008a200000, 0x000000008a200000, 0x000000008a300000|  0%| F|  |TAMS 0x000000008a200000, 0x000000008a200000| Untracked 
| 163|0x000000008a300000, 0x000000008a300000, 0x000000008a400000|  0%| F|  |TAMS 0x000000008a300000, 0x000000008a300000| Untracked 
| 164|0x000000008a400000, 0x000000008a400000, 0x000000008a500000|  0%| F|  |TAMS 0x000000008a400000, 0x000000008a400000| Untracked 
| 165|0x000000008a500000, 0x000000008a500000, 0x000000008a600000|  0%| F|  |TAMS 0x000000008a500000, 0x000000008a500000| Untracked 
| 166|0x000000008a600000, 0x000000008a600000, 0x000000008a700000|  0%| F|  |TAMS 0x000000008a600000, 0x000000008a600000| Untracked 
| 167|0x000000008a700000, 0x000000008a700000, 0x000000008a800000|  0%| F|  |TAMS 0x000000008a700000, 0x000000008a700000| Untracked 
| 168|0x000000008a800000, 0x000000008a800000, 0x000000008a900000|  0%| F|  |TAMS 0x000000008a800000, 0x000000008a800000| Untracked 
| 169|0x000000008a900000, 0x000000008a900000, 0x000000008aa00000|  0%| F|  |TAMS 0x000000008a900000, 0x000000008a900000| Untracked 
| 170|0x000000008aa00000, 0x000000008aa00000, 0x000000008ab00000|  0%| F|  |TAMS 0x000000008aa00000, 0x000000008aa00000| Untracked 
| 171|0x000000008ab00000, 0x000000008ab00000, 0x000000008ac00000|  0%| F|  |TAMS 0x000000008ab00000, 0x000000008ab00000| Untracked 
| 172|0x000000008ac00000, 0x000000008ac00000, 0x000000008ad00000|  0%| F|  |TAMS 0x000000008ac00000, 0x000000008ac00000| Untracked 
| 173|0x000000008ad00000, 0x000000008ad00000, 0x000000008ae00000|  0%| F|  |TAMS 0x000000008ad00000, 0x000000008ad00000| Untracked 
| 174|0x000000008ae00000, 0x000000008ae00000, 0x000000008af00000|  0%| F|  |TAMS 0x000000008ae00000, 0x000000008ae00000| Untracked 
| 175|0x000000008af00000, 0x000000008af00000, 0x000000008b000000|  0%| F|  |TAMS 0x000000008af00000, 0x000000008af00000| Untracked 
| 176|0x000000008b000000, 0x000000008b000000, 0x000000008b100000|  0%| F|  |TAMS 0x000000008b000000, 0x000000008b000000| Untracked 
| 177|0x000000008b100000, 0x000000008b100000, 0x000000008b200000|  0%| F|  |TAMS 0x000000008b100000, 0x000000008b100000| Untracked 
| 178|0x000000008b200000, 0x000000008b200000, 0x000000008b300000|  0%| F|  |TAMS 0x000000008b200000, 0x000000008b200000| Untracked 
| 179|0x000000008b300000, 0x000000008b300000, 0x000000008b400000|  0%| F|  |TAMS 0x000000008b300000, 0x000000008b300000| Untracked 
| 180|0x000000008b400000, 0x000000008b400000, 0x000000008b500000|  0%| F|  |TAMS 0x000000008b400000, 0x000000008b400000| Untracked 
| 181|0x000000008b500000, 0x000000008b500000, 0x000000008b600000|  0%| F|  |TAMS 0x000000008b500000, 0x000000008b500000| Untracked 
| 182|0x000000008b600000, 0x000000008b600000, 0x000000008b700000|  0%| F|  |TAMS 0x000000008b600000, 0x000000008b600000| Untracked 
| 183|0x000000008b700000, 0x000000008b700000, 0x000000008b800000|  0%| F|  |TAMS 0x000000008b700000, 0x000000008b700000| Untracked 
| 184|0x000000008b800000, 0x000000008b800000, 0x000000008b900000|  0%| F|  |TAMS 0x000000008b800000, 0x000000008b800000| Untracked 
| 185|0x000000008b900000, 0x000000008b900000, 0x000000008ba00000|  0%| F|  |TAMS 0x000000008b900000, 0x000000008b900000| Untracked 
| 186|0x000000008ba00000, 0x000000008ba00000, 0x000000008bb00000|  0%| F|  |TAMS 0x000000008ba00000, 0x000000008ba00000| Untracked 
| 187|0x000000008bb00000, 0x000000008bb00000, 0x000000008bc00000|  0%| F|  |TAMS 0x000000008bb00000, 0x000000008bb00000| Untracked 
| 188|0x000000008bc00000, 0x000000008bc00000, 0x000000008bd00000|  0%| F|  |TAMS 0x000000008bc00000, 0x000000008bc00000| Untracked 
| 189|0x000000008bd00000, 0x000000008bd00000, 0x000000008be00000|  0%| F|  |TAMS 0x000000008bd00000, 0x000000008bd00000| Untracked 
| 190|0x000000008be00000, 0x000000008be00000, 0x000000008bf00000|  0%| F|  |TAMS 0x000000008be00000, 0x000000008be00000| Untracked 
| 191|0x000000008bf00000, 0x000000008bf00000, 0x000000008c000000|  0%| F|  |TAMS 0x000000008bf00000, 0x000000008bf00000| Untracked 
| 192|0x000000008c000000, 0x000000008c000000, 0x000000008c100000|  0%| F|  |TAMS 0x000000008c000000, 0x000000008c000000| Untracked 
| 193|0x000000008c100000, 0x000000008c100000, 0x000000008c200000|  0%| F|  |TAMS 0x000000008c100000, 0x000000008c100000| Untracked 
| 194|0x000000008c200000, 0x000000008c200000, 0x000000008c300000|  0%| F|  |TAMS 0x000000008c200000, 0x000000008c200000| Untracked 
| 195|0x000000008c300000, 0x000000008c300000, 0x000000008c400000|  0%| F|  |TAMS 0x000000008c300000, 0x000000008c300000| Untracked 
| 196|0x000000008c400000, 0x000000008c400000, 0x000000008c500000|  0%| F|  |TAMS 0x000000008c400000, 0x000000008c400000| Untracked 
| 197|0x000000008c500000, 0x000000008c500000, 0x000000008c600000|  0%| F|  |TAMS 0x000000008c500000, 0x000000008c500000| Untracked 
| 198|0x000000008c600000, 0x000000008c600000, 0x000000008c700000|  0%| F|  |TAMS 0x000000008c600000, 0x000000008c600000| Untracked 
| 199|0x000000008c700000, 0x000000008c700000, 0x000000008c800000|  0%| F|  |TAMS 0x000000008c700000, 0x000000008c700000| Untracked 
| 200|0x000000008c800000, 0x000000008c800000, 0x000000008c900000|  0%| F|  |TAMS 0x000000008c800000, 0x000000008c800000| Untracked 
| 201|0x000000008c900000, 0x000000008c900000, 0x000000008ca00000|  0%| F|  |TAMS 0x000000008c900000, 0x000000008c900000| Untracked 
| 202|0x000000008ca00000, 0x000000008ca00000, 0x000000008cb00000|  0%| F|  |TAMS 0x000000008ca00000, 0x000000008ca00000| Untracked 
| 203|0x000000008cb00000, 0x000000008cb00000, 0x000000008cc00000|  0%| F|  |TAMS 0x000000008cb00000, 0x000000008cb00000| Untracked 
| 204|0x000000008cc00000, 0x000000008cc00000, 0x000000008cd00000|  0%| F|  |TAMS 0x000000008cc00000, 0x000000008cc00000| Untracked 
| 205|0x000000008cd00000, 0x000000008cd00000, 0x000000008ce00000|  0%| F|  |TAMS 0x000000008cd00000, 0x000000008cd00000| Untracked 
| 206|0x000000008ce00000, 0x000000008ce00000, 0x000000008cf00000|  0%| F|  |TAMS 0x000000008ce00000, 0x000000008ce00000| Untracked 
| 207|0x000000008cf00000, 0x000000008cf00000, 0x000000008d000000|  0%| F|  |TAMS 0x000000008cf00000, 0x000000008cf00000| Untracked 
| 208|0x000000008d000000, 0x000000008d000000, 0x000000008d100000|  0%| F|  |TAMS 0x000000008d000000, 0x000000008d000000| Untracked 
| 209|0x000000008d100000, 0x000000008d100000, 0x000000008d200000|  0%| F|  |TAMS 0x000000008d100000, 0x000000008d100000| Untracked 
| 210|0x000000008d200000, 0x000000008d200000, 0x000000008d300000|  0%| F|  |TAMS 0x000000008d200000, 0x000000008d200000| Untracked 
| 211|0x000000008d300000, 0x000000008d300000, 0x000000008d400000|  0%| F|  |TAMS 0x000000008d300000, 0x000000008d300000| Untracked 
| 212|0x000000008d400000, 0x000000008d400000, 0x000000008d500000|  0%| F|  |TAMS 0x000000008d400000, 0x000000008d400000| Untracked 
| 213|0x000000008d500000, 0x000000008d600000, 0x000000008d600000|100%| E|  |TAMS 0x000000008d500000, 0x000000008d500000| Complete 
| 214|0x000000008d600000, 0x000000008d700000, 0x000000008d700000|100%| E|CS|TAMS 0x000000008d600000, 0x000000008d600000| Complete 
| 215|0x000000008d700000, 0x000000008d800000, 0x000000008d800000|100%| E|CS|TAMS 0x000000008d700000, 0x000000008d700000| Complete 
| 216|0x000000008d800000, 0x000000008d900000, 0x000000008d900000|100%| E|CS|TAMS 0x000000008d800000, 0x000000008d800000| Complete 
| 217|0x000000008d900000, 0x000000008da00000, 0x000000008da00000|100%| E|CS|TAMS 0x000000008d900000, 0x000000008d900000| Complete 
| 218|0x000000008da00000, 0x000000008db00000, 0x000000008db00000|100%| E|CS|TAMS 0x000000008da00000, 0x000000008da00000| Complete 
| 219|0x000000008db00000, 0x000000008dc00000, 0x000000008dc00000|100%| E|CS|TAMS 0x000000008db00000, 0x000000008db00000| Complete 
| 220|0x000000008dc00000, 0x000000008dd00000, 0x000000008dd00000|100%| E|CS|TAMS 0x000000008dc00000, 0x000000008dc00000| Complete 
| 221|0x000000008dd00000, 0x000000008de00000, 0x000000008de00000|100%| E|CS|TAMS 0x000000008dd00000, 0x000000008dd00000| Complete 
| 222|0x000000008de00000, 0x000000008df00000, 0x000000008df00000|100%| E|CS|TAMS 0x000000008de00000, 0x000000008de00000| Complete 
| 223|0x000000008df00000, 0x000000008e000000, 0x000000008e000000|100%| E|CS|TAMS 0x000000008df00000, 0x000000008df00000| Complete 
| 224|0x000000008e000000, 0x000000008e100000, 0x000000008e100000|100%| E|CS|TAMS 0x000000008e000000, 0x000000008e000000| Complete 
| 225|0x000000008e100000, 0x000000008e200000, 0x000000008e200000|100%| E|CS|TAMS 0x000000008e100000, 0x000000008e100000| Complete 
| 226|0x000000008e200000, 0x000000008e300000, 0x000000008e300000|100%| E|CS|TAMS 0x000000008e200000, 0x000000008e200000| Complete 
| 227|0x000000008e300000, 0x000000008e400000, 0x000000008e400000|100%| E|CS|TAMS 0x000000008e300000, 0x000000008e300000| Complete 
| 228|0x000000008e400000, 0x000000008e500000, 0x000000008e500000|100%| E|CS|TAMS 0x000000008e400000, 0x000000008e400000| Complete 
| 229|0x000000008e500000, 0x000000008e600000, 0x000000008e600000|100%| E|CS|TAMS 0x000000008e500000, 0x000000008e500000| Complete 
| 230|0x000000008e600000, 0x000000008e700000, 0x000000008e700000|100%| E|CS|TAMS 0x000000008e600000, 0x000000008e600000| Complete 
| 231|0x000000008e700000, 0x000000008e800000, 0x000000008e800000|100%| E|CS|TAMS 0x000000008e700000, 0x000000008e700000| Complete 
| 232|0x000000008e800000, 0x000000008e900000, 0x000000008e900000|100%| E|CS|TAMS 0x000000008e800000, 0x000000008e800000| Complete 
| 233|0x000000008e900000, 0x000000008ea00000, 0x000000008ea00000|100%| E|CS|TAMS 0x000000008e900000, 0x000000008e900000| Complete 
| 234|0x000000008ea00000, 0x000000008eaea510, 0x000000008eb00000| 91%| S|CS|TAMS 0x000000008ea00000, 0x000000008ea00000| Complete 
| 235|0x000000008eb00000, 0x000000008ec00000, 0x000000008ec00000|100%| E|CS|TAMS 0x000000008eb00000, 0x000000008eb00000| Complete 
| 236|0x000000008ec00000, 0x000000008ed00000, 0x000000008ed00000|100%| E|CS|TAMS 0x000000008ec00000, 0x000000008ec00000| Complete 
| 237|0x000000008ed00000, 0x000000008ee00000, 0x000000008ee00000|100%| E|CS|TAMS 0x000000008ed00000, 0x000000008ed00000| Complete 
| 238|0x000000008ee00000, 0x000000008ef00000, 0x000000008ef00000|100%| E|CS|TAMS 0x000000008ee00000, 0x000000008ee00000| Complete 
| 239|0x000000008ef00000, 0x000000008f000000, 0x000000008f000000|100%| E|CS|TAMS 0x000000008ef00000, 0x000000008ef00000| Complete 
| 240|0x000000008f000000, 0x000000008f100000, 0x000000008f100000|100%| E|CS|TAMS 0x000000008f000000, 0x000000008f000000| Complete 
| 241|0x000000008f100000, 0x000000008f200000, 0x000000008f200000|100%| E|CS|TAMS 0x000000008f100000, 0x000000008f100000| Complete 
| 242|0x000000008f200000, 0x000000008f300000, 0x000000008f300000|100%| E|CS|TAMS 0x000000008f200000, 0x000000008f200000| Complete 
| 243|0x000000008f300000, 0x000000008f400000, 0x000000008f400000|100%| E|CS|TAMS 0x000000008f300000, 0x000000008f300000| Complete 
| 244|0x000000008f400000, 0x000000008f500000, 0x000000008f500000|100%| E|CS|TAMS 0x000000008f400000, 0x000000008f400000| Complete 
| 245|0x000000008f500000, 0x000000008f600000, 0x000000008f600000|100%| E|CS|TAMS 0x000000008f500000, 0x000000008f500000| Complete 
| 246|0x000000008f600000, 0x000000008f700000, 0x000000008f700000|100%| E|CS|TAMS 0x000000008f600000, 0x000000008f600000| Complete 
| 247|0x000000008f700000, 0x000000008f800000, 0x000000008f800000|100%| E|CS|TAMS 0x000000008f700000, 0x000000008f700000| Complete 
| 248|0x000000008f800000, 0x000000008f900000, 0x000000008f900000|100%| E|CS|TAMS 0x000000008f800000, 0x000000008f800000| Complete 
| 249|0x000000008f900000, 0x000000008fa00000, 0x000000008fa00000|100%| E|CS|TAMS 0x000000008f900000, 0x000000008f900000| Complete 
| 250|0x000000008fa00000, 0x000000008fb00000, 0x000000008fb00000|100%| E|CS|TAMS 0x000000008fa00000, 0x000000008fa00000| Complete 
| 251|0x000000008fb00000, 0x000000008fc00000, 0x000000008fc00000|100%| E|CS|TAMS 0x000000008fb00000, 0x000000008fb00000| Complete 

Card table byte_map: [0x000001b331ca0000,0x000001b3320a0000] _byte_map_base: 0x000001b3318a0000

Marking Bits (Prev, Next): (CMBitMap*) 0x000001b31eaaafe0, (CMBitMap*) 0x000001b31eaaafa8
 Prev Bits: [0x000001b3344a0000, 0x000001b3364a0000)
 Next Bits: [0x000001b3324a0000, 0x000001b3344a0000)

Polling page: 0x000001b31c9d0000

Metaspace:

Usage:
  Non-class:     22.93 MB capacity,    22.57 MB ( 98%) used,   320.48 KB (  1%) free+waste,    50.06 KB ( <1%) overhead. 
      Class:      3.57 MB capacity,     3.37 MB ( 94%) used,   177.95 KB (  5%) free+waste,    25.19 KB ( <1%) overhead. 
       Both:     26.50 MB capacity,    25.94 MB ( 98%) used,   498.43 KB (  2%) free+waste,    75.25 KB ( <1%) overhead. 

Virtual space:
  Non-class space:       24.00 MB reserved,      23.00 MB ( 96%) committed 
      Class space:        1.00 GB reserved,       3.63 MB ( <1%) committed 
             Both:        1.02 GB reserved,      26.63 MB (  3%) committed 

Chunk freelists:
   Non-Class:  7.00 KB
       Class:  0 bytes
        Both:  7.00 KB

MaxMetaspaceSize: 17179869184.00 GB
CompressedClassSpaceSize: 1.00 GB
Initial GC threshold: 20.80 MB
Current GC threshold: 35.00 MB
CDS: off

CodeHeap 'non-profiled nmethods': size=120000Kb used=1310Kb max_used=1310Kb free=118689Kb
 bounds [0x000001b32a040000, 0x000001b32a2b0000, 0x000001b331570000]
CodeHeap 'profiled nmethods': size=120000Kb used=4893Kb max_used=4893Kb free=115106Kb
 bounds [0x000001b322b10000, 0x000001b322fe0000, 0x000001b32a040000]
CodeHeap 'non-nmethods': size=5760Kb used=1241Kb max_used=1281Kb free=4518Kb
 bounds [0x000001b322570000, 0x000001b3227e0000, 0x000001b322b10000]
 total_blobs=2800 nmethods=2298 adapters=414
 compilation: enabled
              stopped_count=0, restarted_count=0
 full_count=0

Compilation events (20 events):
Event: 5.756 Thread 0x000001b3397cd000 2271       3       java.io.ByteArrayOutputStream::<init> (43 bytes)
Event: 5.757 Thread 0x000001b3397cd000 nmethod 2271 0x000001b322fc2510 code [0x000001b322fc2780, 0x000001b322fc3198]
Event: 5.757 Thread 0x000001b3397cd000 2272       3       java.io.ByteArrayOutputStream::<init> (7 bytes)
Event: 5.757 Thread 0x000001b3397cd000 nmethod 2272 0x000001b322fc3510 code [0x000001b322fc36c0, 0x000001b322fc37e8]
Event: 5.761 Thread 0x000001b3397cd000 2273       3       jdk.internal.org.objectweb.asm.MethodVisitor::visitVarInsn (17 bytes)
Event: 5.761 Thread 0x000001b3397cd000 nmethod 2273 0x000001b322fc3890 code [0x000001b322fc3a40, 0x000001b322fc3c28]
Event: 5.762 Thread 0x000001b3397cd000 2274       3       java.lang.reflect.ProxyGenerator$ConstantPool::getString (21 bytes)
Event: 5.762 Thread 0x000001b3397cd000 nmethod 2274 0x000001b322fc3d10 code [0x000001b322fc3f20, 0x000001b322fc4388]
Event: 5.762 Thread 0x000001b3397cd000 2275       3       java.lang.reflect.ProxyGenerator::code_ldc (64 bytes)
Event: 5.763 Thread 0x000001b3397cd000 nmethod 2275 0x000001b322fc4590 code [0x000001b322fc47e0, 0x000001b322fc51a8]
Event: 5.772 Thread 0x000001b3397cd000 2279       3       com.google.common.base.CharMatcher$IsEither::matches (22 bytes)
Event: 5.772 Thread 0x000001b3397cd000 nmethod 2279 0x000001b322fc5510 code [0x000001b322fc56c0, 0x000001b322fc5858]
Event: 5.774 Thread 0x000001b3397cd000 2280       3       java.util.Collections$UnmodifiableCollection::size (10 bytes)
Event: 5.774 Thread 0x000001b3397cd000 nmethod 2280 0x000001b322fc5910 code [0x000001b322fc5ac0, 0x000001b322fc5c88]
Event: 5.774 Thread 0x000001b3397cd000 2281       3       java.util.Collections$UnmodifiableList::get (11 bytes)
Event: 5.774 Thread 0x000001b3397cd000 nmethod 2281 0x000001b322fc5d90 code [0x000001b322fc5f40, 0x000001b322fc6108]
Event: 5.774 Thread 0x000001b3397cd000 2282       1       org.gradle.api.internal.file.pattern.EndOfPathMatcher::getMaxSegments (2 bytes)
Event: 5.774 Thread 0x000001b3397cd000 nmethod 2282 0x000001b32a183490 code [0x000001b32a183640, 0x000001b32a1836f8]
Event: 5.774 Thread 0x000001b3397cd000 2283       3       org.gradle.api.internal.file.pattern.PatternMatcherFactory::compile (117 bytes)
Event: 5.775 Thread 0x000001b3397cd000 nmethod 2283 0x000001b322fc6210 code [0x000001b322fc64c0, 0x000001b322fc7158]

GC Heap History (6 events):
Event: 1.176 GC heap before
{Heap before GC invocations=0 (full 0):
 garbage-first heap   total 258048K, used 29696K [0x0000000080000000, 0x0000000100000000)
  region size 1024K, 24 young (24576K), 0 survivors (0K)
 Metaspace       used 9769K, capacity 9952K, committed 10112K, reserved 1058816K
  class space    used 1013K, capacity 1069K, committed 1152K, reserved 1048576K
}
Event: 1.187 GC heap after
{Heap after GC invocations=1 (full 0):
 garbage-first heap   total 258048K, used 9359K [0x0000000080000000, 0x0000000100000000)
  region size 1024K, 3 young (3072K), 3 survivors (3072K)
 Metaspace       used 9769K, capacity 9952K, committed 10112K, reserved 1058816K
  class space    used 1013K, capacity 1069K, committed 1152K, reserved 1048576K
}
Event: 4.599 GC heap before
{Heap before GC invocations=1 (full 0):
 garbage-first heap   total 258048K, used 116879K [0x0000000080000000, 0x0000000100000000)
  region size 1024K, 109 young (111616K), 3 survivors (3072K)
 Metaspace       used 20699K, capacity 21131K, committed 21248K, reserved 1067008K
  class space    used 2541K, capacity 2710K, committed 2816K, reserved 1048576K
}
Event: 4.612 GC heap after
{Heap after GC invocations=2 (full 0):
 garbage-first heap   total 258048K, used 17061K [0x0000000080000000, 0x0000000100000000)
  region size 1024K, 11 young (11264K), 11 survivors (11264K)
 Metaspace       used 20699K, capacity 21131K, committed 21248K, reserved 1067008K
  class space    used 2541K, capacity 2710K, committed 2816K, reserved 1048576K
}
Event: 4.914 GC heap before
{Heap before GC invocations=3 (full 0):
 garbage-first heap   total 258048K, used 34469K [0x0000000080000000, 0x0000000100000000)
  region size 1024K, 28 young (28672K), 11 survivors (11264K)
 Metaspace       used 22618K, capacity 23070K, committed 23296K, reserved 1069056K
  class space    used 2840K, capacity 3000K, committed 3072K, reserved 1048576K
}
Event: 4.922 GC heap after
{Heap after GC invocations=4 (full 0):
 garbage-first heap   total 258048K, used 17748K [0x0000000080000000, 0x0000000100000000)
  region size 1024K, 1 young (1024K), 1 survivors (1024K)
 Metaspace       used 22618K, capacity 23070K, committed 23296K, reserved 1069056K
  class space    used 2840K, capacity 3000K, committed 3072K, reserved 1048576K
}

Deoptimization events (20 events):
Event: 4.583 Thread 0x000001b33c6d0800 DEOPT PACKING pc=0x000001b32a0bfb10 sp=0x000000932affb410
Event: 4.583 Thread 0x000001b33c6d0800 DEOPT UNPACKING pc=0x000001b3225785af sp=0x000000932affb3e8 mode 2
Event: 4.765 Thread 0x000001b33c6d0800 Uncommon trap: trap_request=0xffffff4d fr.pc=0x000001b32a1437b0 relative=0x00000000000003b0
Event: 4.765 Thread 0x000001b33c6d0800 Uncommon trap: reason=unstable_if action=reinterpret pc=0x000001b32a1437b0 method=jdk.internal.org.objectweb.asm.Type.getArgumentsAndReturnSizes(Ljava/lang/String;)I @ 88 c2
Event: 4.765 Thread 0x000001b33c6d0800 DEOPT PACKING pc=0x000001b32a1437b0 sp=0x000000932aff9a00
Event: 4.765 Thread 0x000001b33c6d0800 DEOPT UNPACKING pc=0x000001b3225785af sp=0x000000932aff9988 mode 2
Event: 5.085 Thread 0x000001b33c6d0800 Uncommon trap: trap_request=0xffffff4d fr.pc=0x000001b32a09637c relative=0x000000000000023c
Event: 5.085 Thread 0x000001b33c6d0800 Uncommon trap: reason=unstable_if action=reinterpret pc=0x000001b32a09637c method=java.util.concurrent.ConcurrentHashMap.get(Ljava/lang/Object;)Ljava/lang/Object; @ 76 c2
Event: 5.085 Thread 0x000001b33c6d0800 DEOPT PACKING pc=0x000001b32a09637c sp=0x000000932aff9a70
Event: 5.085 Thread 0x000001b33c6d0800 DEOPT UNPACKING pc=0x000001b3225785af sp=0x000000932aff99d8 mode 2
Event: 5.119 Thread 0x000001b33c6d0800 Uncommon trap: trap_request=0xffffffcc fr.pc=0x000001b32a1586f8 relative=0x00000000000002b8
Event: 5.119 Thread 0x000001b33c6d0800 Uncommon trap: reason=intrinsic_or_type_checked_inlining action=make_not_entrant pc=0x000001b32a1586f8 method=java.util.Arrays.copyOf([Ljava/lang/Object;ILjava/lang/Class;)[Ljava/lang/Object; @ 35 c2
Event: 5.119 Thread 0x000001b33c6d0800 DEOPT PACKING pc=0x000001b32a1586f8 sp=0x000000932affbe90
Event: 5.119 Thread 0x000001b33c6d0800 DEOPT UNPACKING pc=0x000001b3225785af sp=0x000000932affbe20 mode 2
Event: 5.441 Thread 0x000001b33c6d0800 DEOPT PACKING pc=0x000001b322ea2468 sp=0x000000932aff9cf0
Event: 5.441 Thread 0x000001b33c6d0800 DEOPT UNPACKING pc=0x000001b3225b9d0e sp=0x000000932aff91f8 mode 0
Event: 5.768 Thread 0x000001b33c6d0800 Uncommon trap: trap_request=0xffffff7e fr.pc=0x000001b32a181c90 relative=0x0000000000000150
Event: 5.768 Thread 0x000001b33c6d0800 Uncommon trap: reason=predicate action=maybe_recompile pc=0x000001b32a181c90 method=com.google.common.base.CharMatcher.indexIn(Ljava/lang/CharSequence;I)I @ 19 c2
Event: 5.768 Thread 0x000001b33c6d0800 DEOPT PACKING pc=0x000001b32a181c90 sp=0x000000932affb730
Event: 5.768 Thread 0x000001b33c6d0800 DEOPT UNPACKING pc=0x000001b3225785af sp=0x000000932affb6c0 mode 2

Classes redefined (0 events):
No events

Internal exceptions (20 events):
Event: 2.577 Thread 0x000001b31ea6f000 Exception <a 'java/lang/NoSuchMethodError'{0x000000008c0e7048}: 'java.lang.Object java.lang.invoke.DirectMethodHandle$Holder.invokeStaticInit(java.lang.Object, java.lang.Object, java.lang.Object)'> (0x000000008c0e7048) thrown at [./src/hotspot/share/interpreter/linkResolver.cpp, line 773]
Event: 2.809 Thread 0x000001b31ea6f000 Exception <a 'java/lang/NoSuchMethodError'{0x000000008b96c300}: 'java.lang.Object java.lang.invoke.DirectMethodHandle$Holder.invokeStaticInit(java.lang.Object, int, int, int, int)'> (0x000000008b96c300) thrown at [./src/hotspot/share/interpreter/linkResolver.cpp, line 773]
Event: 3.227 Thread 0x000001b31ea6f000 Exception <a 'java/lang/NoSuchMethodError'{0x000000008b84ecc0}: 'java.lang.Object java.lang.invoke.DirectMethodHandle$Holder.invokeStaticInit(java.lang.Object, java.lang.Object, int, int, int, int)'> (0x000000008b84ecc0) thrown at [./src/hotspot/share/interpreter/linkResolver.cpp, line 773]
Event: 3.789 Thread 0x000001b31ea6f000 Exception <a 'java/io/IOException'{0x000000008b632ae8}> (0x000000008b632ae8) thrown at [./src/hotspot/share/prims/jni.cpp, line 615]
Event: 3.977 Thread 0x000001b33c6d0800 Exception <a 'java/lang/NoSuchMethodError'{0x000000008b0f5048}: 'long java.lang.invoke.DirectMethodHandle$Holder.invokeInterface(java.lang.Object, java.lang.Object)'> (0x000000008b0f5048) thrown at [./src/hotspot/share/interpreter/linkResolver.cpp, line 773]
Event: 3.979 Thread 0x000001b33c6d0800 Exception <a 'java/lang/NoSuchMethodError'{0x000000008af025f0}: 'void java.lang.invoke.DelegatingMethodHandle$Holder.reinvoke_L(java.lang.Object, java.lang.Object, java.lang.Object, java.lang.Object, java.lang.Object, java.lang.Object, java.lang.Object)'> (0x000000008af025f0) thrown at [./src/hotspot/share/interpreter/linkResolver.cpp, line 773]
Event: 4.456 Thread 0x000001b33c6d0800 Exception <a 'java/lang/NoSuchMethodError'{0x000000008944f578}: 'void java.lang.invoke.DirectMethodHandle$Holder.invokeStaticInit(java.lang.Object)'> (0x000000008944f578) thrown at [./src/hotspot/share/interpreter/linkResolver.cpp, line 773]
Event: 4.480 Thread 0x000001b33c6d0800 Exception <a 'java/lang/NoSuchMethodError'{0x00000000894fe5f8}: 'java.lang.Object java.lang.invoke.DirectMethodHandle$Holder.invokeStatic(java.lang.Object, java.lang.Object, java.lang.Object, int)'> (0x00000000894fe5f8) thrown at [./src/hotspot/share/interpreter/linkResolver.cpp, line 773]
Event: 4.481 Thread 0x000001b33c6d0800 Exception <a 'java/lang/NoSuchMethodError'{0x0000000089303750}: 'java.lang.Object java.lang.invoke.DirectMethodHandle$Holder.invokeSpecial(java.lang.Object, java.lang.Object, java.lang.Object, java.lang.Object, int)'> (0x0000000089303750) thrown at [./src/hotspot/share/interpreter/linkResolver.cpp, line 773]
Event: 4.481 Thread 0x000001b33c6d0800 Exception <a 'java/lang/NoSuchMethodError'{0x0000000089307688}: 'java.lang.Object java.lang.invoke.Invokers$Holder.linkToTargetMethod(java.lang.Object, java.lang.Object, int, java.lang.Object)'> (0x0000000089307688) thrown at [./src/hotspot/share/interpreter/linkResolver.cpp, line 773]
Event: 4.670 Thread 0x000001b33c6d0800 Exception <a 'java/lang/NoSuchMethodError'{0x000000008f9d2de0}: 'int java.lang.invoke.DirectMethodHandle$Holder.invokeSpecialIFC(java.lang.Object, java.lang.Object, java.lang.Object, java.lang.Object)'> (0x000000008f9d2de0) thrown at [./src/hotspot/share/interpreter/linkResolver.cpp, line 773]
Event: 4.672 Thread 0x000001b33c6d0800 Exception <a 'java/lang/NoSuchMethodError'{0x000000008f9e0d98}: 'java.lang.Object java.lang.invoke.DirectMethodHandle$Holder.invokeInterface(java.lang.Object, java.lang.Object, java.lang.Object)'> (0x000000008f9e0d98) thrown at [./src/hotspot/share/interpreter/linkResolver.cpp, line 773]
Event: 4.672 Thread 0x000001b33c6d0800 Exception <a 'java/lang/IncompatibleClassChangeError'{0x000000008f9e4270}: Found class java.lang.Object, but interface was expected> (0x000000008f9e4270) thrown at [./src/hotspot/share/interpreter/linkResolver.cpp, line 839]
Event: 4.888 Thread 0x000001b33c6d0800 Exception <a 'java/lang/NoSuchMethodError'{0x000000008ed85bf0}: 'java.lang.Object java.lang.invoke.DirectMethodHandle$Holder.invokeSpecial(java.lang.Object, java.lang.Object, java.lang.Object, java.lang.Object, java.lang.Object, java.lang.Object, java.lang.Object, java.lang.Object, java.lang.Object)'> (0x000000008ed85bf0) thrown at [./src/hotspot/share/interpreter/linkResolver.cpp, line 773]
Event: 5.007 Thread 0x000001b33c6d0800 Exception <a 'java/lang/NoSuchMethodError'{0x000000008f428708}: 'java.lang.Object java.lang.invoke.DirectMethodHandle$Holder.invokeVirtual(java.lang.Object, java.lang.Object, java.lang.Object, java.lang.Object)'> (0x000000008f428708) thrown at [./src/hotspot/share/interpreter/linkResolver.cpp, line 773]
Event: 5.135 Thread 0x000001b33c6d0800 Exception <a 'java/lang/NoSuchMethodError'{0x000000008ed691a0}: 'void java.lang.invoke.DirectMethodHandle$Holder.invokeSpecial(java.lang.Object, java.lang.Object, java.lang.Object, java.lang.Object, java.lang.Object, java.lang.Object)'> (0x000000008ed691a0) thrown at [./src/hotspot/share/interpreter/linkResolver.cpp, line 773]
Event: 5.150 Thread 0x000001b33c6d0800 Exception <a 'java/lang/NoSuchMethodError'{0x000000008edd83e8}: 'void java.lang.invoke.DirectMethodHandle$Holder.invokeSpecial(java.lang.Object, java.lang.Object, java.lang.Object, java.lang.Object, java.lang.Object, java.lang.Object, java.lang.Object)'> (0x000000008edd83e8) thrown at [./src/hotspot/share/interpreter/linkResolver.cpp, line 773]
Event: 5.151 Thread 0x000001b33c6d0800 Exception <a 'java/lang/NoSuchMethodError'{0x000000008ede08d8}: 'java.lang.Object java.lang.invoke.Invokers$Holder.linkToTargetMethod(java.lang.Object, java.lang.Object, java.lang.Object, java.lang.Object, java.lang.Object, java.lang.Object)'> (0x000000008ede08d8) thrown at [./src/hotspot/share/interpreter/linkResolver.cpp, line 773]
Event: 5.385 Thread 0x000001b33c6d0800 Exception <a 'java/lang/NoSuchMethodError'{0x000000008e2b6040}: 'int java.lang.invoke.DirectMethodHandle$Holder.invokeStaticInit(java.lang.Object, java.lang.Object, java.lang.Object)'> (0x000000008e2b6040) thrown at [./src/hotspot/share/interpreter/linkResolver.cpp, line 773]
Event: 5.672 Thread 0x000001b33c6d0800 Exception <a 'java/lang/NoSuchMethodError'{0x000000008dc12650}: 'void java.lang.invoke.DirectMethodHandle$Holder.invokeStaticInit(java.lang.Object, java.lang.Object)'> (0x000000008dc12650) thrown at [./src/hotspot/share/interpreter/linkResolver.cpp, line 773]

Events (20 events):
Event: 5.769 loading class org/gradle/api/internal/file/pattern/PatternStepFactory
Event: 5.769 loading class org/gradle/api/internal/file/pattern/PatternStepFactory done
Event: 5.769 loading class org/gradle/api/internal/file/pattern/PatternStep
Event: 5.769 loading class org/gradle/api/internal/file/pattern/PatternStep done
Event: 5.770 loading class org/gradle/api/internal/file/pattern/AnyWildcardPatternStep
Event: 5.770 loading class org/gradle/api/internal/file/pattern/AnyWildcardPatternStep done
Event: 5.770 loading class org/gradle/api/internal/file/pattern/HasPrefixAndSuffixPatternStep
Event: 5.770 loading class org/gradle/api/internal/file/pattern/HasPrefixAndSuffixPatternStep done
Event: 5.770 loading class org/gradle/api/internal/file/pattern/HasPrefixPatternStep
Event: 5.770 loading class org/gradle/api/internal/file/pattern/HasPrefixPatternStep done
Event: 5.771 loading class org/gradle/api/internal/file/pattern/HasSuffixPatternStep
Event: 5.771 loading class org/gradle/api/internal/file/pattern/HasSuffixPatternStep done
Event: 5.771 loading class org/gradle/api/internal/file/pattern/FixedPatternStep
Event: 5.771 loading class org/gradle/api/internal/file/pattern/FixedPatternStep done
Event: 5.771 loading class org/gradle/api/internal/file/pattern/AnythingMatcher
Event: 5.771 loading class org/gradle/api/internal/file/pattern/AnythingMatcher done
Event: 5.772 loading class org/gradle/api/internal/file/RelativePathSpec
Event: 5.772 loading class org/gradle/api/internal/file/RelativePathSpec done
Event: 5.773 loading class org/gradle/api/tasks/util/internal/CachingPatternSpecFactory$CachingSpec
Event: 5.773 loading class org/gradle/api/tasks/util/internal/CachingPatternSpecFactory$CachingSpec done


Dynamic libraries:
0x00007ff7a0b00000 - 0x00007ff7a0b0a000 	C:\Program Files\Android\Android Studio\jre\bin\java.exe
0x00007ff822e10000 - 0x00007ff823024000 	C:\WINDOWS\SYSTEM32\ntdll.dll
0x00007ff821c50000 - 0x00007ff821d12000 	C:\WINDOWS\System32\KERNEL32.DLL
0x00007ff820450000 - 0x00007ff8207f3000 	C:\WINDOWS\System32\KERNELBASE.dll
0x00007ff820930000 - 0x00007ff820a41000 	C:\WINDOWS\System32\ucrtbase.dll
0x00007ff81aed0000 - 0x00007ff81aee9000 	C:\Program Files\Android\Android Studio\jre\bin\jli.dll
0x00007ff81af90000 - 0x00007ff81afa7000 	C:\Program Files\Android\Android Studio\jre\bin\VCRUNTIME140.dll
0x00007ff822310000 - 0x00007ff8224bb000 	C:\WINDOWS\System32\USER32.dll
0x00007ff820230000 - 0x00007ff820256000 	C:\WINDOWS\System32\win32u.dll
0x00007ff821b70000 - 0x00007ff821b99000 	C:\WINDOWS\System32\GDI32.dll
0x00007ff820af0000 - 0x00007ff820c08000 	C:\WINDOWS\System32\gdi32full.dll
0x00007ff8022f0000 - 0x00007ff80257e000 	C:\WINDOWS\WinSxS\amd64_microsoft.windows.common-controls_6595b64144ccf1df_6.0.22621.1635_none_270f70857386168e\COMCTL32.dll
0x00007ff820a50000 - 0x00007ff820aea000 	C:\WINDOWS\System32\msvcp_win.dll
0x00007ff822260000 - 0x00007ff822307000 	C:\WINDOWS\System32\msvcrt.dll
0x00007ff822220000 - 0x00007ff822251000 	C:\WINDOWS\System32\IMM32.DLL
0x00007fffff080000 - 0x00007fffff11d000 	C:\Program Files\Android\Android Studio\jre\bin\msvcp140.dll
0x00007fff91cb0000 - 0x00007fff92795000 	C:\Program Files\Android\Android Studio\jre\bin\server\jvm.dll
0x00007ff821280000 - 0x00007ff82132e000 	C:\WINDOWS\System32\ADVAPI32.dll
0x00007ff821010000 - 0x00007ff8210b4000 	C:\WINDOWS\System32\sechost.dll
0x00007ff820d90000 - 0x00007ff820ea7000 	C:\WINDOWS\System32\RPCRT4.dll
0x00007ff822d10000 - 0x00007ff822d18000 	C:\WINDOWS\System32\PSAPI.DLL
0x00007ffffd300000 - 0x00007ffffd309000 	C:\WINDOWS\SYSTEM32\WSOCK32.dll
0x00007ff804f70000 - 0x00007ff804fa4000 	C:\WINDOWS\SYSTEM32\WINMM.dll
0x00007ff821560000 - 0x00007ff8215d1000 	C:\WINDOWS\System32\WS2_32.dll
0x00007ff817e70000 - 0x00007ff817e7a000 	C:\WINDOWS\SYSTEM32\VERSION.dll
0x00007ff81f370000 - 0x00007ff81f388000 	C:\WINDOWS\SYSTEM32\kernel.appcore.dll
0x00007ff81c640000 - 0x00007ff81c651000 	C:\Program Files\Android\Android Studio\jre\bin\verify.dll
0x00007ff81dce0000 - 0x00007ff81df0e000 	C:\WINDOWS\SYSTEM32\DBGHELP.DLL
0x00007ff821e30000 - 0x00007ff8221b9000 	C:\WINDOWS\System32\combase.dll
0x00007ff821600000 - 0x00007ff8216d7000 	C:\WINDOWS\System32\OLEAUT32.dll
0x00007ff800020000 - 0x00007ff800052000 	C:\WINDOWS\SYSTEM32\dbgcore.DLL
0x00007ff8203d0000 - 0x00007ff82044b000 	C:\WINDOWS\System32\bcryptPrimitives.dll
0x00007ff81c610000 - 0x00007ff81c639000 	C:\Program Files\Android\Android Studio\jre\bin\java.dll
0x00007ff81c600000 - 0x00007ff81c60b000 	C:\Program Files\Android\Android Studio\jre\bin\jimage.dll
0x00007ff81c5e0000 - 0x00007ff81c5f8000 	C:\Program Files\Android\Android Studio\jre\bin\zip.dll
0x00007ff8224c0000 - 0x00007ff822cba000 	C:\WINDOWS\System32\SHELL32.dll
0x00007ff81e240000 - 0x00007ff81eb0e000 	C:\WINDOWS\SYSTEM32\windows.storage.dll
0x00007ff81e100000 - 0x00007ff81e23e000 	C:\WINDOWS\SYSTEM32\wintypes.dll
0x00007ff820eb0000 - 0x00007ff820fa1000 	C:\WINDOWS\System32\SHCORE.dll
0x00007ff820c10000 - 0x00007ff820c6e000 	C:\WINDOWS\System32\shlwapi.dll
0x00007ff820160000 - 0x00007ff820181000 	C:\WINDOWS\SYSTEM32\profapi.dll
0x00007ff81c5c0000 - 0x00007ff81c5da000 	C:\Program Files\Android\Android Studio\jre\bin\net.dll
0x00007ff81ad60000 - 0x00007ff81ae97000 	C:\WINDOWS\SYSTEM32\WINHTTP.dll
0x00007ff81f7e0000 - 0x00007ff81f849000 	C:\WINDOWS\system32\mswsock.dll
0x00007ff81c5a0000 - 0x00007ff81c5b4000 	C:\Program Files\Android\Android Studio\jre\bin\nio.dll
0x00007ffffe780000 - 0x00007ffffe7a7000 	C:\Users\HP\Desktop\Android Projects\WeatherApp-master\native\e1d6ef7f7dcc3fd88c89a11ec53ec762bb8ba0a96d01ffa2cd45eb1d1d8dd5c5\windows-amd64\native-platform.dll
0x00007fffd75f0000 - 0x00007fffd7734000 	C:\Users\HP\Desktop\Android Projects\WeatherApp-master\native\5664cfc778a61ccfe75a443a1ab52a65af34e5dc3c78e0209fed803814484fcb\windows-amd64\native-platform-file-events.dll
0x00007ff800e10000 - 0x00007ff800e1a000 	C:\Program Files\Android\Android Studio\jre\bin\management.dll
0x00007ff800e00000 - 0x00007ff800e0d000 	C:\Program Files\Android\Android Studio\jre\bin\management_ext.dll
0x00007ff81fa40000 - 0x00007ff81fa5b000 	C:\WINDOWS\SYSTEM32\CRYPTSP.dll
0x00007ff81f2e0000 - 0x00007ff81f315000 	C:\WINDOWS\system32\rsaenh.dll
0x00007ff81f8e0000 - 0x00007ff81f908000 	C:\WINDOWS\SYSTEM32\USERENV.dll
0x00007ff81fc00000 - 0x00007ff81fc28000 	C:\WINDOWS\SYSTEM32\bcrypt.dll
0x00007ff81fa60000 - 0x00007ff81fa6c000 	C:\WINDOWS\SYSTEM32\CRYPTBASE.dll
0x00007ff81ee70000 - 0x00007ff81ee9d000 	C:\WINDOWS\SYSTEM32\IPHLPAPI.DLL
0x00007ff821c20000 - 0x00007ff821c29000 	C:\WINDOWS\System32\NSI.dll
0x00007ff819b50000 - 0x00007ff819b69000 	C:\WINDOWS\SYSTEM32\dhcpcsvc6.DLL
0x00007ff8199a0000 - 0x00007ff8199bf000 	C:\WINDOWS\SYSTEM32\dhcpcsvc.DLL
0x00007ff81eea0000 - 0x00007ff81ef93000 	C:\WINDOWS\SYSTEM32\DNSAPI.dll

dbghelp: loaded successfully - version: 4.0.5 - missing functions: none
symbol engine: initialized successfully - sym options: 0x614 - pdb path: .;C:\Program Files\Android\Android Studio\jre\bin;C:\WINDOWS\SYSTEM32;C:\WINDOWS\WinSxS\amd64_microsoft.windows.common-controls_6595b64144ccf1df_6.0.22621.1635_none_270f70857386168e;C:\Program Files\Android\Android Studio\jre\bin\server;C:\Users\HP\Desktop\Android Projects\WeatherApp-master\native\e1d6ef7f7dcc3fd88c89a11ec53ec762bb8ba0a96d01ffa2cd45eb1d1d8dd5c5\windows-amd64;C:\Users\HP\Desktop\Android Projects\WeatherApp-master\native\5664cfc778a61ccfe75a443a1ab52a65af34e5dc3c78e0209fed803814484fcb\windows-amd64

VM Arguments:
jvm_args: --add-opens=java.base/java.util=ALL-UNNAMED --add-opens=java.base/java.lang=ALL-UNNAMED --add-opens=java.base/java.lang.invoke=ALL-UNNAMED --add-opens=java.base/java.util=ALL-UNNAMED --add-opens=java.prefs/java.util.prefs=ALL-UNNAMED --add-opens=java.prefs/java.util.prefs=ALL-UNNAMED --add-opens=java.base/java.nio.charset=ALL-UNNAMED --add-opens=java.base/java.net=ALL-UNNAMED --add-opens=java.base/java.util.concurrent.atomic=ALL-UNNAMED -Xmx2048m -Dfile.encoding=UTF-8 -Duser.country=US -Duser.language=en -Duser.variant 
java_command: org.gradle.launcher.daemon.bootstrap.GradleDaemon 7.3.3
java_class_path (initial): C:\Users\HP\Desktop\Android Projects\WeatherApp-master\wrapper\dists\gradle-7.3.3-bin\6a41zxkdtcxs8rphpq6y0069z\gradle-7.3.3\lib\gradle-launcher-7.3.3.jar
Launcher Type: SUN_STANDARD

[Global flags]
     intx CICompilerCount                          = 4                                         {product} {ergonomic}
     uint ConcGCThreads                            = 2                                         {product} {ergonomic}
     uint G1ConcRefinementThreads                  = 8                                         {product} {ergonomic}
   size_t G1HeapRegionSize                         = 1048576                                   {product} {ergonomic}
    uintx GCDrainStackTargetSize                   = 64                                        {product} {ergonomic}
   size_t InitialHeapSize                          = 264241152                                 {product} {ergonomic}
   size_t MarkStackSize                            = 4194304                                   {product} {ergonomic}
   size_t MaxHeapSize                              = 2147483648                                {product} {command line}
   size_t MaxNewSize                               = 1287651328                                {product} {ergonomic}
   size_t MinHeapDeltaBytes                        = 1048576                                   {product} {ergonomic}
    uintx NonNMethodCodeHeapSize                   = 5836300                                {pd product} {ergonomic}
    uintx NonProfiledCodeHeapSize                  = 122910970                              {pd product} {ergonomic}
    uintx ProfiledCodeHeapSize                     = 122910970                              {pd product} {ergonomic}
    uintx ReservedCodeCacheSize                    = 251658240                              {pd product} {ergonomic}
     bool SegmentedCodeCache                       = true                                      {product} {ergonomic}
     bool UseCompressedClassPointers               = true                                 {lp64_product} {ergonomic}
     bool UseCompressedOops                        = true                                 {lp64_product} {ergonomic}
     bool UseG1GC                                  = true                                      {product} {ergonomic}
     bool UseLargePagesIndividualAllocation        = false                                  {pd product} {ergonomic}

Logging:
Log output configuration:
 #0: stdout all=warning uptime,level,tags
 #1: stderr all=off uptime,level,tags

Environment Variables:
PATH=C:\Program Files\Common Files\Oracle\Java\javapath;C:\WINDOWS\system32;C:\WINDOWS;C:\WINDOWS\System32\Wbem;C:\WINDOWS\System32\WindowsPowerShell\v1.0\;C:\WINDOWS\System32\OpenSSH\;C:\Program Files\Git\cmd;C:\Program Files\nodejs\;D:\Program Files\MySQL\MySQL Server 8.0\bin;C:\Program Files\MySQL\MySQL Shell 8.0\bin\;C:\Users\HP\AppData\Local\Programs\Python\Python310\Scripts\;C:\Users\HP\AppData\Local\Programs\Python\Python310\;C:\Users\HP\AppData\Local\Microsoft\WindowsApps;C:\Users\HP\AppData\Local\Programs\Microsoft VS Code\bin;C:\src\flutter\bin;C:\Users\HP\AppData\Roaming\npm;C:\Program Files\JetBrains\IntelliJ IDEA Community Edition 2022.2.3\bin;C:\Users\HP\AppData\Local\JetBrains\Toolbox\scripts;;%USERPROFILE%\AppData\Local\Microsoft\WindowsApps
USERNAME=HP
OS=Windows_NT
PROCESSOR_IDENTIFIER=Intel64 Family 6 Model 140 Stepping 1, GenuineIntel



---------------  S Y S T E M  ---------------

OS: Windows 10 , 64 bit Build 22621 (10.0.22621.1635)
OS uptime: 0 days 11:46 hours

CPU:total 8 (initial active 8) (4 cores per cpu, 2 threads per core) family 6 model 140 stepping 1 microcode 0xa4, cmov, cx8, fxsr, mmx, sse, sse2, sse3, ssse3, sse4.1, sse4.2, popcnt, avx, avx2, aes, clmul, erms, 3dnowpref, lzcnt, ht, tsc, tscinvbit, bmi1, bmi2, adx, evex, sha, fma

Memory: 4k page, system-wide physical 16023M (1799M free)
TotalPageFile size 65175M (AvailPageFile size 2M)
current process WorkingSet (physical memory assigned to process): 261M, peak: 261M
current process commit charge ("private bytes"): 420M, peak: 420M

vm_info: OpenJDK 64-Bit Server VM (11.0.12+7-b1504.28-7817840) for windows-amd64 JRE (11.0.12+7-b1504.28-7817840), built on Oct 13 2021 22:12:33 by "builder" with MS VC++ 14.0 (VS2015)

END.
